#! /usr/local/Cellar/icarus-verilog/11.0/bin/vvp
:ivl_version "11.0 (stable)";
:ivl_delay_selection "TYPICAL";
:vpi_time_precision + 0;
:vpi_module "/usr/local/Cellar/icarus-verilog/11.0/lib/ivl/system.vpi";
:vpi_module "/usr/local/Cellar/icarus-verilog/11.0/lib/ivl/vhdl_sys.vpi";
:vpi_module "/usr/local/Cellar/icarus-verilog/11.0/lib/ivl/vhdl_textio.vpi";
:vpi_module "/usr/local/Cellar/icarus-verilog/11.0/lib/ivl/v2005_math.vpi";
:vpi_module "/usr/local/Cellar/icarus-verilog/11.0/lib/ivl/va_math.vpi";
S_0x7f8bbcf06010 .scope module, "ALU" "ALU" 2 1;
 .timescale 0 0;
    .port_info 0 /INPUT 32 "A";
    .port_info 1 /INPUT 32 "B";
    .port_info 2 /INPUT 4 "opcode";
    .port_info 3 /OUTPUT 32 "Out";
    .port_info 4 /OUTPUT 1 "Z";
    .port_info 5 /OUTPUT 1 "N";
o0x7f8bbdd32008 .functor BUFZ 32, C4<zzzzzzzzzzzzzzzzzzzzzzzzzzzzzzzz>; HiZ drive
v0x7f8bbcf06180_0 .net "A", 31 0, o0x7f8bbdd32008;  0 drivers
o0x7f8bbdd32038 .functor BUFZ 32, C4<zzzzzzzzzzzzzzzzzzzzzzzzzzzzzzzz>; HiZ drive
v0x7f8bbcf16200_0 .net "B", 31 0, o0x7f8bbdd32038;  0 drivers
v0x7f8bbcf162b0_0 .var "N", 0 0;
v0x7f8bbcf16360_0 .var "Out", 31 0;
v0x7f8bbcf16410_0 .var "Z", 0 0;
o0x7f8bbdd320f8 .functor BUFZ 4, C4<zzzz>; HiZ drive
v0x7f8bbcf164f0_0 .net "opcode", 3 0, o0x7f8bbdd320f8;  0 drivers
E_0x7f8bbcf05e90 .event edge, v0x7f8bbcf164f0_0, v0x7f8bbcf06180_0, v0x7f8bbcf16200_0, v0x7f8bbcf16360_0;
    .scope S_0x7f8bbcf06010;
T_0 ;
    %wait E_0x7f8bbcf05e90;
    %load/vec4 v0x7f8bbcf164f0_0;
    %dup/vec4;
    %pushi/vec4 0, 0, 4;
    %cmp/u;
    %jmp/1 T_0.0, 6;
    %dup/vec4;
    %pushi/vec4 1, 0, 4;
    %cmp/u;
    %jmp/1 T_0.1, 6;
    %dup/vec4;
    %pushi/vec4 2, 0, 4;
    %cmp/u;
    %jmp/1 T_0.2, 6;
    %dup/vec4;
    %pushi/vec4 3, 0, 4;
    %cmp/u;
    %jmp/1 T_0.3, 6;
    %dup/vec4;
    %pushi/vec4 4, 0, 4;
    %cmp/u;
    %jmp/1 T_0.4, 6;
    %dup/vec4;
    %pushi/vec4 5, 0, 4;
    %cmp/u;
    %jmp/1 T_0.5, 6;
    %dup/vec4;
    %pushi/vec4 6, 0, 4;
    %cmp/u;
    %jmp/1 T_0.6, 6;
    %dup/vec4;
    %pushi/vec4 7, 0, 4;
    %cmp/u;
    %jmp/1 T_0.7, 6;
    %dup/vec4;
    %pushi/vec4 8, 0, 4;
    %cmp/u;
    %jmp/1 T_0.8, 6;
    %dup/vec4;
    %pushi/vec4 9, 0, 4;
    %cmp/u;
    %jmp/1 T_0.9, 6;
    %dup/vec4;
    %pushi/vec4 10, 0, 4;
    %cmp/u;
    %jmp/1 T_0.10, 6;
    %dup/vec4;
    %pushi/vec4 11, 0, 4;
    %cmp/u;
    %jmp/1 T_0.11, 6;
    %dup/vec4;
    %pushi/vec4 12, 0, 4;
    %cmp/u;
    %jmp/1 T_0.12, 6;
    %pushi/vec4 0, 0, 32;
    %store/vec4 v0x7f8bbcf16360_0, 0, 32;
    %pushi/vec4 0, 0, 1;
    %store/vec4 v0x7f8bbcf16410_0, 0, 1;
    %pushi/vec4 0, 0, 1;
    %store/vec4 v0x7f8bbcf162b0_0, 0, 1;
    %jmp T_0.14;
T_0.0 ;
    %load/vec4 v0x7f8bbcf06180_0;
    %load/vec4 v0x7f8bbcf16200_0;
    %add;
    %store/vec4 v0x7f8bbcf16360_0, 0, 32;
    %load/vec4 v0x7f8bbcf16360_0;
    %pushi/vec4 0, 0, 32;
    %cmp/e;
    %flag_get/vec4 4;
    %store/vec4 v0x7f8bbcf16410_0, 0, 1;
    %load/vec4 v0x7f8bbcf16360_0;
    %parti/s 1, 31, 6;
    %pad/u 32;
    %pushi/vec4 1, 0, 32;
    %cmp/e;
    %flag_get/vec4 4;
    %store/vec4 v0x7f8bbcf162b0_0, 0, 1;
    %jmp T_0.14;
T_0.1 ;
    %load/vec4 v0x7f8bbcf06180_0;
    %load/vec4 v0x7f8bbcf16200_0;
    %sub;
    %store/vec4 v0x7f8bbcf16360_0, 0, 32;
    %load/vec4 v0x7f8bbcf16360_0;
    %pushi/vec4 0, 0, 32;
    %cmp/e;
    %flag_get/vec4 4;
    %store/vec4 v0x7f8bbcf16410_0, 0, 1;
    %load/vec4 v0x7f8bbcf16360_0;
    %parti/s 1, 31, 6;
    %pad/u 32;
    %pushi/vec4 1, 0, 32;
    %cmp/e;
    %flag_get/vec4 4;
    %store/vec4 v0x7f8bbcf162b0_0, 0, 1;
    %jmp T_0.14;
T_0.2 ;
    %load/vec4 v0x7f8bbcf06180_0;
    %load/vec4 v0x7f8bbcf16200_0;
    %and;
    %store/vec4 v0x7f8bbcf16360_0, 0, 32;
    %pushi/vec4 0, 0, 1;
    %store/vec4 v0x7f8bbcf16410_0, 0, 1;
    %pushi/vec4 0, 0, 1;
    %store/vec4 v0x7f8bbcf162b0_0, 0, 1;
    %jmp T_0.14;
T_0.3 ;
    %load/vec4 v0x7f8bbcf06180_0;
    %load/vec4 v0x7f8bbcf16200_0;
    %or;
    %store/vec4 v0x7f8bbcf16360_0, 0, 32;
    %pushi/vec4 0, 0, 1;
    %store/vec4 v0x7f8bbcf16410_0, 0, 1;
    %pushi/vec4 0, 0, 1;
    %store/vec4 v0x7f8bbcf162b0_0, 0, 1;
    %jmp T_0.14;
T_0.4 ;
    %load/vec4 v0x7f8bbcf06180_0;
    %load/vec4 v0x7f8bbcf16200_0;
    %xor;
    %store/vec4 v0x7f8bbcf16360_0, 0, 32;
    %pushi/vec4 0, 0, 1;
    %store/vec4 v0x7f8bbcf16410_0, 0, 1;
    %pushi/vec4 0, 0, 1;
    %store/vec4 v0x7f8bbcf162b0_0, 0, 1;
    %jmp T_0.14;
T_0.5 ;
    %load/vec4 v0x7f8bbcf06180_0;
    %load/vec4 v0x7f8bbcf16200_0;
    %or;
    %inv;
    %store/vec4 v0x7f8bbcf16360_0, 0, 32;
    %pushi/vec4 0, 0, 1;
    %store/vec4 v0x7f8bbcf16410_0, 0, 1;
    %pushi/vec4 0, 0, 1;
    %store/vec4 v0x7f8bbcf162b0_0, 0, 1;
    %jmp T_0.14;
T_0.6 ;
    %load/vec4 v0x7f8bbcf16200_0;
    %ix/getv 4, v0x7f8bbcf06180_0;
    %shiftl 4;
    %store/vec4 v0x7f8bbcf16360_0, 0, 32;
    %pushi/vec4 0, 0, 1;
    %store/vec4 v0x7f8bbcf16410_0, 0, 1;
    %pushi/vec4 0, 0, 1;
    %store/vec4 v0x7f8bbcf162b0_0, 0, 1;
    %jmp T_0.14;
T_0.7 ;
    %load/vec4 v0x7f8bbcf16200_0;
    %ix/getv 4, v0x7f8bbcf06180_0;
    %shiftr 4;
    %store/vec4 v0x7f8bbcf16360_0, 0, 32;
    %pushi/vec4 0, 0, 1;
    %store/vec4 v0x7f8bbcf16410_0, 0, 1;
    %pushi/vec4 0, 0, 1;
    %store/vec4 v0x7f8bbcf162b0_0, 0, 1;
    %jmp T_0.14;
T_0.8 ;
    %load/vec4 v0x7f8bbcf16200_0;
    %ix/getv 4, v0x7f8bbcf06180_0;
    %shiftr/s 4;
    %store/vec4 v0x7f8bbcf16360_0, 0, 32;
    %pushi/vec4 0, 0, 1;
    %store/vec4 v0x7f8bbcf16410_0, 0, 1;
    %pushi/vec4 0, 0, 1;
    %store/vec4 v0x7f8bbcf162b0_0, 0, 1;
    %jmp T_0.14;
T_0.9 ;
    %load/vec4 v0x7f8bbcf06180_0;
    %load/vec4 v0x7f8bbcf16200_0;
    %cmp/u;
    %flag_mov 8, 5;
    %jmp/0 T_0.15, 8;
    %pushi/vec4 1, 0, 32;
    %jmp/1 T_0.16, 8;
T_0.15 ; End of true expr.
    %pushi/vec4 0, 0, 32;
    %jmp/0 T_0.16, 8;
 ; End of false expr.
    %blend;
T_0.16;
    %store/vec4 v0x7f8bbcf16360_0, 0, 32;
    %load/vec4 v0x7f8bbcf16360_0;
    %pushi/vec4 0, 0, 32;
    %cmp/e;
    %flag_get/vec4 4;
    %store/vec4 v0x7f8bbcf16410_0, 0, 1;
    %pushi/vec4 0, 0, 1;
    %store/vec4 v0x7f8bbcf162b0_0, 0, 1;
    %jmp T_0.14;
T_0.10 ;
    %load/vec4 v0x7f8bbcf06180_0;
    %store/vec4 v0x7f8bbcf16360_0, 0, 32;
    %load/vec4 v0x7f8bbcf16360_0;
    %pushi/vec4 0, 0, 32;
    %cmp/e;
    %flag_get/vec4 4;
    %store/vec4 v0x7f8bbcf16410_0, 0, 1;
    %load/vec4 v0x7f8bbcf16360_0;
    %parti/s 1, 31, 6;
    %pad/u 32;
    %pushi/vec4 1, 0, 32;
    %cmp/e;
    %flag_get/vec4 4;
    %store/vec4 v0x7f8bbcf162b0_0, 0, 1;
    %jmp T_0.14;
T_0.11 ;
    %load/vec4 v0x7f8bbcf16200_0;
    %store/vec4 v0x7f8bbcf16360_0, 0, 32;
    %load/vec4 v0x7f8bbcf16360_0;
    %pushi/vec4 0, 0, 32;
    %cmp/e;
    %flag_get/vec4 4;
    %store/vec4 v0x7f8bbcf16410_0, 0, 1;
    %load/vec4 v0x7f8bbcf16360_0;
    %parti/s 1, 31, 6;
    %pad/u 32;
    %pushi/vec4 1, 0, 32;
    %cmp/e;
    %flag_get/vec4 4;
    %store/vec4 v0x7f8bbcf162b0_0, 0, 1;
    %jmp T_0.14;
T_0.12 ;
    %load/vec4 v0x7f8bbcf16200_0;
    %addi 8, 0, 32;
    %store/vec4 v0x7f8bbcf16360_0, 0, 32;
    %load/vec4 v0x7f8bbcf16360_0;
    %pushi/vec4 0, 0, 32;
    %cmp/e;
    %flag_get/vec4 4;
    %store/vec4 v0x7f8bbcf16410_0, 0, 1;
    %load/vec4 v0x7f8bbcf16360_0;
    %parti/s 1, 31, 6;
    %pad/u 32;
    %pushi/vec4 1, 0, 32;
    %cmp/e;
    %flag_get/vec4 4;
    %store/vec4 v0x7f8bbcf162b0_0, 0, 1;
    %jmp T_0.14;
T_0.14 ;
    %pop/vec4 1;
    %jmp T_0;
    .thread T_0, $push;
# The file index is used to find the file name in the following table.
:file_names 3;
    "N/A";
    "<interactive>";
    "alu-v2.v";
