#! /usr/local/Cellar/icarus-verilog/11.0/bin/vvp
:ivl_version "11.0 (stable)";
:ivl_delay_selection "TYPICAL";
:vpi_time_precision + 0;
:vpi_module "/usr/local/Cellar/icarus-verilog/11.0/lib/ivl/system.vpi";
:vpi_module "/usr/local/Cellar/icarus-verilog/11.0/lib/ivl/vhdl_sys.vpi";
:vpi_module "/usr/local/Cellar/icarus-verilog/11.0/lib/ivl/vhdl_textio.vpi";
:vpi_module "/usr/local/Cellar/icarus-verilog/11.0/lib/ivl/v2005_math.vpi";
:vpi_module "/usr/local/Cellar/icarus-verilog/11.0/lib/ivl/va_math.vpi";
S_0x7fbc66104180 .scope module, "Condition_Handler" "Condition_Handler" 2 3;
 .timescale 0 0;
    .port_info 0 /OUTPUT 1 "if_id_reset";
    .port_info 1 /OUTPUT 1 "CH_Out";
    .port_info 2 /INPUT 32 "instruction";
    .port_info 3 /INPUT 1 "Z";
    .port_info 4 /INPUT 1 "N";
P_0x7fbc66808200 .param/l "FUNC_ADD" 1 2 41, C4<100000>;
P_0x7fbc66808240 .param/l "FUNC_ADDU" 1 2 42, C4<100001>;
P_0x7fbc66808280 .param/l "FUNC_AND" 1 2 55, C4<100100>;
P_0x7fbc668082c0 .param/l "FUNC_JALR" 1 2 46, C4<001001>;
P_0x7fbc66808300 .param/l "FUNC_JR" 1 2 45, C4<001000>;
P_0x7fbc66808340 .param/l "FUNC_MFHI" 1 2 47, C4<010000>;
P_0x7fbc66808380 .param/l "FUNC_MFLO" 1 2 48, C4<010010>;
P_0x7fbc668083c0 .param/l "FUNC_MOVN" 1 2 49, C4<001011>;
P_0x7fbc66808400 .param/l "FUNC_MOVZ" 1 2 50, C4<001010>;
P_0x7fbc66808440 .param/l "FUNC_MTHI" 1 2 51, C4<010001>;
P_0x7fbc66808480 .param/l "FUNC_MTLO" 1 2 52, C4<010011>;
P_0x7fbc668084c0 .param/l "FUNC_NOR" 1 2 58, C4<100111>;
P_0x7fbc66808500 .param/l "FUNC_OR" 1 2 56, C4<100101>;
P_0x7fbc66808540 .param/l "FUNC_SLL" 1 2 59, C4<000000>;
P_0x7fbc66808580 .param/l "FUNC_SLLV" 1 2 60, C4<000100>;
P_0x7fbc668085c0 .param/l "FUNC_SLT" 1 2 53, C4<101010>;
P_0x7fbc66808600 .param/l "FUNC_SLTU" 1 2 54, C4<101011>;
P_0x7fbc66808640 .param/l "FUNC_SRA" 1 2 61, C4<000011>;
P_0x7fbc66808680 .param/l "FUNC_SRAV" 1 2 62, C4<000111>;
P_0x7fbc668086c0 .param/l "FUNC_SRL" 1 2 63, C4<000010>;
P_0x7fbc66808700 .param/l "FUNC_SRLV" 1 2 64, C4<000110>;
P_0x7fbc66808740 .param/l "FUNC_SUB" 1 2 43, C4<100010>;
P_0x7fbc66808780 .param/l "FUNC_SUBU" 1 2 44, C4<100011>;
P_0x7fbc668087c0 .param/l "FUNC_XOR" 1 2 57, C4<100110>;
P_0x7fbc66808800 .param/l "OPCODE_ADDI" 1 2 17, C4<001000>;
P_0x7fbc66808840 .param/l "OPCODE_ADDIU" 1 2 18, C4<001001>;
P_0x7fbc66808880 .param/l "OPCODE_ANDI" 1 2 21, C4<001100>;
P_0x7fbc668088c0 .param/l "OPCODE_BEQ" 1 2 33, C4<000100>;
P_0x7fbc66808900 .param/l "OPCODE_BGTZ" 1 2 36, C4<000111>;
P_0x7fbc66808940 .param/l "OPCODE_BLEZ" 1 2 35, C4<000110>;
P_0x7fbc66808980 .param/l "OPCODE_BNE" 1 2 34, C4<000101>;
P_0x7fbc668089c0 .param/l "OPCODE_J" 1 2 15, C4<000010>;
P_0x7fbc66808a00 .param/l "OPCODE_JAL" 1 2 16, C4<000011>;
P_0x7fbc66808a40 .param/l "OPCODE_LB" 1 2 25, C4<100000>;
P_0x7fbc66808a80 .param/l "OPCODE_LBU" 1 2 28, C4<100100>;
P_0x7fbc66808ac0 .param/l "OPCODE_LH" 1 2 26, C4<100001>;
P_0x7fbc66808b00 .param/l "OPCODE_LHU" 1 2 29, C4<100101>;
P_0x7fbc66808b40 .param/l "OPCODE_LUI" 1 2 24, C4<001111>;
P_0x7fbc66808b80 .param/l "OPCODE_LW" 1 2 27, C4<100011>;
P_0x7fbc66808bc0 .param/l "OPCODE_ORI" 1 2 22, C4<001101>;
P_0x7fbc66808c00 .param/l "OPCODE_REGIMM" 1 2 37, C4<000001>;
P_0x7fbc66808c40 .param/l "OPCODE_RTYPE" 1 2 13, C4<000000>;
P_0x7fbc66808c80 .param/l "OPCODE_SB" 1 2 30, C4<101000>;
P_0x7fbc66808cc0 .param/l "OPCODE_SH" 1 2 31, C4<101001>;
P_0x7fbc66808d00 .param/l "OPCODE_SLTI" 1 2 19, C4<001010>;
P_0x7fbc66808d40 .param/l "OPCODE_SLTIU" 1 2 20, C4<001011>;
P_0x7fbc66808d80 .param/l "OPCODE_SPECIAL" 1 2 14, C4<011100>;
P_0x7fbc66808dc0 .param/l "OPCODE_SW" 1 2 32, C4<101011>;
P_0x7fbc66808e00 .param/l "OPCODE_XORI" 1 2 23, C4<001110>;
P_0x7fbc66808e40 .param/l "RT_BAL" 1 2 72, C4<10001>;
P_0x7fbc66808e80 .param/l "RT_BGEZ" 1 2 69, C4<00001>;
P_0x7fbc66808ec0 .param/l "RT_BGEZAL" 1 2 71, C4<10001>;
P_0x7fbc66808f00 .param/l "RT_BLTZ" 1 2 68, C4<00000>;
P_0x7fbc66808f40 .param/l "RT_BLTZAL" 1 2 70, C4<10000>;
v0x7fbc661054c0_0 .var "CH_Out", 0 0;
o0x7fbc66032038 .functor BUFZ 1, C4<z>; HiZ drive
v0x7fbc66115560_0 .net "N", 0 0, o0x7fbc66032038;  0 drivers
o0x7fbc66032068 .functor BUFZ 1, C4<z>; HiZ drive
v0x7fbc66115600_0 .net "Z", 0 0, o0x7fbc66032068;  0 drivers
v0x7fbc661156b0_0 .var "if_id_reset", 0 0;
o0x7fbc660320c8 .functor BUFZ 32, C4<zzzzzzzzzzzzzzzzzzzzzzzzzzzzzzzz>; HiZ drive
v0x7fbc66115750_0 .net "instruction", 31 0, o0x7fbc660320c8;  0 drivers
E_0x7fbc66105490 .event edge, v0x7fbc66115750_0, v0x7fbc66115600_0, v0x7fbc66115560_0;
    .scope S_0x7fbc66104180;
T_0 ;
    %wait E_0x7fbc66105490;
    %load/vec4 v0x7fbc66115750_0;
    %parti/s 6, 26, 6;
    %dup/vec4;
    %pushi/vec4 5, 0, 6;
    %cmp/u;
    %jmp/1 T_0.0, 6;
    %dup/vec4;
    %pushi/vec4 4, 0, 6;
    %cmp/u;
    %jmp/1 T_0.1, 6;
    %dup/vec4;
    %pushi/vec4 7, 0, 6;
    %cmp/u;
    %jmp/1 T_0.2, 6;
    %dup/vec4;
    %pushi/vec4 6, 0, 6;
    %cmp/u;
    %jmp/1 T_0.3, 6;
    %dup/vec4;
    %pushi/vec4 1, 0, 6;
    %cmp/u;
    %jmp/1 T_0.4, 6;
    %jmp T_0.5;
T_0.0 ;
    %load/vec4 v0x7fbc66115600_0;
    %pad/u 32;
    %cmpi/e 0, 0, 32;
    %jmp/0xz  T_0.6, 4;
    %pushi/vec4 1, 0, 1;
    %assign/vec4 v0x7fbc661054c0_0, 0;
    %jmp T_0.7;
T_0.6 ;
    %pushi/vec4 0, 0, 1;
    %assign/vec4 v0x7fbc661054c0_0, 0;
T_0.7 ;
    %jmp T_0.5;
T_0.1 ;
    %load/vec4 v0x7fbc66115600_0;
    %pad/u 32;
    %cmpi/e 1, 0, 32;
    %jmp/0xz  T_0.8, 4;
    %pushi/vec4 1, 0, 1;
    %assign/vec4 v0x7fbc661054c0_0, 0;
    %jmp T_0.9;
T_0.8 ;
    %pushi/vec4 0, 0, 1;
    %assign/vec4 v0x7fbc661054c0_0, 0;
T_0.9 ;
    %jmp T_0.5;
T_0.2 ;
    %load/vec4 v0x7fbc66115750_0;
    %parti/s 5, 16, 6;
    %cmpi/e 0, 0, 5;
    %jmp/0xz  T_0.10, 4;
    %load/vec4 v0x7fbc66115600_0;
    %pad/u 32;
    %pushi/vec4 0, 0, 32;
    %cmp/e;
    %flag_get/vec4 4;
    %load/vec4 v0x7fbc66115560_0;
    %pad/u 32;
    %pushi/vec4 0, 0, 32;
    %cmp/e;
    %flag_get/vec4 4;
    %and;
    %flag_set/vec4 8;
    %jmp/0xz  T_0.12, 8;
    %pushi/vec4 1, 0, 1;
    %assign/vec4 v0x7fbc661054c0_0, 0;
    %jmp T_0.13;
T_0.12 ;
    %pushi/vec4 0, 0, 1;
    %assign/vec4 v0x7fbc661054c0_0, 0;
T_0.13 ;
T_0.10 ;
    %jmp T_0.5;
T_0.3 ;
    %load/vec4 v0x7fbc66115750_0;
    %parti/s 5, 16, 6;
    %cmpi/e 0, 0, 5;
    %jmp/0xz  T_0.14, 4;
    %load/vec4 v0x7fbc66115600_0;
    %pad/u 32;
    %cmpi/e 1, 0, 32;
    %flag_mov 8, 4;
    %load/vec4 v0x7fbc66115560_0;
    %pad/u 32;
    %cmpi/e 1, 0, 32;
    %flag_or 4, 8;
    %jmp/0xz  T_0.16, 4;
    %pushi/vec4 1, 0, 1;
    %assign/vec4 v0x7fbc661054c0_0, 0;
    %jmp T_0.17;
T_0.16 ;
    %pushi/vec4 0, 0, 1;
    %assign/vec4 v0x7fbc661054c0_0, 0;
T_0.17 ;
T_0.14 ;
    %jmp T_0.5;
T_0.4 ;
    %load/vec4 v0x7fbc66115750_0;
    %parti/s 5, 16, 6;
    %dup/vec4;
    %pushi/vec4 17, 0, 5;
    %cmp/u;
    %jmp/1 T_0.18, 6;
    %dup/vec4;
    %pushi/vec4 1, 0, 5;
    %cmp/u;
    %jmp/1 T_0.19, 6;
    %dup/vec4;
    %pushi/vec4 0, 0, 5;
    %cmp/u;
    %jmp/1 T_0.20, 6;
    %dup/vec4;
    %pushi/vec4 16, 0, 5;
    %cmp/u;
    %jmp/1 T_0.21, 6;
    %jmp T_0.22;
T_0.18 ;
    %pushi/vec4 1, 0, 1;
    %assign/vec4 v0x7fbc661054c0_0, 0;
    %jmp T_0.22;
T_0.19 ;
    %load/vec4 v0x7fbc66115600_0;
    %pad/u 32;
    %cmpi/e 1, 0, 32;
    %flag_mov 8, 4;
    %load/vec4 v0x7fbc66115560_0;
    %pad/u 32;
    %cmpi/e 0, 0, 32;
    %flag_or 4, 8;
    %jmp/0xz  T_0.23, 4;
    %pushi/vec4 1, 0, 1;
    %assign/vec4 v0x7fbc661054c0_0, 0;
    %jmp T_0.24;
T_0.23 ;
    %pushi/vec4 0, 0, 1;
    %assign/vec4 v0x7fbc661054c0_0, 0;
T_0.24 ;
    %jmp T_0.22;
T_0.20 ;
    %load/vec4 v0x7fbc66115600_0;
    %pad/u 32;
    %pushi/vec4 0, 0, 32;
    %cmp/e;
    %flag_get/vec4 4;
    %load/vec4 v0x7fbc66115560_0;
    %pad/u 32;
    %pushi/vec4 1, 0, 32;
    %cmp/e;
    %flag_get/vec4 4;
    %and;
    %flag_set/vec4 8;
    %jmp/0xz  T_0.25, 8;
    %pushi/vec4 1, 0, 1;
    %assign/vec4 v0x7fbc661054c0_0, 0;
    %jmp T_0.26;
T_0.25 ;
    %pushi/vec4 0, 0, 1;
    %assign/vec4 v0x7fbc661054c0_0, 0;
T_0.26 ;
    %jmp T_0.22;
T_0.21 ;
    %load/vec4 v0x7fbc66115560_0;
    %pad/u 32;
    %cmpi/e 1, 0, 32;
    %jmp/0xz  T_0.27, 4;
    %pushi/vec4 1, 0, 1;
    %assign/vec4 v0x7fbc661054c0_0, 0;
    %jmp T_0.28;
T_0.27 ;
    %pushi/vec4 0, 0, 1;
    %assign/vec4 v0x7fbc661054c0_0, 0;
T_0.28 ;
    %jmp T_0.22;
T_0.22 ;
    %pop/vec4 1;
    %jmp T_0.5;
T_0.5 ;
    %pop/vec4 1;
    %jmp T_0;
    .thread T_0, $push;
# The file index is used to find the file name in the following table.
:file_names 3;
    "N/A";
    "<interactive>";
    "condition-handler.v";
