#! /usr/local/Cellar/icarus-verilog/11.0/bin/vvp
:ivl_version "11.0 (stable)";
:ivl_delay_selection "TYPICAL";
:vpi_time_precision - 12;
:vpi_module "/usr/local/Cellar/icarus-verilog/11.0/lib/ivl/system.vpi";
:vpi_module "/usr/local/Cellar/icarus-verilog/11.0/lib/ivl/vhdl_sys.vpi";
:vpi_module "/usr/local/Cellar/icarus-verilog/11.0/lib/ivl/vhdl_textio.vpi";
:vpi_module "/usr/local/Cellar/icarus-verilog/11.0/lib/ivl/v2005_math.vpi";
:vpi_module "/usr/local/Cellar/icarus-verilog/11.0/lib/ivl/va_math.vpi";
S_0x7fd628f05d40 .scope module, "ControlUnit" "ControlUnit" 2 20;
 .timescale -9 -12;
    .port_info 0 /INPUT 32 "instruction";
    .port_info 1 /INPUT 1 "reset";
    .port_info 2 /OUTPUT 1 "Cond_Mux";
    .port_info 3 /OUTPUT 1 "Jump";
    .port_info 4 /OUTPUT 1 "Branch";
    .port_info 5 /OUTPUT 1 "JalAdder";
    .port_info 6 /OUTPUT 2 "CMU";
    .port_info 7 /OUTPUT 1 "TaMux";
    .port_info 8 /OUTPUT 1 "WriteDestination";
    .port_info 9 /OUTPUT 2 "S0_S2";
    .port_info 10 /OUTPUT 1 "Base_Addr_MUX";
    .port_info 11 /OUTPUT 1 "RsAddrMux";
    .port_info 12 /OUTPUT 4 "ALUOp";
    .port_info 13 /OUTPUT 1 "Data_Mem_RW";
    .port_info 14 /OUTPUT 1 "Data_Mem_Enable";
    .port_info 15 /OUTPUT 2 "Data_Mem_Size";
    .port_info 16 /OUTPUT 1 "RegDst";
    .port_info 17 /OUTPUT 1 "HiEnable";
    .port_info 18 /OUTPUT 1 "RegFileEnable";
    .port_info 19 /OUTPUT 1 "Jump_Addr_MUX_Enable";
    .port_info 20 /OUTPUT 1 "LoEnable";
    .port_info 21 /OUTPUT 1 "MemtoReg";
    .port_info 22 /OUTPUT 1 "Load";
P_0x7fd629008e00 .param/l "FUNC_ADD" 1 2 76, C4<100000>;
P_0x7fd629008e40 .param/l "FUNC_ADDU" 1 2 77, C4<100001>;
P_0x7fd629008e80 .param/l "FUNC_AND" 1 2 90, C4<100100>;
P_0x7fd629008ec0 .param/l "FUNC_JALR" 1 2 81, C4<001001>;
P_0x7fd629008f00 .param/l "FUNC_JR" 1 2 80, C4<001000>;
P_0x7fd629008f40 .param/l "FUNC_MFHI" 1 2 82, C4<010000>;
P_0x7fd629008f80 .param/l "FUNC_MFLO" 1 2 83, C4<010010>;
P_0x7fd629008fc0 .param/l "FUNC_MOVN" 1 2 84, C4<001011>;
P_0x7fd629009000 .param/l "FUNC_MOVZ" 1 2 85, C4<001010>;
P_0x7fd629009040 .param/l "FUNC_MTHI" 1 2 86, C4<010001>;
P_0x7fd629009080 .param/l "FUNC_MTLO" 1 2 87, C4<010011>;
P_0x7fd6290090c0 .param/l "FUNC_NOR" 1 2 93, C4<100111>;
P_0x7fd629009100 .param/l "FUNC_OR" 1 2 91, C4<100101>;
P_0x7fd629009140 .param/l "FUNC_SLL" 1 2 94, C4<000000>;
P_0x7fd629009180 .param/l "FUNC_SLLV" 1 2 95, C4<000100>;
P_0x7fd6290091c0 .param/l "FUNC_SLT" 1 2 88, C4<101010>;
P_0x7fd629009200 .param/l "FUNC_SLTU" 1 2 89, C4<101011>;
P_0x7fd629009240 .param/l "FUNC_SRA" 1 2 96, C4<000011>;
P_0x7fd629009280 .param/l "FUNC_SRAV" 1 2 97, C4<000111>;
P_0x7fd6290092c0 .param/l "FUNC_SRL" 1 2 98, C4<000010>;
P_0x7fd629009300 .param/l "FUNC_SRLV" 1 2 99, C4<000110>;
P_0x7fd629009340 .param/l "FUNC_SUB" 1 2 78, C4<100010>;
P_0x7fd629009380 .param/l "FUNC_SUBU" 1 2 79, C4<100011>;
P_0x7fd6290093c0 .param/l "FUNC_XOR" 1 2 92, C4<100110>;
P_0x7fd629009400 .param/l "OPCODE_ADDI" 1 2 52, C4<001000>;
P_0x7fd629009440 .param/l "OPCODE_ADDIU" 1 2 53, C4<001001>;
P_0x7fd629009480 .param/l "OPCODE_ANDI" 1 2 56, C4<001100>;
P_0x7fd6290094c0 .param/l "OPCODE_BEQ" 1 2 68, C4<000100>;
P_0x7fd629009500 .param/l "OPCODE_BGTZ" 1 2 71, C4<000111>;
P_0x7fd629009540 .param/l "OPCODE_BLEZ" 1 2 70, C4<000110>;
P_0x7fd629009580 .param/l "OPCODE_BNE" 1 2 69, C4<000101>;
P_0x7fd6290095c0 .param/l "OPCODE_J" 1 2 50, C4<000010>;
P_0x7fd629009600 .param/l "OPCODE_JAL" 1 2 51, C4<000011>;
P_0x7fd629009640 .param/l "OPCODE_LB" 1 2 60, C4<100000>;
P_0x7fd629009680 .param/l "OPCODE_LBU" 1 2 63, C4<100100>;
P_0x7fd6290096c0 .param/l "OPCODE_LH" 1 2 61, C4<100001>;
P_0x7fd629009700 .param/l "OPCODE_LHU" 1 2 64, C4<100101>;
P_0x7fd629009740 .param/l "OPCODE_LUI" 1 2 59, C4<001111>;
P_0x7fd629009780 .param/l "OPCODE_LW" 1 2 62, C4<100011>;
P_0x7fd6290097c0 .param/l "OPCODE_ORI" 1 2 57, C4<001101>;
P_0x7fd629009800 .param/l "OPCODE_REGIMM" 1 2 72, C4<000001>;
P_0x7fd629009840 .param/l "OPCODE_RTYPE" 1 2 48, C4<000000>;
P_0x7fd629009880 .param/l "OPCODE_SB" 1 2 65, C4<101000>;
P_0x7fd6290098c0 .param/l "OPCODE_SH" 1 2 66, C4<101001>;
P_0x7fd629009900 .param/l "OPCODE_SLTI" 1 2 54, C4<001010>;
P_0x7fd629009940 .param/l "OPCODE_SLTIU" 1 2 55, C4<001011>;
P_0x7fd629009980 .param/l "OPCODE_SPECIAL" 1 2 49, C4<011100>;
P_0x7fd6290099c0 .param/l "OPCODE_SW" 1 2 67, C4<101011>;
P_0x7fd629009a00 .param/l "OPCODE_XORI" 1 2 58, C4<001110>;
P_0x7fd629009a40 .param/l "RT_BAL" 1 2 107, C4<10001>;
P_0x7fd629009a80 .param/l "RT_BGEZ" 1 2 104, C4<00001>;
P_0x7fd629009ac0 .param/l "RT_BGEZAL" 1 2 106, C4<10001>;
P_0x7fd629009b00 .param/l "RT_BLTZ" 1 2 103, C4<00000>;
P_0x7fd629009b40 .param/l "RT_BLTZAL" 1 2 105, C4<10000>;
v0x7fd628f07450_0 .var "ALUOp", 3 0;
v0x7fd628f17500_0 .var "Base_Addr_MUX", 0 0;
v0x7fd628f175a0_0 .var "Branch", 0 0;
v0x7fd628f17630_0 .var "CMU", 1 0;
v0x7fd628f176e0_0 .var "Cond_Mux", 0 0;
v0x7fd628f177c0_0 .var "Data_Mem_Enable", 0 0;
v0x7fd628f17860_0 .var "Data_Mem_RW", 0 0;
v0x7fd628f17900_0 .var "Data_Mem_Size", 1 0;
v0x7fd628f179b0_0 .var "HiEnable", 0 0;
v0x7fd628f17ac0_0 .var "JalAdder", 0 0;
v0x7fd628f17b50_0 .var "Jump", 0 0;
v0x7fd628f17bf0_0 .var "Jump_Addr_MUX_Enable", 0 0;
v0x7fd628f17c90_0 .var "LoEnable", 0 0;
v0x7fd628f17d30_0 .var "Load", 0 0;
v0x7fd628f17dd0_0 .var "MemtoReg", 0 0;
v0x7fd628f17e70_0 .var "RegDst", 0 0;
v0x7fd628f17f10_0 .var "RegFileEnable", 0 0;
v0x7fd628f180a0_0 .var "RsAddrMux", 0 0;
v0x7fd628f18130_0 .var "S0_S2", 1 0;
v0x7fd628f181c0_0 .var "TaMux", 0 0;
v0x7fd628f18260_0 .var "WriteDestination", 0 0;
o0x7fd62a2323f8 .functor BUFZ 32, C4<zzzzzzzzzzzzzzzzzzzzzzzzzzzzzzzz>; HiZ drive
v0x7fd628f18300_0 .net "instruction", 31 0, o0x7fd62a2323f8;  0 drivers
o0x7fd62a232428 .functor BUFZ 1, C4<z>; HiZ drive
v0x7fd628f183b0_0 .net "reset", 0 0, o0x7fd62a232428;  0 drivers
E_0x7fd628f07420 .event edge, v0x7fd628f183b0_0, v0x7fd628f18300_0;
S_0x7fd628f07250 .scope module, "ControlUnitMUX" "ControlUnitMUX" 2 3;
 .timescale -9 -12;
    .port_info 0 /INPUT 1 "select";
    .port_info 1 /INPUT 9 "control_signals_in";
    .port_info 2 /OUTPUT 9 "control_signals_out";
o0x7fd62a2328a8 .functor BUFZ 9, C4<zzzzzzzzz>; HiZ drive
v0x7fd628f18680_0 .net "control_signals_in", 8 0, o0x7fd62a2328a8;  0 drivers
v0x7fd628f18710_0 .var "control_signals_out", 8 0;
o0x7fd62a232908 .functor BUFZ 1, C4<z>; HiZ drive
v0x7fd628f06f60_0 .net "select", 0 0, o0x7fd62a232908;  0 drivers
E_0x7fd628f17a40 .event edge, v0x7fd628f06f60_0, v0x7fd628f18680_0;
    .scope S_0x7fd628f05d40;
T_0 ;
    %wait E_0x7fd628f07420;
    %pushi/vec4 0, 0, 4;
    %store/vec4 v0x7fd628f07450_0, 0, 4;
    %pushi/vec4 0, 0, 1;
    %store/vec4 v0x7fd628f17d30_0, 0, 1;
    %pushi/vec4 0, 0, 1;
    %store/vec4 v0x7fd628f17f10_0, 0, 1;
    %pushi/vec4 0, 0, 1;
    %store/vec4 v0x7fd628f179b0_0, 0, 1;
    %pushi/vec4 0, 0, 1;
    %store/vec4 v0x7fd628f17c90_0, 0, 1;
    %pushi/vec4 0, 0, 1;
    %store/vec4 v0x7fd628f17ac0_0, 0, 1;
    %pushi/vec4 0, 0, 1;
    %store/vec4 v0x7fd628f181c0_0, 0, 1;
    %pushi/vec4 0, 0, 1;
    %store/vec4 v0x7fd628f180a0_0, 0, 1;
    %pushi/vec4 0, 0, 1;
    %store/vec4 v0x7fd628f18260_0, 0, 1;
    %pushi/vec4 0, 0, 1;
    %store/vec4 v0x7fd628f17e70_0, 0, 1;
    %load/vec4 v0x7fd628f183b0_0;
    %nor/r;
    %flag_set/vec4 8;
    %jmp/0xz  T_0.0, 8;
    %load/vec4 v0x7fd628f18300_0;
    %parti/s 6, 26, 6;
    %dup/vec4;
    %pushi/vec4 0, 0, 6;
    %cmp/u;
    %jmp/1 T_0.2, 6;
    %dup/vec4;
    %pushi/vec4 28, 0, 6;
    %cmp/u;
    %jmp/1 T_0.3, 6;
    %dup/vec4;
    %pushi/vec4 2, 0, 6;
    %cmp/u;
    %jmp/1 T_0.4, 6;
    %dup/vec4;
    %pushi/vec4 3, 0, 6;
    %cmp/u;
    %jmp/1 T_0.5, 6;
    %dup/vec4;
    %pushi/vec4 8, 0, 6;
    %cmp/u;
    %jmp/1 T_0.6, 6;
    %dup/vec4;
    %pushi/vec4 9, 0, 6;
    %cmp/u;
    %jmp/1 T_0.7, 6;
    %dup/vec4;
    %pushi/vec4 10, 0, 6;
    %cmp/u;
    %jmp/1 T_0.8, 6;
    %dup/vec4;
    %pushi/vec4 11, 0, 6;
    %cmp/u;
    %jmp/1 T_0.9, 6;
    %dup/vec4;
    %pushi/vec4 12, 0, 6;
    %cmp/u;
    %jmp/1 T_0.10, 6;
    %dup/vec4;
    %pushi/vec4 13, 0, 6;
    %cmp/u;
    %jmp/1 T_0.11, 6;
    %dup/vec4;
    %pushi/vec4 14, 0, 6;
    %cmp/u;
    %jmp/1 T_0.12, 6;
    %dup/vec4;
    %pushi/vec4 15, 0, 6;
    %cmp/u;
    %jmp/1 T_0.13, 6;
    %dup/vec4;
    %pushi/vec4 32, 0, 6;
    %cmp/u;
    %jmp/1 T_0.14, 6;
    %dup/vec4;
    %pushi/vec4 33, 0, 6;
    %cmp/u;
    %jmp/1 T_0.15, 6;
    %dup/vec4;
    %pushi/vec4 35, 0, 6;
    %cmp/u;
    %jmp/1 T_0.16, 6;
    %dup/vec4;
    %pushi/vec4 36, 0, 6;
    %cmp/u;
    %jmp/1 T_0.17, 6;
    %dup/vec4;
    %pushi/vec4 37, 0, 6;
    %cmp/u;
    %jmp/1 T_0.18, 6;
    %dup/vec4;
    %pushi/vec4 40, 0, 6;
    %cmp/u;
    %jmp/1 T_0.19, 6;
    %dup/vec4;
    %pushi/vec4 41, 0, 6;
    %cmp/u;
    %jmp/1 T_0.20, 6;
    %dup/vec4;
    %pushi/vec4 43, 0, 6;
    %cmp/u;
    %jmp/1 T_0.21, 6;
    %dup/vec4;
    %pushi/vec4 4, 0, 6;
    %cmp/u;
    %jmp/1 T_0.22, 6;
    %dup/vec4;
    %pushi/vec4 5, 0, 6;
    %cmp/u;
    %jmp/1 T_0.23, 6;
    %dup/vec4;
    %pushi/vec4 6, 0, 6;
    %cmp/u;
    %jmp/1 T_0.24, 6;
    %dup/vec4;
    %pushi/vec4 7, 0, 6;
    %cmp/u;
    %jmp/1 T_0.25, 6;
    %dup/vec4;
    %pushi/vec4 1, 0, 6;
    %cmp/u;
    %jmp/1 T_0.26, 6;
    %jmp T_0.28;
T_0.2 ;
    %load/vec4 v0x7fd628f18300_0;
    %parti/s 6, 0, 2;
    %dup/vec4;
    %pushi/vec4 32, 0, 6;
    %cmp/u;
    %jmp/1 T_0.29, 6;
    %dup/vec4;
    %pushi/vec4 33, 0, 6;
    %cmp/u;
    %jmp/1 T_0.30, 6;
    %dup/vec4;
    %pushi/vec4 34, 0, 6;
    %cmp/u;
    %jmp/1 T_0.31, 6;
    %dup/vec4;
    %pushi/vec4 35, 0, 6;
    %cmp/u;
    %jmp/1 T_0.32, 6;
    %dup/vec4;
    %pushi/vec4 42, 0, 6;
    %cmp/u;
    %jmp/1 T_0.33, 6;
    %dup/vec4;
    %pushi/vec4 43, 0, 6;
    %cmp/u;
    %jmp/1 T_0.34, 6;
    %dup/vec4;
    %pushi/vec4 36, 0, 6;
    %cmp/u;
    %jmp/1 T_0.35, 6;
    %dup/vec4;
    %pushi/vec4 37, 0, 6;
    %cmp/u;
    %jmp/1 T_0.36, 6;
    %dup/vec4;
    %pushi/vec4 38, 0, 6;
    %cmp/u;
    %jmp/1 T_0.37, 6;
    %dup/vec4;
    %pushi/vec4 39, 0, 6;
    %cmp/u;
    %jmp/1 T_0.38, 6;
    %dup/vec4;
    %pushi/vec4 0, 0, 6;
    %cmp/u;
    %jmp/1 T_0.39, 6;
    %dup/vec4;
    %pushi/vec4 4, 0, 6;
    %cmp/u;
    %jmp/1 T_0.40, 6;
    %dup/vec4;
    %pushi/vec4 3, 0, 6;
    %cmp/u;
    %jmp/1 T_0.41, 6;
    %dup/vec4;
    %pushi/vec4 7, 0, 6;
    %cmp/u;
    %jmp/1 T_0.42, 6;
    %dup/vec4;
    %pushi/vec4 2, 0, 6;
    %cmp/u;
    %jmp/1 T_0.43, 6;
    %dup/vec4;
    %pushi/vec4 6, 0, 6;
    %cmp/u;
    %jmp/1 T_0.44, 6;
    %dup/vec4;
    %pushi/vec4 8, 0, 6;
    %cmp/u;
    %jmp/1 T_0.45, 6;
    %dup/vec4;
    %pushi/vec4 9, 0, 6;
    %cmp/u;
    %jmp/1 T_0.46, 6;
    %dup/vec4;
    %pushi/vec4 16, 0, 6;
    %cmp/u;
    %jmp/1 T_0.47, 6;
    %dup/vec4;
    %pushi/vec4 18, 0, 6;
    %cmp/u;
    %jmp/1 T_0.48, 6;
    %dup/vec4;
    %pushi/vec4 17, 0, 6;
    %cmp/u;
    %jmp/1 T_0.49, 6;
    %dup/vec4;
    %pushi/vec4 19, 0, 6;
    %cmp/u;
    %jmp/1 T_0.50, 6;
    %jmp T_0.51;
T_0.29 ;
    %pushi/vec4 1, 0, 4;
    %store/vec4 v0x7fd628f07450_0, 0, 4;
    %pushi/vec4 1, 0, 1;
    %store/vec4 v0x7fd628f17f10_0, 0, 1;
    %pushi/vec4 0, 0, 1;
    %store/vec4 v0x7fd628f18260_0, 0, 1;
    %jmp T_0.51;
T_0.30 ;
    %pushi/vec4 1, 0, 4;
    %store/vec4 v0x7fd628f07450_0, 0, 4;
    %pushi/vec4 1, 0, 1;
    %store/vec4 v0x7fd628f17f10_0, 0, 1;
    %pushi/vec4 0, 0, 1;
    %store/vec4 v0x7fd628f18260_0, 0, 1;
    %jmp T_0.51;
T_0.31 ;
    %pushi/vec4 1, 0, 4;
    %store/vec4 v0x7fd628f07450_0, 0, 4;
    %pushi/vec4 1, 0, 1;
    %store/vec4 v0x7fd628f17f10_0, 0, 1;
    %pushi/vec4 0, 0, 1;
    %store/vec4 v0x7fd628f18260_0, 0, 1;
    %jmp T_0.51;
T_0.32 ;
    %pushi/vec4 1, 0, 4;
    %store/vec4 v0x7fd628f07450_0, 0, 4;
    %pushi/vec4 1, 0, 1;
    %store/vec4 v0x7fd628f17f10_0, 0, 1;
    %pushi/vec4 0, 0, 1;
    %store/vec4 v0x7fd628f18260_0, 0, 1;
    %jmp T_0.51;
T_0.33 ;
    %pushi/vec4 1, 0, 4;
    %store/vec4 v0x7fd628f07450_0, 0, 4;
    %pushi/vec4 1, 0, 1;
    %store/vec4 v0x7fd628f17f10_0, 0, 1;
    %pushi/vec4 0, 0, 1;
    %store/vec4 v0x7fd628f18260_0, 0, 1;
    %jmp T_0.51;
T_0.34 ;
    %pushi/vec4 1, 0, 4;
    %store/vec4 v0x7fd628f07450_0, 0, 4;
    %pushi/vec4 1, 0, 1;
    %store/vec4 v0x7fd628f17f10_0, 0, 1;
    %pushi/vec4 0, 0, 1;
    %store/vec4 v0x7fd628f18260_0, 0, 1;
    %jmp T_0.51;
T_0.35 ;
    %pushi/vec4 1, 0, 4;
    %store/vec4 v0x7fd628f07450_0, 0, 4;
    %pushi/vec4 1, 0, 1;
    %store/vec4 v0x7fd628f17f10_0, 0, 1;
    %pushi/vec4 0, 0, 1;
    %store/vec4 v0x7fd628f18260_0, 0, 1;
    %jmp T_0.51;
T_0.36 ;
    %pushi/vec4 1, 0, 4;
    %store/vec4 v0x7fd628f07450_0, 0, 4;
    %pushi/vec4 1, 0, 1;
    %store/vec4 v0x7fd628f17f10_0, 0, 1;
    %pushi/vec4 0, 0, 1;
    %store/vec4 v0x7fd628f18260_0, 0, 1;
    %jmp T_0.51;
T_0.37 ;
    %pushi/vec4 1, 0, 4;
    %store/vec4 v0x7fd628f07450_0, 0, 4;
    %pushi/vec4 1, 0, 1;
    %store/vec4 v0x7fd628f17f10_0, 0, 1;
    %pushi/vec4 0, 0, 1;
    %store/vec4 v0x7fd628f18260_0, 0, 1;
    %jmp T_0.51;
T_0.38 ;
    %pushi/vec4 1, 0, 4;
    %store/vec4 v0x7fd628f07450_0, 0, 4;
    %pushi/vec4 1, 0, 1;
    %store/vec4 v0x7fd628f17f10_0, 0, 1;
    %pushi/vec4 0, 0, 1;
    %store/vec4 v0x7fd628f18260_0, 0, 1;
    %jmp T_0.51;
T_0.39 ;
    %pushi/vec4 1, 0, 4;
    %store/vec4 v0x7fd628f07450_0, 0, 4;
    %pushi/vec4 1, 0, 1;
    %store/vec4 v0x7fd628f17f10_0, 0, 1;
    %pushi/vec4 0, 0, 1;
    %store/vec4 v0x7fd628f18260_0, 0, 1;
    %jmp T_0.51;
T_0.40 ;
    %pushi/vec4 1, 0, 4;
    %store/vec4 v0x7fd628f07450_0, 0, 4;
    %pushi/vec4 1, 0, 1;
    %store/vec4 v0x7fd628f17f10_0, 0, 1;
    %pushi/vec4 0, 0, 1;
    %store/vec4 v0x7fd628f18260_0, 0, 1;
    %jmp T_0.51;
T_0.41 ;
    %pushi/vec4 1, 0, 4;
    %store/vec4 v0x7fd628f07450_0, 0, 4;
    %pushi/vec4 1, 0, 1;
    %store/vec4 v0x7fd628f17f10_0, 0, 1;
    %pushi/vec4 0, 0, 1;
    %store/vec4 v0x7fd628f18260_0, 0, 1;
    %jmp T_0.51;
T_0.42 ;
    %pushi/vec4 1, 0, 4;
    %store/vec4 v0x7fd628f07450_0, 0, 4;
    %pushi/vec4 1, 0, 1;
    %store/vec4 v0x7fd628f17f10_0, 0, 1;
    %pushi/vec4 0, 0, 1;
    %store/vec4 v0x7fd628f18260_0, 0, 1;
    %jmp T_0.51;
T_0.43 ;
    %pushi/vec4 1, 0, 4;
    %store/vec4 v0x7fd628f07450_0, 0, 4;
    %pushi/vec4 1, 0, 1;
    %store/vec4 v0x7fd628f17f10_0, 0, 1;
    %pushi/vec4 0, 0, 1;
    %store/vec4 v0x7fd628f18260_0, 0, 1;
    %jmp T_0.51;
T_0.44 ;
    %pushi/vec4 1, 0, 4;
    %store/vec4 v0x7fd628f07450_0, 0, 4;
    %pushi/vec4 1, 0, 1;
    %store/vec4 v0x7fd628f17f10_0, 0, 1;
    %pushi/vec4 0, 0, 1;
    %store/vec4 v0x7fd628f18260_0, 0, 1;
    %jmp T_0.51;
T_0.45 ;
    %pushi/vec4 1, 0, 1;
    %store/vec4 v0x7fd628f180a0_0, 0, 1;
    %pushi/vec4 1, 0, 1;
    %store/vec4 v0x7fd628f17f10_0, 0, 1;
    %load/vec4 v0x7fd628f18300_0;
    %parti/s 6, 0, 2;
    %cmpi/e 9, 0, 6;
    %jmp/0xz  T_0.52, 4;
    %pushi/vec4 1, 0, 1;
    %store/vec4 v0x7fd628f17f10_0, 0, 1;
    %pushi/vec4 1, 0, 1;
    %store/vec4 v0x7fd628f180a0_0, 0, 1;
    %pushi/vec4 0, 0, 1;
    %store/vec4 v0x7fd628f18260_0, 0, 1;
    %pushi/vec4 0, 0, 1;
    %store/vec4 v0x7fd628f17ac0_0, 0, 1;
T_0.52 ;
    %jmp T_0.51;
T_0.46 ;
    %pushi/vec4 1, 0, 1;
    %store/vec4 v0x7fd628f180a0_0, 0, 1;
    %pushi/vec4 1, 0, 1;
    %store/vec4 v0x7fd628f17f10_0, 0, 1;
    %load/vec4 v0x7fd628f18300_0;
    %parti/s 6, 0, 2;
    %cmpi/e 9, 0, 6;
    %jmp/0xz  T_0.54, 4;
    %pushi/vec4 1, 0, 1;
    %store/vec4 v0x7fd628f17f10_0, 0, 1;
    %pushi/vec4 1, 0, 1;
    %store/vec4 v0x7fd628f180a0_0, 0, 1;
    %pushi/vec4 0, 0, 1;
    %store/vec4 v0x7fd628f18260_0, 0, 1;
    %pushi/vec4 0, 0, 1;
    %store/vec4 v0x7fd628f17ac0_0, 0, 1;
T_0.54 ;
    %jmp T_0.51;
T_0.47 ;
    %pushi/vec4 1, 0, 1;
    %store/vec4 v0x7fd628f17f10_0, 0, 1;
    %pushi/vec4 1, 0, 1;
    %store/vec4 v0x7fd628f179b0_0, 0, 1;
    %jmp T_0.51;
T_0.48 ;
    %pushi/vec4 1, 0, 1;
    %store/vec4 v0x7fd628f17f10_0, 0, 1;
    %pushi/vec4 1, 0, 1;
    %store/vec4 v0x7fd628f17c90_0, 0, 1;
    %jmp T_0.51;
T_0.49 ;
    %pushi/vec4 1, 0, 1;
    %store/vec4 v0x7fd628f179b0_0, 0, 1;
    %jmp T_0.51;
T_0.50 ;
    %pushi/vec4 1, 0, 1;
    %store/vec4 v0x7fd628f17c90_0, 0, 1;
    %jmp T_0.51;
T_0.51 ;
    %pop/vec4 1;
    %jmp T_0.28;
T_0.3 ;
    %load/vec4 v0x7fd628f18300_0;
    %parti/s 6, 0, 2;
    %dup/vec4;
    %pushi/vec4 32, 0, 6;
    %cmp/u;
    %jmp/1 T_0.56, 6;
    %dup/vec4;
    %pushi/vec4 33, 0, 6;
    %cmp/u;
    %jmp/1 T_0.57, 6;
    %dup/vec4;
    %pushi/vec4 34, 0, 6;
    %cmp/u;
    %jmp/1 T_0.58, 6;
    %dup/vec4;
    %pushi/vec4 35, 0, 6;
    %cmp/u;
    %jmp/1 T_0.59, 6;
    %dup/vec4;
    %pushi/vec4 42, 0, 6;
    %cmp/u;
    %jmp/1 T_0.60, 6;
    %dup/vec4;
    %pushi/vec4 43, 0, 6;
    %cmp/u;
    %jmp/1 T_0.61, 6;
    %dup/vec4;
    %pushi/vec4 36, 0, 6;
    %cmp/u;
    %jmp/1 T_0.62, 6;
    %dup/vec4;
    %pushi/vec4 37, 0, 6;
    %cmp/u;
    %jmp/1 T_0.63, 6;
    %dup/vec4;
    %pushi/vec4 38, 0, 6;
    %cmp/u;
    %jmp/1 T_0.64, 6;
    %dup/vec4;
    %pushi/vec4 39, 0, 6;
    %cmp/u;
    %jmp/1 T_0.65, 6;
    %dup/vec4;
    %pushi/vec4 0, 0, 6;
    %cmp/u;
    %jmp/1 T_0.66, 6;
    %dup/vec4;
    %pushi/vec4 4, 0, 6;
    %cmp/u;
    %jmp/1 T_0.67, 6;
    %dup/vec4;
    %pushi/vec4 3, 0, 6;
    %cmp/u;
    %jmp/1 T_0.68, 6;
    %dup/vec4;
    %pushi/vec4 7, 0, 6;
    %cmp/u;
    %jmp/1 T_0.69, 6;
    %dup/vec4;
    %pushi/vec4 2, 0, 6;
    %cmp/u;
    %jmp/1 T_0.70, 6;
    %dup/vec4;
    %pushi/vec4 6, 0, 6;
    %cmp/u;
    %jmp/1 T_0.71, 6;
    %dup/vec4;
    %pushi/vec4 8, 0, 6;
    %cmp/u;
    %jmp/1 T_0.72, 6;
    %dup/vec4;
    %pushi/vec4 9, 0, 6;
    %cmp/u;
    %jmp/1 T_0.73, 6;
    %dup/vec4;
    %pushi/vec4 16, 0, 6;
    %cmp/u;
    %jmp/1 T_0.74, 6;
    %dup/vec4;
    %pushi/vec4 18, 0, 6;
    %cmp/u;
    %jmp/1 T_0.75, 6;
    %dup/vec4;
    %pushi/vec4 17, 0, 6;
    %cmp/u;
    %jmp/1 T_0.76, 6;
    %dup/vec4;
    %pushi/vec4 19, 0, 6;
    %cmp/u;
    %jmp/1 T_0.77, 6;
    %jmp T_0.78;
T_0.56 ;
    %pushi/vec4 1, 0, 4;
    %store/vec4 v0x7fd628f07450_0, 0, 4;
    %pushi/vec4 1, 0, 1;
    %store/vec4 v0x7fd628f17f10_0, 0, 1;
    %pushi/vec4 0, 0, 1;
    %store/vec4 v0x7fd628f18260_0, 0, 1;
    %jmp T_0.78;
T_0.57 ;
    %pushi/vec4 1, 0, 4;
    %store/vec4 v0x7fd628f07450_0, 0, 4;
    %pushi/vec4 1, 0, 1;
    %store/vec4 v0x7fd628f17f10_0, 0, 1;
    %pushi/vec4 0, 0, 1;
    %store/vec4 v0x7fd628f18260_0, 0, 1;
    %jmp T_0.78;
T_0.58 ;
    %pushi/vec4 1, 0, 4;
    %store/vec4 v0x7fd628f07450_0, 0, 4;
    %pushi/vec4 1, 0, 1;
    %store/vec4 v0x7fd628f17f10_0, 0, 1;
    %pushi/vec4 0, 0, 1;
    %store/vec4 v0x7fd628f18260_0, 0, 1;
    %jmp T_0.78;
T_0.59 ;
    %pushi/vec4 1, 0, 4;
    %store/vec4 v0x7fd628f07450_0, 0, 4;
    %pushi/vec4 1, 0, 1;
    %store/vec4 v0x7fd628f17f10_0, 0, 1;
    %pushi/vec4 0, 0, 1;
    %store/vec4 v0x7fd628f18260_0, 0, 1;
    %jmp T_0.78;
T_0.60 ;
    %pushi/vec4 1, 0, 4;
    %store/vec4 v0x7fd628f07450_0, 0, 4;
    %pushi/vec4 1, 0, 1;
    %store/vec4 v0x7fd628f17f10_0, 0, 1;
    %pushi/vec4 0, 0, 1;
    %store/vec4 v0x7fd628f18260_0, 0, 1;
    %jmp T_0.78;
T_0.61 ;
    %pushi/vec4 1, 0, 4;
    %store/vec4 v0x7fd628f07450_0, 0, 4;
    %pushi/vec4 1, 0, 1;
    %store/vec4 v0x7fd628f17f10_0, 0, 1;
    %pushi/vec4 0, 0, 1;
    %store/vec4 v0x7fd628f18260_0, 0, 1;
    %jmp T_0.78;
T_0.62 ;
    %pushi/vec4 1, 0, 4;
    %store/vec4 v0x7fd628f07450_0, 0, 4;
    %pushi/vec4 1, 0, 1;
    %store/vec4 v0x7fd628f17f10_0, 0, 1;
    %pushi/vec4 0, 0, 1;
    %store/vec4 v0x7fd628f18260_0, 0, 1;
    %jmp T_0.78;
T_0.63 ;
    %pushi/vec4 1, 0, 4;
    %store/vec4 v0x7fd628f07450_0, 0, 4;
    %pushi/vec4 1, 0, 1;
    %store/vec4 v0x7fd628f17f10_0, 0, 1;
    %pushi/vec4 0, 0, 1;
    %store/vec4 v0x7fd628f18260_0, 0, 1;
    %jmp T_0.78;
T_0.64 ;
    %pushi/vec4 1, 0, 4;
    %store/vec4 v0x7fd628f07450_0, 0, 4;
    %pushi/vec4 1, 0, 1;
    %store/vec4 v0x7fd628f17f10_0, 0, 1;
    %pushi/vec4 0, 0, 1;
    %store/vec4 v0x7fd628f18260_0, 0, 1;
    %jmp T_0.78;
T_0.65 ;
    %pushi/vec4 1, 0, 4;
    %store/vec4 v0x7fd628f07450_0, 0, 4;
    %pushi/vec4 1, 0, 1;
    %store/vec4 v0x7fd628f17f10_0, 0, 1;
    %pushi/vec4 0, 0, 1;
    %store/vec4 v0x7fd628f18260_0, 0, 1;
    %jmp T_0.78;
T_0.66 ;
    %pushi/vec4 1, 0, 4;
    %store/vec4 v0x7fd628f07450_0, 0, 4;
    %pushi/vec4 1, 0, 1;
    %store/vec4 v0x7fd628f17f10_0, 0, 1;
    %pushi/vec4 0, 0, 1;
    %store/vec4 v0x7fd628f18260_0, 0, 1;
    %jmp T_0.78;
T_0.67 ;
    %pushi/vec4 1, 0, 4;
    %store/vec4 v0x7fd628f07450_0, 0, 4;
    %pushi/vec4 1, 0, 1;
    %store/vec4 v0x7fd628f17f10_0, 0, 1;
    %pushi/vec4 0, 0, 1;
    %store/vec4 v0x7fd628f18260_0, 0, 1;
    %jmp T_0.78;
T_0.68 ;
    %pushi/vec4 1, 0, 4;
    %store/vec4 v0x7fd628f07450_0, 0, 4;
    %pushi/vec4 1, 0, 1;
    %store/vec4 v0x7fd628f17f10_0, 0, 1;
    %pushi/vec4 0, 0, 1;
    %store/vec4 v0x7fd628f18260_0, 0, 1;
    %jmp T_0.78;
T_0.69 ;
    %pushi/vec4 1, 0, 4;
    %store/vec4 v0x7fd628f07450_0, 0, 4;
    %pushi/vec4 1, 0, 1;
    %store/vec4 v0x7fd628f17f10_0, 0, 1;
    %pushi/vec4 0, 0, 1;
    %store/vec4 v0x7fd628f18260_0, 0, 1;
    %jmp T_0.78;
T_0.70 ;
    %pushi/vec4 1, 0, 4;
    %store/vec4 v0x7fd628f07450_0, 0, 4;
    %pushi/vec4 1, 0, 1;
    %store/vec4 v0x7fd628f17f10_0, 0, 1;
    %pushi/vec4 0, 0, 1;
    %store/vec4 v0x7fd628f18260_0, 0, 1;
    %jmp T_0.78;
T_0.71 ;
    %pushi/vec4 1, 0, 4;
    %store/vec4 v0x7fd628f07450_0, 0, 4;
    %pushi/vec4 1, 0, 1;
    %store/vec4 v0x7fd628f17f10_0, 0, 1;
    %pushi/vec4 0, 0, 1;
    %store/vec4 v0x7fd628f18260_0, 0, 1;
    %jmp T_0.78;
T_0.72 ;
    %pushi/vec4 1, 0, 1;
    %store/vec4 v0x7fd628f180a0_0, 0, 1;
    %pushi/vec4 1, 0, 1;
    %store/vec4 v0x7fd628f17f10_0, 0, 1;
    %load/vec4 v0x7fd628f18300_0;
    %parti/s 6, 0, 2;
    %cmpi/e 9, 0, 6;
    %jmp/0xz  T_0.79, 4;
    %pushi/vec4 1, 0, 1;
    %store/vec4 v0x7fd628f17f10_0, 0, 1;
    %pushi/vec4 1, 0, 1;
    %store/vec4 v0x7fd628f180a0_0, 0, 1;
    %pushi/vec4 0, 0, 1;
    %store/vec4 v0x7fd628f18260_0, 0, 1;
    %pushi/vec4 0, 0, 1;
    %store/vec4 v0x7fd628f17ac0_0, 0, 1;
T_0.79 ;
    %jmp T_0.78;
T_0.73 ;
    %pushi/vec4 1, 0, 1;
    %store/vec4 v0x7fd628f180a0_0, 0, 1;
    %pushi/vec4 1, 0, 1;
    %store/vec4 v0x7fd628f17f10_0, 0, 1;
    %load/vec4 v0x7fd628f18300_0;
    %parti/s 6, 0, 2;
    %cmpi/e 9, 0, 6;
    %jmp/0xz  T_0.81, 4;
    %pushi/vec4 1, 0, 1;
    %store/vec4 v0x7fd628f17f10_0, 0, 1;
    %pushi/vec4 1, 0, 1;
    %store/vec4 v0x7fd628f180a0_0, 0, 1;
    %pushi/vec4 0, 0, 1;
    %store/vec4 v0x7fd628f18260_0, 0, 1;
    %pushi/vec4 0, 0, 1;
    %store/vec4 v0x7fd628f17ac0_0, 0, 1;
T_0.81 ;
    %jmp T_0.78;
T_0.74 ;
    %pushi/vec4 1, 0, 1;
    %store/vec4 v0x7fd628f17f10_0, 0, 1;
    %pushi/vec4 1, 0, 1;
    %store/vec4 v0x7fd628f179b0_0, 0, 1;
    %jmp T_0.78;
T_0.75 ;
    %pushi/vec4 1, 0, 1;
    %store/vec4 v0x7fd628f17f10_0, 0, 1;
    %pushi/vec4 1, 0, 1;
    %store/vec4 v0x7fd628f17c90_0, 0, 1;
    %jmp T_0.78;
T_0.76 ;
    %pushi/vec4 1, 0, 1;
    %store/vec4 v0x7fd628f179b0_0, 0, 1;
    %jmp T_0.78;
T_0.77 ;
    %pushi/vec4 1, 0, 1;
    %store/vec4 v0x7fd628f17c90_0, 0, 1;
    %jmp T_0.78;
T_0.78 ;
    %pop/vec4 1;
    %jmp T_0.28;
T_0.4 ;
    %jmp T_0.28;
T_0.5 ;
    %pushi/vec4 1, 0, 1;
    %store/vec4 v0x7fd628f17f10_0, 0, 1;
    %pushi/vec4 1, 0, 1;
    %store/vec4 v0x7fd628f17ac0_0, 0, 1;
    %pushi/vec4 1, 0, 1;
    %store/vec4 v0x7fd628f17e70_0, 0, 1;
    %jmp T_0.28;
T_0.6 ;
    %pushi/vec4 1, 0, 4;
    %store/vec4 v0x7fd628f07450_0, 0, 4;
    %pushi/vec4 1, 0, 1;
    %store/vec4 v0x7fd628f17f10_0, 0, 1;
    %pushi/vec4 1, 0, 1;
    %store/vec4 v0x7fd628f18260_0, 0, 1;
    %jmp T_0.28;
T_0.7 ;
    %pushi/vec4 1, 0, 4;
    %store/vec4 v0x7fd628f07450_0, 0, 4;
    %pushi/vec4 1, 0, 1;
    %store/vec4 v0x7fd628f17f10_0, 0, 1;
    %pushi/vec4 1, 0, 1;
    %store/vec4 v0x7fd628f18260_0, 0, 1;
    %jmp T_0.28;
T_0.8 ;
    %pushi/vec4 1, 0, 4;
    %store/vec4 v0x7fd628f07450_0, 0, 4;
    %pushi/vec4 1, 0, 1;
    %store/vec4 v0x7fd628f17f10_0, 0, 1;
    %pushi/vec4 1, 0, 1;
    %store/vec4 v0x7fd628f18260_0, 0, 1;
    %jmp T_0.28;
T_0.9 ;
    %pushi/vec4 1, 0, 4;
    %store/vec4 v0x7fd628f07450_0, 0, 4;
    %pushi/vec4 1, 0, 1;
    %store/vec4 v0x7fd628f17f10_0, 0, 1;
    %pushi/vec4 1, 0, 1;
    %store/vec4 v0x7fd628f18260_0, 0, 1;
    %jmp T_0.28;
T_0.10 ;
    %pushi/vec4 1, 0, 4;
    %store/vec4 v0x7fd628f07450_0, 0, 4;
    %pushi/vec4 1, 0, 1;
    %store/vec4 v0x7fd628f17f10_0, 0, 1;
    %pushi/vec4 1, 0, 1;
    %store/vec4 v0x7fd628f18260_0, 0, 1;
    %jmp T_0.28;
T_0.11 ;
    %pushi/vec4 1, 0, 4;
    %store/vec4 v0x7fd628f07450_0, 0, 4;
    %pushi/vec4 1, 0, 1;
    %store/vec4 v0x7fd628f17f10_0, 0, 1;
    %pushi/vec4 1, 0, 1;
    %store/vec4 v0x7fd628f18260_0, 0, 1;
    %jmp T_0.28;
T_0.12 ;
    %pushi/vec4 1, 0, 4;
    %store/vec4 v0x7fd628f07450_0, 0, 4;
    %pushi/vec4 1, 0, 1;
    %store/vec4 v0x7fd628f17f10_0, 0, 1;
    %pushi/vec4 1, 0, 1;
    %store/vec4 v0x7fd628f18260_0, 0, 1;
    %jmp T_0.28;
T_0.13 ;
    %pushi/vec4 1, 0, 4;
    %store/vec4 v0x7fd628f07450_0, 0, 4;
    %pushi/vec4 1, 0, 1;
    %store/vec4 v0x7fd628f17f10_0, 0, 1;
    %pushi/vec4 1, 0, 1;
    %store/vec4 v0x7fd628f18260_0, 0, 1;
    %jmp T_0.28;
T_0.14 ;
    %pushi/vec4 1, 0, 4;
    %store/vec4 v0x7fd628f07450_0, 0, 4;
    %pushi/vec4 1, 0, 1;
    %store/vec4 v0x7fd628f17f10_0, 0, 1;
    %pushi/vec4 1, 0, 1;
    %store/vec4 v0x7fd628f17d30_0, 0, 1;
    %pushi/vec4 1, 0, 1;
    %store/vec4 v0x7fd628f18260_0, 0, 1;
    %jmp T_0.28;
T_0.15 ;
    %pushi/vec4 1, 0, 4;
    %store/vec4 v0x7fd628f07450_0, 0, 4;
    %pushi/vec4 1, 0, 1;
    %store/vec4 v0x7fd628f17f10_0, 0, 1;
    %pushi/vec4 1, 0, 1;
    %store/vec4 v0x7fd628f17d30_0, 0, 1;
    %pushi/vec4 1, 0, 1;
    %store/vec4 v0x7fd628f18260_0, 0, 1;
    %jmp T_0.28;
T_0.16 ;
    %pushi/vec4 1, 0, 4;
    %store/vec4 v0x7fd628f07450_0, 0, 4;
    %pushi/vec4 1, 0, 1;
    %store/vec4 v0x7fd628f17f10_0, 0, 1;
    %pushi/vec4 1, 0, 1;
    %store/vec4 v0x7fd628f17d30_0, 0, 1;
    %pushi/vec4 1, 0, 1;
    %store/vec4 v0x7fd628f18260_0, 0, 1;
    %jmp T_0.28;
T_0.17 ;
    %pushi/vec4 1, 0, 4;
    %store/vec4 v0x7fd628f07450_0, 0, 4;
    %pushi/vec4 1, 0, 1;
    %store/vec4 v0x7fd628f17f10_0, 0, 1;
    %pushi/vec4 1, 0, 1;
    %store/vec4 v0x7fd628f17d30_0, 0, 1;
    %pushi/vec4 1, 0, 1;
    %store/vec4 v0x7fd628f18260_0, 0, 1;
    %jmp T_0.28;
T_0.18 ;
    %pushi/vec4 1, 0, 4;
    %store/vec4 v0x7fd628f07450_0, 0, 4;
    %pushi/vec4 1, 0, 1;
    %store/vec4 v0x7fd628f17f10_0, 0, 1;
    %pushi/vec4 1, 0, 1;
    %store/vec4 v0x7fd628f17d30_0, 0, 1;
    %pushi/vec4 1, 0, 1;
    %store/vec4 v0x7fd628f18260_0, 0, 1;
    %jmp T_0.28;
T_0.19 ;
    %pushi/vec4 1, 0, 4;
    %store/vec4 v0x7fd628f07450_0, 0, 4;
    %jmp T_0.28;
T_0.20 ;
    %pushi/vec4 1, 0, 4;
    %store/vec4 v0x7fd628f07450_0, 0, 4;
    %jmp T_0.28;
T_0.21 ;
    %pushi/vec4 1, 0, 4;
    %store/vec4 v0x7fd628f07450_0, 0, 4;
    %jmp T_0.28;
T_0.22 ;
    %pushi/vec4 1, 0, 4;
    %store/vec4 v0x7fd628f07450_0, 0, 4;
    %load/vec4 v0x7fd628f18300_0;
    %parti/s 5, 16, 6;
    %dup/vec4;
    %pushi/vec4 0, 0, 5;
    %cmp/u;
    %jmp/1 T_0.83, 6;
    %dup/vec4;
    %pushi/vec4 1, 0, 5;
    %cmp/u;
    %jmp/1 T_0.84, 6;
    %dup/vec4;
    %pushi/vec4 16, 0, 5;
    %cmp/u;
    %jmp/1 T_0.85, 6;
    %dup/vec4;
    %pushi/vec4 17, 0, 5;
    %cmp/u;
    %jmp/1 T_0.86, 6;
    %jmp T_0.87;
T_0.83 ;
    %jmp T_0.87;
T_0.84 ;
    %jmp T_0.87;
T_0.85 ;
    %pushi/vec4 1, 0, 1;
    %store/vec4 v0x7fd628f17f10_0, 0, 1;
    %pushi/vec4 1, 0, 1;
    %store/vec4 v0x7fd628f17e70_0, 0, 1;
    %pushi/vec4 1, 0, 1;
    %store/vec4 v0x7fd628f17ac0_0, 0, 1;
    %jmp T_0.87;
T_0.86 ;
    %pushi/vec4 1, 0, 1;
    %store/vec4 v0x7fd628f17f10_0, 0, 1;
    %pushi/vec4 1, 0, 1;
    %store/vec4 v0x7fd628f17e70_0, 0, 1;
    %pushi/vec4 1, 0, 1;
    %store/vec4 v0x7fd628f17ac0_0, 0, 1;
    %jmp T_0.87;
T_0.87 ;
    %pop/vec4 1;
    %jmp T_0.28;
T_0.23 ;
    %pushi/vec4 1, 0, 4;
    %store/vec4 v0x7fd628f07450_0, 0, 4;
    %load/vec4 v0x7fd628f18300_0;
    %parti/s 5, 16, 6;
    %dup/vec4;
    %pushi/vec4 0, 0, 5;
    %cmp/u;
    %jmp/1 T_0.88, 6;
    %dup/vec4;
    %pushi/vec4 1, 0, 5;
    %cmp/u;
    %jmp/1 T_0.89, 6;
    %dup/vec4;
    %pushi/vec4 16, 0, 5;
    %cmp/u;
    %jmp/1 T_0.90, 6;
    %dup/vec4;
    %pushi/vec4 17, 0, 5;
    %cmp/u;
    %jmp/1 T_0.91, 6;
    %jmp T_0.92;
T_0.88 ;
    %jmp T_0.92;
T_0.89 ;
    %jmp T_0.92;
T_0.90 ;
    %pushi/vec4 1, 0, 1;
    %store/vec4 v0x7fd628f17f10_0, 0, 1;
    %pushi/vec4 1, 0, 1;
    %store/vec4 v0x7fd628f17e70_0, 0, 1;
    %pushi/vec4 1, 0, 1;
    %store/vec4 v0x7fd628f17ac0_0, 0, 1;
    %jmp T_0.92;
T_0.91 ;
    %pushi/vec4 1, 0, 1;
    %store/vec4 v0x7fd628f17f10_0, 0, 1;
    %pushi/vec4 1, 0, 1;
    %store/vec4 v0x7fd628f17e70_0, 0, 1;
    %pushi/vec4 1, 0, 1;
    %store/vec4 v0x7fd628f17ac0_0, 0, 1;
    %jmp T_0.92;
T_0.92 ;
    %pop/vec4 1;
    %jmp T_0.28;
T_0.24 ;
    %pushi/vec4 1, 0, 4;
    %store/vec4 v0x7fd628f07450_0, 0, 4;
    %load/vec4 v0x7fd628f18300_0;
    %parti/s 5, 16, 6;
    %dup/vec4;
    %pushi/vec4 0, 0, 5;
    %cmp/u;
    %jmp/1 T_0.93, 6;
    %dup/vec4;
    %pushi/vec4 1, 0, 5;
    %cmp/u;
    %jmp/1 T_0.94, 6;
    %dup/vec4;
    %pushi/vec4 16, 0, 5;
    %cmp/u;
    %jmp/1 T_0.95, 6;
    %dup/vec4;
    %pushi/vec4 17, 0, 5;
    %cmp/u;
    %jmp/1 T_0.96, 6;
    %jmp T_0.97;
T_0.93 ;
    %jmp T_0.97;
T_0.94 ;
    %jmp T_0.97;
T_0.95 ;
    %pushi/vec4 1, 0, 1;
    %store/vec4 v0x7fd628f17f10_0, 0, 1;
    %pushi/vec4 1, 0, 1;
    %store/vec4 v0x7fd628f17e70_0, 0, 1;
    %pushi/vec4 1, 0, 1;
    %store/vec4 v0x7fd628f17ac0_0, 0, 1;
    %jmp T_0.97;
T_0.96 ;
    %pushi/vec4 1, 0, 1;
    %store/vec4 v0x7fd628f17f10_0, 0, 1;
    %pushi/vec4 1, 0, 1;
    %store/vec4 v0x7fd628f17e70_0, 0, 1;
    %pushi/vec4 1, 0, 1;
    %store/vec4 v0x7fd628f17ac0_0, 0, 1;
    %jmp T_0.97;
T_0.97 ;
    %pop/vec4 1;
    %jmp T_0.28;
T_0.25 ;
    %pushi/vec4 1, 0, 4;
    %store/vec4 v0x7fd628f07450_0, 0, 4;
    %load/vec4 v0x7fd628f18300_0;
    %parti/s 5, 16, 6;
    %dup/vec4;
    %pushi/vec4 0, 0, 5;
    %cmp/u;
    %jmp/1 T_0.98, 6;
    %dup/vec4;
    %pushi/vec4 1, 0, 5;
    %cmp/u;
    %jmp/1 T_0.99, 6;
    %dup/vec4;
    %pushi/vec4 16, 0, 5;
    %cmp/u;
    %jmp/1 T_0.100, 6;
    %dup/vec4;
    %pushi/vec4 17, 0, 5;
    %cmp/u;
    %jmp/1 T_0.101, 6;
    %jmp T_0.102;
T_0.98 ;
    %jmp T_0.102;
T_0.99 ;
    %jmp T_0.102;
T_0.100 ;
    %pushi/vec4 1, 0, 1;
    %store/vec4 v0x7fd628f17f10_0, 0, 1;
    %pushi/vec4 1, 0, 1;
    %store/vec4 v0x7fd628f17e70_0, 0, 1;
    %pushi/vec4 1, 0, 1;
    %store/vec4 v0x7fd628f17ac0_0, 0, 1;
    %jmp T_0.102;
T_0.101 ;
    %pushi/vec4 1, 0, 1;
    %store/vec4 v0x7fd628f17f10_0, 0, 1;
    %pushi/vec4 1, 0, 1;
    %store/vec4 v0x7fd628f17e70_0, 0, 1;
    %pushi/vec4 1, 0, 1;
    %store/vec4 v0x7fd628f17ac0_0, 0, 1;
    %jmp T_0.102;
T_0.102 ;
    %pop/vec4 1;
    %jmp T_0.28;
T_0.26 ;
    %pushi/vec4 1, 0, 4;
    %store/vec4 v0x7fd628f07450_0, 0, 4;
    %load/vec4 v0x7fd628f18300_0;
    %parti/s 5, 16, 6;
    %dup/vec4;
    %pushi/vec4 0, 0, 5;
    %cmp/u;
    %jmp/1 T_0.103, 6;
    %dup/vec4;
    %pushi/vec4 1, 0, 5;
    %cmp/u;
    %jmp/1 T_0.104, 6;
    %dup/vec4;
    %pushi/vec4 16, 0, 5;
    %cmp/u;
    %jmp/1 T_0.105, 6;
    %dup/vec4;
    %pushi/vec4 17, 0, 5;
    %cmp/u;
    %jmp/1 T_0.106, 6;
    %jmp T_0.107;
T_0.103 ;
    %jmp T_0.107;
T_0.104 ;
    %jmp T_0.107;
T_0.105 ;
    %pushi/vec4 1, 0, 1;
    %store/vec4 v0x7fd628f17f10_0, 0, 1;
    %pushi/vec4 1, 0, 1;
    %store/vec4 v0x7fd628f17e70_0, 0, 1;
    %pushi/vec4 1, 0, 1;
    %store/vec4 v0x7fd628f17ac0_0, 0, 1;
    %jmp T_0.107;
T_0.106 ;
    %pushi/vec4 1, 0, 1;
    %store/vec4 v0x7fd628f17f10_0, 0, 1;
    %pushi/vec4 1, 0, 1;
    %store/vec4 v0x7fd628f17e70_0, 0, 1;
    %pushi/vec4 1, 0, 1;
    %store/vec4 v0x7fd628f17ac0_0, 0, 1;
    %jmp T_0.107;
T_0.107 ;
    %pop/vec4 1;
    %jmp T_0.28;
T_0.28 ;
    %pop/vec4 1;
T_0.0 ;
    %jmp T_0;
    .thread T_0, $push;
    .scope S_0x7fd628f07250;
T_1 ;
    %wait E_0x7fd628f17a40;
    %load/vec4 v0x7fd628f06f60_0;
    %cmpi/e 0, 0, 1;
    %jmp/0xz  T_1.0, 4;
    %load/vec4 v0x7fd628f18680_0;
    %store/vec4 v0x7fd628f18710_0, 0, 9;
    %jmp T_1.1;
T_1.0 ;
    %pushi/vec4 0, 0, 9;
    %store/vec4 v0x7fd628f18710_0, 0, 9;
T_1.1 ;
    %jmp T_1;
    .thread T_1, $push;
# The file index is used to find the file name in the following table.
:file_names 3;
    "N/A";
    "<interactive>";
    "control-unit-V2.v";
