#! /usr/local/Cellar/icarus-verilog/11.0/bin/vvp
:ivl_version "11.0 (stable)";
:ivl_delay_selection "TYPICAL";
:vpi_time_precision + 0;
:vpi_module "/usr/local/Cellar/icarus-verilog/11.0/lib/ivl/system.vpi";
:vpi_module "/usr/local/Cellar/icarus-verilog/11.0/lib/ivl/vhdl_sys.vpi";
:vpi_module "/usr/local/Cellar/icarus-verilog/11.0/lib/ivl/vhdl_textio.vpi";
:vpi_module "/usr/local/Cellar/icarus-verilog/11.0/lib/ivl/v2005_math.vpi";
:vpi_module "/usr/local/Cellar/icarus-verilog/11.0/lib/ivl/va_math.vpi";
S_0x7fe661b04660 .scope module, "ControlUnit" "ControlUnit" 2 20;
 .timescale 0 0;
    .port_info 0 /INPUT 32 "instruction";
    .port_info 1 /OUTPUT 24 "instr_signals";
P_0x7fe663011400 .param/l "FUNC_ADD" 1 2 78, C4<100000>;
P_0x7fe663011440 .param/l "FUNC_ADDU" 1 2 79, C4<100001>;
P_0x7fe663011480 .param/l "FUNC_AND" 1 2 92, C4<100100>;
P_0x7fe6630114c0 .param/l "FUNC_JALR" 1 2 83, C4<001001>;
P_0x7fe663011500 .param/l "FUNC_JR" 1 2 82, C4<001000>;
P_0x7fe663011540 .param/l "FUNC_MFHI" 1 2 84, C4<010000>;
P_0x7fe663011580 .param/l "FUNC_MFLO" 1 2 85, C4<010010>;
P_0x7fe6630115c0 .param/l "FUNC_MOVN" 1 2 86, C4<001011>;
P_0x7fe663011600 .param/l "FUNC_MOVZ" 1 2 87, C4<001010>;
P_0x7fe663011640 .param/l "FUNC_MTHI" 1 2 88, C4<010001>;
P_0x7fe663011680 .param/l "FUNC_MTLO" 1 2 89, C4<010011>;
P_0x7fe6630116c0 .param/l "FUNC_NOR" 1 2 95, C4<100111>;
P_0x7fe663011700 .param/l "FUNC_OR" 1 2 93, C4<100101>;
P_0x7fe663011740 .param/l "FUNC_SLL" 1 2 96, C4<000000>;
P_0x7fe663011780 .param/l "FUNC_SLLV" 1 2 97, C4<000100>;
P_0x7fe6630117c0 .param/l "FUNC_SLT" 1 2 90, C4<101010>;
P_0x7fe663011800 .param/l "FUNC_SLTU" 1 2 91, C4<101011>;
P_0x7fe663011840 .param/l "FUNC_SRA" 1 2 98, C4<000011>;
P_0x7fe663011880 .param/l "FUNC_SRAV" 1 2 99, C4<000111>;
P_0x7fe6630118c0 .param/l "FUNC_SRL" 1 2 100, C4<000010>;
P_0x7fe663011900 .param/l "FUNC_SRLV" 1 2 101, C4<000110>;
P_0x7fe663011940 .param/l "FUNC_SUB" 1 2 80, C4<100010>;
P_0x7fe663011980 .param/l "FUNC_SUBU" 1 2 81, C4<100011>;
P_0x7fe6630119c0 .param/l "FUNC_XOR" 1 2 94, C4<100110>;
P_0x7fe663011a00 .param/l "OPCODE_ADDI" 1 2 54, C4<001000>;
P_0x7fe663011a40 .param/l "OPCODE_ADDIU" 1 2 55, C4<001001>;
P_0x7fe663011a80 .param/l "OPCODE_ANDI" 1 2 58, C4<001100>;
P_0x7fe663011ac0 .param/l "OPCODE_BEQ" 1 2 70, C4<000100>;
P_0x7fe663011b00 .param/l "OPCODE_BGTZ" 1 2 73, C4<000111>;
P_0x7fe663011b40 .param/l "OPCODE_BLEZ" 1 2 72, C4<000110>;
P_0x7fe663011b80 .param/l "OPCODE_BNE" 1 2 71, C4<000101>;
P_0x7fe663011bc0 .param/l "OPCODE_J" 1 2 52, C4<000010>;
P_0x7fe663011c00 .param/l "OPCODE_JAL" 1 2 53, C4<000011>;
P_0x7fe663011c40 .param/l "OPCODE_LB" 1 2 62, C4<100000>;
P_0x7fe663011c80 .param/l "OPCODE_LBU" 1 2 65, C4<100100>;
P_0x7fe663011cc0 .param/l "OPCODE_LH" 1 2 63, C4<100001>;
P_0x7fe663011d00 .param/l "OPCODE_LHU" 1 2 66, C4<100101>;
P_0x7fe663011d40 .param/l "OPCODE_LUI" 1 2 61, C4<001111>;
P_0x7fe663011d80 .param/l "OPCODE_LW" 1 2 64, C4<100011>;
P_0x7fe663011dc0 .param/l "OPCODE_ORI" 1 2 59, C4<001101>;
P_0x7fe663011e00 .param/l "OPCODE_REGIMM" 1 2 74, C4<000001>;
P_0x7fe663011e40 .param/l "OPCODE_RTYPE" 1 2 50, C4<000000>;
P_0x7fe663011e80 .param/l "OPCODE_SB" 1 2 67, C4<101000>;
P_0x7fe663011ec0 .param/l "OPCODE_SH" 1 2 68, C4<101001>;
P_0x7fe663011f00 .param/l "OPCODE_SLTI" 1 2 56, C4<001010>;
P_0x7fe663011f40 .param/l "OPCODE_SLTIU" 1 2 57, C4<001011>;
P_0x7fe663011f80 .param/l "OPCODE_SPECIAL" 1 2 51, C4<011100>;
P_0x7fe663011fc0 .param/l "OPCODE_SW" 1 2 69, C4<101011>;
P_0x7fe663012000 .param/l "OPCODE_XORI" 1 2 60, C4<001110>;
P_0x7fe663012040 .param/l "RT_BAL" 1 2 109, C4<10001>;
P_0x7fe663012080 .param/l "RT_BGEZ" 1 2 106, C4<00001>;
P_0x7fe6630120c0 .param/l "RT_BGEZAL" 1 2 108, C4<10001>;
P_0x7fe663012100 .param/l "RT_BLTZ" 1 2 105, C4<00000>;
P_0x7fe663012140 .param/l "RT_BLTZAL" 1 2 107, C4<10000>;
v0x7fe661b05b70_0 .var "ALUOp", 3 0;
v0x7fe660f123a0_0 .var "Base_Addr_MUX", 0 0;
v0x7fe660f12450_0 .var "Branch", 0 0;
v0x7fe660f12500_0 .var "CMUX", 0 0;
v0x7fe660f125a0_0 .var "Cond_Mux", 0 0;
v0x7fe660f12680_0 .var "Data_Mem_Enable", 0 0;
v0x7fe660f12720_0 .var "Data_Mem_RW", 0 0;
v0x7fe660f127c0_0 .var "Data_Mem_SE", 0 0;
v0x7fe660f12860_0 .var "Data_Mem_Size", 1 0;
v0x7fe660f12970_0 .var "HiEnable", 0 0;
v0x7fe660f12a10_0 .var "JalAdder", 0 0;
v0x7fe660f12ab0_0 .var "Jump", 0 0;
v0x7fe660f12b50_0 .var "Jump_Addr_MUX_Enable", 0 0;
v0x7fe660f12bf0_0 .var "LoEnable", 0 0;
v0x7fe660f12c90_0 .var "Load", 0 0;
v0x7fe660f12d30_0 .var "MEM_MUX", 0 0;
v0x7fe660f12dd0_0 .var "MemtoReg", 0 0;
v0x7fe660f12f60_0 .var "RegFileEnable", 0 0;
v0x7fe660f12ff0_0 .var "RsAddrMux", 0 0;
v0x7fe660f13080_0 .var "S0_S2", 2 0;
v0x7fe660f13120_0 .var "TaMux", 0 0;
v0x7fe660f131c0_0 .var "WriteDestination", 1 0;
v0x7fe660f13270_0 .var "instr_signals", 23 0;
o0x7fe661a32458 .functor BUFZ 32, C4<zzzzzzzzzzzzzzzzzzzzzzzzzzzzzzzz>; HiZ drive
v0x7fe660f13320_0 .net "instruction", 31 0, o0x7fe661a32458;  0 drivers
E_0x7fe661b05aa0/0 .event edge, v0x7fe660f13320_0, v0x7fe660f12c90_0, v0x7fe660f12dd0_0, v0x7fe660f12bf0_0;
E_0x7fe661b05aa0/1 .event edge, v0x7fe660f12f60_0, v0x7fe660f12970_0, v0x7fe660f12d30_0, v0x7fe660f127c0_0;
E_0x7fe661b05aa0/2 .event edge, v0x7fe660f12860_0, v0x7fe660f12680_0, v0x7fe660f12720_0, v0x7fe661b05b70_0;
E_0x7fe661b05aa0/3 .event edge, v0x7fe660f13080_0, v0x7fe660f12ff0_0, v0x7fe660f123a0_0, v0x7fe660f131c0_0;
E_0x7fe661b05aa0/4 .event edge, v0x7fe660f12500_0, v0x7fe660f12a10_0, v0x7fe660f12ab0_0, v0x7fe660f125a0_0;
E_0x7fe661b05aa0 .event/or E_0x7fe661b05aa0/0, E_0x7fe661b05aa0/1, E_0x7fe661b05aa0/2, E_0x7fe661b05aa0/3, E_0x7fe661b05aa0/4;
S_0x7fe661b058d0 .scope module, "ControlUnitMUX" "ControlUnitMUX" 2 3;
 .timescale 0 0;
    .port_info 0 /INPUT 1 "CMUX";
    .port_info 1 /INPUT 24 "control_signals_in";
    .port_info 2 /OUTPUT 24 "control_signals_out";
o0x7fe661a324e8 .functor BUFZ 1, C4<z>; HiZ drive
v0x7fe660f13450_0 .net "CMUX", 0 0, o0x7fe661a324e8;  0 drivers
o0x7fe661a32518 .functor BUFZ 24, C4<zzzzzzzzzzzzzzzzzzzzzzzz>; HiZ drive
v0x7fe660f13500_0 .net "control_signals_in", 23 0, o0x7fe661a32518;  0 drivers
v0x7fe660f135a0_0 .var "control_signals_out", 23 0;
E_0x7fe660f13400 .event edge, v0x7fe660f13450_0, v0x7fe660f13500_0;
    .scope S_0x7fe661b04660;
T_0 ;
    %wait E_0x7fe661b05aa0;
    %pushi/vec4 0, 0, 1;
    %store/vec4 v0x7fe660f125a0_0, 0, 1;
    %pushi/vec4 0, 0, 1;
    %store/vec4 v0x7fe660f12ab0_0, 0, 1;
    %pushi/vec4 0, 0, 1;
    %store/vec4 v0x7fe660f12450_0, 0, 1;
    %pushi/vec4 0, 0, 1;
    %store/vec4 v0x7fe660f12a10_0, 0, 1;
    %pushi/vec4 1, 0, 1;
    %store/vec4 v0x7fe660f12500_0, 0, 1;
    %pushi/vec4 0, 0, 1;
    %store/vec4 v0x7fe660f13120_0, 0, 1;
    %pushi/vec4 0, 0, 2;
    %store/vec4 v0x7fe660f131c0_0, 0, 2;
    %pushi/vec4 0, 0, 3;
    %store/vec4 v0x7fe660f13080_0, 0, 3;
    %pushi/vec4 0, 0, 1;
    %store/vec4 v0x7fe660f123a0_0, 0, 1;
    %pushi/vec4 0, 0, 1;
    %store/vec4 v0x7fe660f12ff0_0, 0, 1;
    %pushi/vec4 0, 0, 4;
    %store/vec4 v0x7fe661b05b70_0, 0, 4;
    %pushi/vec4 0, 0, 1;
    %store/vec4 v0x7fe660f12720_0, 0, 1;
    %pushi/vec4 0, 0, 1;
    %store/vec4 v0x7fe660f12680_0, 0, 1;
    %pushi/vec4 0, 0, 2;
    %store/vec4 v0x7fe660f12860_0, 0, 2;
    %pushi/vec4 0, 0, 1;
    %store/vec4 v0x7fe660f127c0_0, 0, 1;
    %pushi/vec4 1, 0, 1;
    %store/vec4 v0x7fe660f12970_0, 0, 1;
    %pushi/vec4 0, 0, 1;
    %store/vec4 v0x7fe660f12f60_0, 0, 1;
    %pushi/vec4 0, 0, 1;
    %store/vec4 v0x7fe660f12b50_0, 0, 1;
    %pushi/vec4 1, 0, 1;
    %store/vec4 v0x7fe660f12bf0_0, 0, 1;
    %pushi/vec4 0, 0, 1;
    %store/vec4 v0x7fe660f12dd0_0, 0, 1;
    %pushi/vec4 0, 0, 1;
    %store/vec4 v0x7fe660f12c90_0, 0, 1;
    %pushi/vec4 0, 0, 24;
    %store/vec4 v0x7fe660f13270_0, 0, 24;
    %pushi/vec4 0, 0, 1;
    %store/vec4 v0x7fe660f12d30_0, 0, 1;
    %load/vec4 v0x7fe660f13320_0;
    %parti/s 6, 26, 6;
    %dup/vec4;
    %pushi/vec4 0, 0, 6;
    %cmp/u;
    %jmp/1 T_0.0, 6;
    %dup/vec4;
    %pushi/vec4 28, 0, 6;
    %cmp/u;
    %jmp/1 T_0.1, 6;
    %dup/vec4;
    %pushi/vec4 9, 0, 6;
    %cmp/u;
    %jmp/1 T_0.2, 6;
    %dup/vec4;
    %pushi/vec4 36, 0, 6;
    %cmp/u;
    %jmp/1 T_0.3, 6;
    %dup/vec4;
    %pushi/vec4 40, 0, 6;
    %cmp/u;
    %jmp/1 T_0.4, 6;
    %dup/vec4;
    %pushi/vec4 7, 0, 6;
    %cmp/u;
    %jmp/1 T_0.5, 6;
    %dup/vec4;
    %pushi/vec4 15, 0, 6;
    %cmp/u;
    %jmp/1 T_0.6, 6;
    %dup/vec4;
    %pushi/vec4 3, 0, 6;
    %cmp/u;
    %jmp/1 T_0.7, 6;
    %dup/vec4;
    %pushi/vec4 2, 0, 6;
    %cmp/u;
    %jmp/1 T_0.8, 6;
    %dup/vec4;
    %pushi/vec4 8, 0, 6;
    %cmp/u;
    %jmp/1 T_0.9, 6;
    %dup/vec4;
    %pushi/vec4 10, 0, 6;
    %cmp/u;
    %jmp/1 T_0.10, 6;
    %dup/vec4;
    %pushi/vec4 11, 0, 6;
    %cmp/u;
    %jmp/1 T_0.11, 6;
    %dup/vec4;
    %pushi/vec4 12, 0, 6;
    %cmp/u;
    %jmp/1 T_0.12, 6;
    %dup/vec4;
    %pushi/vec4 13, 0, 6;
    %cmp/u;
    %jmp/1 T_0.13, 6;
    %dup/vec4;
    %pushi/vec4 14, 0, 6;
    %cmp/u;
    %jmp/1 T_0.14, 6;
    %dup/vec4;
    %pushi/vec4 32, 0, 6;
    %cmp/u;
    %jmp/1 T_0.15, 6;
    %dup/vec4;
    %pushi/vec4 33, 0, 6;
    %cmp/u;
    %jmp/1 T_0.16, 6;
    %dup/vec4;
    %pushi/vec4 35, 0, 6;
    %cmp/u;
    %jmp/1 T_0.17, 6;
    %dup/vec4;
    %pushi/vec4 36, 0, 6;
    %cmp/u;
    %jmp/1 T_0.18, 6;
    %dup/vec4;
    %pushi/vec4 37, 0, 6;
    %cmp/u;
    %jmp/1 T_0.19, 6;
    %dup/vec4;
    %pushi/vec4 40, 0, 6;
    %cmp/u;
    %jmp/1 T_0.20, 6;
    %dup/vec4;
    %pushi/vec4 41, 0, 6;
    %cmp/u;
    %jmp/1 T_0.21, 6;
    %dup/vec4;
    %pushi/vec4 43, 0, 6;
    %cmp/u;
    %jmp/1 T_0.22, 6;
    %dup/vec4;
    %pushi/vec4 4, 0, 6;
    %cmp/u;
    %jmp/1 T_0.23, 6;
    %dup/vec4;
    %pushi/vec4 5, 0, 6;
    %cmp/u;
    %jmp/1 T_0.24, 6;
    %dup/vec4;
    %pushi/vec4 6, 0, 6;
    %cmp/u;
    %jmp/1 T_0.25, 6;
    %dup/vec4;
    %pushi/vec4 7, 0, 6;
    %cmp/u;
    %jmp/1 T_0.26, 6;
    %dup/vec4;
    %pushi/vec4 1, 0, 6;
    %cmp/u;
    %jmp/1 T_0.27, 6;
    %jmp T_0.29;
T_0.0 ;
    %load/vec4 v0x7fe660f13320_0;
    %parti/s 6, 0, 2;
    %dup/vec4;
    %pushi/vec4 35, 0, 6;
    %cmp/u;
    %jmp/1 T_0.30, 6;
    %dup/vec4;
    %pushi/vec4 8, 0, 6;
    %cmp/u;
    %jmp/1 T_0.31, 6;
    %dup/vec4;
    %pushi/vec4 16, 0, 6;
    %cmp/u;
    %jmp/1 T_0.32, 6;
    %dup/vec4;
    %pushi/vec4 18, 0, 6;
    %cmp/u;
    %jmp/1 T_0.33, 6;
    %jmp T_0.34;
T_0.30 ;
    %pushi/vec4 1, 0, 4;
    %store/vec4 v0x7fe661b05b70_0, 0, 4;
    %pushi/vec4 1, 0, 1;
    %store/vec4 v0x7fe660f12f60_0, 0, 1;
    %pushi/vec4 3, 0, 2;
    %store/vec4 v0x7fe660f131c0_0, 0, 2;
    %pushi/vec4 4, 0, 3;
    %store/vec4 v0x7fe660f13080_0, 0, 3;
    %jmp T_0.34;
T_0.31 ;
    %pushi/vec4 1, 0, 1;
    %store/vec4 v0x7fe660f12ab0_0, 0, 1;
    %pushi/vec4 1, 0, 1;
    %store/vec4 v0x7fe660f12ff0_0, 0, 1;
    %jmp T_0.34;
T_0.32 ;
    %pushi/vec4 1, 0, 3;
    %store/vec4 v0x7fe660f13080_0, 0, 3;
    %pushi/vec4 1, 0, 1;
    %store/vec4 v0x7fe660f12970_0, 0, 1;
    %jmp T_0.34;
T_0.33 ;
    %pushi/vec4 2, 0, 3;
    %store/vec4 v0x7fe660f13080_0, 0, 3;
    %pushi/vec4 1, 0, 1;
    %store/vec4 v0x7fe660f12bf0_0, 0, 1;
    %jmp T_0.34;
T_0.34 ;
    %pop/vec4 1;
    %jmp T_0.29;
T_0.1 ;
    %load/vec4 v0x7fe660f13320_0;
    %parti/s 6, 0, 2;
    %dup/vec4;
    %pushi/vec4 35, 0, 6;
    %cmp/u;
    %jmp/1 T_0.35, 6;
    %dup/vec4;
    %pushi/vec4 8, 0, 6;
    %cmp/u;
    %jmp/1 T_0.36, 6;
    %dup/vec4;
    %pushi/vec4 16, 0, 6;
    %cmp/u;
    %jmp/1 T_0.37, 6;
    %dup/vec4;
    %pushi/vec4 18, 0, 6;
    %cmp/u;
    %jmp/1 T_0.38, 6;
    %jmp T_0.39;
T_0.35 ;
    %pushi/vec4 1, 0, 4;
    %store/vec4 v0x7fe661b05b70_0, 0, 4;
    %pushi/vec4 1, 0, 1;
    %store/vec4 v0x7fe660f12f60_0, 0, 1;
    %pushi/vec4 3, 0, 2;
    %store/vec4 v0x7fe660f131c0_0, 0, 2;
    %pushi/vec4 4, 0, 3;
    %store/vec4 v0x7fe660f13080_0, 0, 3;
    %jmp T_0.39;
T_0.36 ;
    %pushi/vec4 1, 0, 1;
    %store/vec4 v0x7fe660f12ab0_0, 0, 1;
    %pushi/vec4 1, 0, 1;
    %store/vec4 v0x7fe660f12ff0_0, 0, 1;
    %jmp T_0.39;
T_0.37 ;
    %pushi/vec4 1, 0, 3;
    %store/vec4 v0x7fe660f13080_0, 0, 3;
    %pushi/vec4 1, 0, 1;
    %store/vec4 v0x7fe660f12970_0, 0, 1;
    %jmp T_0.39;
T_0.38 ;
    %pushi/vec4 2, 0, 3;
    %store/vec4 v0x7fe660f13080_0, 0, 3;
    %pushi/vec4 1, 0, 1;
    %store/vec4 v0x7fe660f12bf0_0, 0, 1;
    %jmp T_0.39;
T_0.39 ;
    %pop/vec4 1;
    %jmp T_0.29;
T_0.2 ;
    %pushi/vec4 0, 0, 4;
    %store/vec4 v0x7fe661b05b70_0, 0, 4;
    %pushi/vec4 1, 0, 1;
    %store/vec4 v0x7fe660f12f60_0, 0, 1;
    %pushi/vec4 1, 0, 2;
    %store/vec4 v0x7fe660f131c0_0, 0, 2;
    %pushi/vec4 4, 0, 3;
    %store/vec4 v0x7fe660f13080_0, 0, 3;
    %jmp T_0.29;
T_0.3 ;
    %pushi/vec4 0, 0, 4;
    %store/vec4 v0x7fe661b05b70_0, 0, 4;
    %pushi/vec4 1, 0, 1;
    %store/vec4 v0x7fe660f12f60_0, 0, 1;
    %pushi/vec4 1, 0, 1;
    %store/vec4 v0x7fe660f12c90_0, 0, 1;
    %pushi/vec4 1, 0, 2;
    %store/vec4 v0x7fe660f131c0_0, 0, 2;
    %pushi/vec4 1, 0, 1;
    %store/vec4 v0x7fe660f12680_0, 0, 1;
    %pushi/vec4 0, 0, 1;
    %store/vec4 v0x7fe660f12720_0, 0, 1;
    %pushi/vec4 1, 0, 2;
    %store/vec4 v0x7fe660f12860_0, 0, 2;
    %pushi/vec4 1, 0, 1;
    %store/vec4 v0x7fe660f127c0_0, 0, 1;
    %pushi/vec4 4, 0, 3;
    %store/vec4 v0x7fe660f13080_0, 0, 3;
    %pushi/vec4 1, 0, 1;
    %store/vec4 v0x7fe660f12d30_0, 0, 1;
    %jmp T_0.29;
T_0.4 ;
    %pushi/vec4 0, 0, 4;
    %store/vec4 v0x7fe661b05b70_0, 0, 4;
    %pushi/vec4 1, 0, 1;
    %store/vec4 v0x7fe660f12720_0, 0, 1;
    %pushi/vec4 1, 0, 1;
    %store/vec4 v0x7fe660f12680_0, 0, 1;
    %pushi/vec4 1, 0, 2;
    %store/vec4 v0x7fe660f12860_0, 0, 2;
    %pushi/vec4 0, 0, 1;
    %store/vec4 v0x7fe660f127c0_0, 0, 1;
    %pushi/vec4 1, 0, 2;
    %store/vec4 v0x7fe660f131c0_0, 0, 2;
    %pushi/vec4 0, 0, 1;
    %store/vec4 v0x7fe660f12d30_0, 0, 1;
    %jmp T_0.29;
T_0.5 ;
    %pushi/vec4 9, 0, 4;
    %store/vec4 v0x7fe661b05b70_0, 0, 4;
    %pushi/vec4 1, 0, 1;
    %store/vec4 v0x7fe660f12450_0, 0, 1;
    %pushi/vec4 0, 0, 1;
    %store/vec4 v0x7fe660f12ff0_0, 0, 1;
    %pushi/vec4 0, 0, 1;
    %store/vec4 v0x7fe660f123a0_0, 0, 1;
    %jmp T_0.29;
T_0.6 ;
    %pushi/vec4 6, 0, 4;
    %store/vec4 v0x7fe661b05b70_0, 0, 4;
    %pushi/vec4 1, 0, 1;
    %store/vec4 v0x7fe660f12f60_0, 0, 1;
    %pushi/vec4 1, 0, 2;
    %store/vec4 v0x7fe660f131c0_0, 0, 2;
    %pushi/vec4 4, 0, 3;
    %store/vec4 v0x7fe660f13080_0, 0, 3;
    %jmp T_0.29;
T_0.7 ;
    %pushi/vec4 1, 0, 1;
    %store/vec4 v0x7fe660f12ab0_0, 0, 1;
    %pushi/vec4 1, 0, 1;
    %store/vec4 v0x7fe660f12a10_0, 0, 1;
    %pushi/vec4 1, 0, 1;
    %store/vec4 v0x7fe660f12f60_0, 0, 1;
    %pushi/vec4 2, 0, 2;
    %store/vec4 v0x7fe660f131c0_0, 0, 2;
    %pushi/vec4 1, 0, 1;
    %store/vec4 v0x7fe660f12dd0_0, 0, 1;
    %jmp T_0.29;
T_0.8 ;
    %jmp T_0.29;
T_0.9 ;
    %pushi/vec4 1, 0, 4;
    %store/vec4 v0x7fe661b05b70_0, 0, 4;
    %pushi/vec4 1, 0, 1;
    %store/vec4 v0x7fe660f12f60_0, 0, 1;
    %pushi/vec4 1, 0, 2;
    %store/vec4 v0x7fe660f131c0_0, 0, 2;
    %jmp T_0.29;
T_0.10 ;
    %pushi/vec4 1, 0, 4;
    %store/vec4 v0x7fe661b05b70_0, 0, 4;
    %pushi/vec4 1, 0, 1;
    %store/vec4 v0x7fe660f12f60_0, 0, 1;
    %pushi/vec4 1, 0, 2;
    %store/vec4 v0x7fe660f131c0_0, 0, 2;
    %jmp T_0.29;
T_0.11 ;
    %pushi/vec4 1, 0, 4;
    %store/vec4 v0x7fe661b05b70_0, 0, 4;
    %pushi/vec4 1, 0, 1;
    %store/vec4 v0x7fe660f12f60_0, 0, 1;
    %pushi/vec4 1, 0, 2;
    %store/vec4 v0x7fe660f131c0_0, 0, 2;
    %jmp T_0.29;
T_0.12 ;
    %pushi/vec4 1, 0, 4;
    %store/vec4 v0x7fe661b05b70_0, 0, 4;
    %pushi/vec4 1, 0, 1;
    %store/vec4 v0x7fe660f12f60_0, 0, 1;
    %pushi/vec4 1, 0, 2;
    %store/vec4 v0x7fe660f131c0_0, 0, 2;
    %jmp T_0.29;
T_0.13 ;
    %pushi/vec4 1, 0, 4;
    %store/vec4 v0x7fe661b05b70_0, 0, 4;
    %pushi/vec4 1, 0, 1;
    %store/vec4 v0x7fe660f12f60_0, 0, 1;
    %pushi/vec4 1, 0, 2;
    %store/vec4 v0x7fe660f131c0_0, 0, 2;
    %jmp T_0.29;
T_0.14 ;
    %pushi/vec4 1, 0, 4;
    %store/vec4 v0x7fe661b05b70_0, 0, 4;
    %pushi/vec4 1, 0, 1;
    %store/vec4 v0x7fe660f12f60_0, 0, 1;
    %pushi/vec4 1, 0, 2;
    %store/vec4 v0x7fe660f131c0_0, 0, 2;
    %jmp T_0.29;
T_0.15 ;
    %pushi/vec4 1, 0, 4;
    %store/vec4 v0x7fe661b05b70_0, 0, 4;
    %pushi/vec4 1, 0, 1;
    %store/vec4 v0x7fe660f12f60_0, 0, 1;
    %pushi/vec4 1, 0, 1;
    %store/vec4 v0x7fe660f12c90_0, 0, 1;
    %pushi/vec4 1, 0, 2;
    %store/vec4 v0x7fe660f131c0_0, 0, 2;
    %jmp T_0.29;
T_0.16 ;
    %pushi/vec4 1, 0, 4;
    %store/vec4 v0x7fe661b05b70_0, 0, 4;
    %pushi/vec4 1, 0, 1;
    %store/vec4 v0x7fe660f12f60_0, 0, 1;
    %pushi/vec4 1, 0, 1;
    %store/vec4 v0x7fe660f12c90_0, 0, 1;
    %pushi/vec4 1, 0, 2;
    %store/vec4 v0x7fe660f131c0_0, 0, 2;
    %jmp T_0.29;
T_0.17 ;
    %pushi/vec4 1, 0, 4;
    %store/vec4 v0x7fe661b05b70_0, 0, 4;
    %pushi/vec4 1, 0, 1;
    %store/vec4 v0x7fe660f12f60_0, 0, 1;
    %pushi/vec4 1, 0, 1;
    %store/vec4 v0x7fe660f12c90_0, 0, 1;
    %pushi/vec4 1, 0, 2;
    %store/vec4 v0x7fe660f131c0_0, 0, 2;
    %jmp T_0.29;
T_0.18 ;
    %pushi/vec4 1, 0, 4;
    %store/vec4 v0x7fe661b05b70_0, 0, 4;
    %pushi/vec4 1, 0, 1;
    %store/vec4 v0x7fe660f12f60_0, 0, 1;
    %pushi/vec4 1, 0, 1;
    %store/vec4 v0x7fe660f12c90_0, 0, 1;
    %pushi/vec4 1, 0, 2;
    %store/vec4 v0x7fe660f131c0_0, 0, 2;
    %jmp T_0.29;
T_0.19 ;
    %pushi/vec4 1, 0, 4;
    %store/vec4 v0x7fe661b05b70_0, 0, 4;
    %pushi/vec4 1, 0, 1;
    %store/vec4 v0x7fe660f12f60_0, 0, 1;
    %pushi/vec4 1, 0, 1;
    %store/vec4 v0x7fe660f12c90_0, 0, 1;
    %pushi/vec4 1, 0, 2;
    %store/vec4 v0x7fe660f131c0_0, 0, 2;
    %jmp T_0.29;
T_0.20 ;
    %pushi/vec4 1, 0, 4;
    %store/vec4 v0x7fe661b05b70_0, 0, 4;
    %jmp T_0.29;
T_0.21 ;
    %pushi/vec4 1, 0, 4;
    %store/vec4 v0x7fe661b05b70_0, 0, 4;
    %jmp T_0.29;
T_0.22 ;
    %pushi/vec4 1, 0, 4;
    %store/vec4 v0x7fe661b05b70_0, 0, 4;
    %jmp T_0.29;
T_0.23 ;
    %pushi/vec4 1, 0, 4;
    %store/vec4 v0x7fe661b05b70_0, 0, 4;
    %load/vec4 v0x7fe660f13320_0;
    %parti/s 5, 16, 6;
    %dup/vec4;
    %pushi/vec4 0, 0, 5;
    %cmp/u;
    %jmp/1 T_0.40, 6;
    %dup/vec4;
    %pushi/vec4 1, 0, 5;
    %cmp/u;
    %jmp/1 T_0.41, 6;
    %dup/vec4;
    %pushi/vec4 16, 0, 5;
    %cmp/u;
    %jmp/1 T_0.42, 6;
    %dup/vec4;
    %pushi/vec4 17, 0, 5;
    %cmp/u;
    %jmp/1 T_0.43, 6;
    %jmp T_0.44;
T_0.40 ;
    %jmp T_0.44;
T_0.41 ;
    %jmp T_0.44;
T_0.42 ;
    %pushi/vec4 1, 0, 1;
    %store/vec4 v0x7fe660f12f60_0, 0, 1;
    %pushi/vec4 2, 0, 2;
    %store/vec4 v0x7fe660f131c0_0, 0, 2;
    %pushi/vec4 1, 0, 1;
    %store/vec4 v0x7fe660f12a10_0, 0, 1;
    %jmp T_0.44;
T_0.43 ;
    %pushi/vec4 1, 0, 1;
    %store/vec4 v0x7fe660f12f60_0, 0, 1;
    %pushi/vec4 2, 0, 2;
    %store/vec4 v0x7fe660f131c0_0, 0, 2;
    %pushi/vec4 1, 0, 1;
    %store/vec4 v0x7fe660f12a10_0, 0, 1;
    %jmp T_0.44;
T_0.44 ;
    %pop/vec4 1;
    %jmp T_0.29;
T_0.24 ;
    %pushi/vec4 1, 0, 4;
    %store/vec4 v0x7fe661b05b70_0, 0, 4;
    %load/vec4 v0x7fe660f13320_0;
    %parti/s 5, 16, 6;
    %dup/vec4;
    %pushi/vec4 0, 0, 5;
    %cmp/u;
    %jmp/1 T_0.45, 6;
    %dup/vec4;
    %pushi/vec4 1, 0, 5;
    %cmp/u;
    %jmp/1 T_0.46, 6;
    %dup/vec4;
    %pushi/vec4 16, 0, 5;
    %cmp/u;
    %jmp/1 T_0.47, 6;
    %dup/vec4;
    %pushi/vec4 17, 0, 5;
    %cmp/u;
    %jmp/1 T_0.48, 6;
    %jmp T_0.49;
T_0.45 ;
    %jmp T_0.49;
T_0.46 ;
    %jmp T_0.49;
T_0.47 ;
    %pushi/vec4 1, 0, 1;
    %store/vec4 v0x7fe660f12f60_0, 0, 1;
    %pushi/vec4 2, 0, 2;
    %store/vec4 v0x7fe660f131c0_0, 0, 2;
    %pushi/vec4 1, 0, 1;
    %store/vec4 v0x7fe660f12a10_0, 0, 1;
    %jmp T_0.49;
T_0.48 ;
    %pushi/vec4 1, 0, 1;
    %store/vec4 v0x7fe660f12f60_0, 0, 1;
    %pushi/vec4 2, 0, 2;
    %store/vec4 v0x7fe660f131c0_0, 0, 2;
    %pushi/vec4 1, 0, 1;
    %store/vec4 v0x7fe660f12a10_0, 0, 1;
    %jmp T_0.49;
T_0.49 ;
    %pop/vec4 1;
    %jmp T_0.29;
T_0.25 ;
    %pushi/vec4 1, 0, 4;
    %store/vec4 v0x7fe661b05b70_0, 0, 4;
    %load/vec4 v0x7fe660f13320_0;
    %parti/s 5, 16, 6;
    %dup/vec4;
    %pushi/vec4 0, 0, 5;
    %cmp/u;
    %jmp/1 T_0.50, 6;
    %dup/vec4;
    %pushi/vec4 1, 0, 5;
    %cmp/u;
    %jmp/1 T_0.51, 6;
    %dup/vec4;
    %pushi/vec4 16, 0, 5;
    %cmp/u;
    %jmp/1 T_0.52, 6;
    %dup/vec4;
    %pushi/vec4 17, 0, 5;
    %cmp/u;
    %jmp/1 T_0.53, 6;
    %jmp T_0.54;
T_0.50 ;
    %jmp T_0.54;
T_0.51 ;
    %jmp T_0.54;
T_0.52 ;
    %pushi/vec4 1, 0, 1;
    %store/vec4 v0x7fe660f12f60_0, 0, 1;
    %pushi/vec4 2, 0, 2;
    %store/vec4 v0x7fe660f131c0_0, 0, 2;
    %pushi/vec4 1, 0, 1;
    %store/vec4 v0x7fe660f12a10_0, 0, 1;
    %jmp T_0.54;
T_0.53 ;
    %pushi/vec4 1, 0, 1;
    %store/vec4 v0x7fe660f12f60_0, 0, 1;
    %pushi/vec4 2, 0, 2;
    %store/vec4 v0x7fe660f131c0_0, 0, 2;
    %pushi/vec4 1, 0, 1;
    %store/vec4 v0x7fe660f12a10_0, 0, 1;
    %jmp T_0.54;
T_0.54 ;
    %pop/vec4 1;
    %jmp T_0.29;
T_0.26 ;
    %pushi/vec4 1, 0, 4;
    %store/vec4 v0x7fe661b05b70_0, 0, 4;
    %load/vec4 v0x7fe660f13320_0;
    %parti/s 5, 16, 6;
    %dup/vec4;
    %pushi/vec4 0, 0, 5;
    %cmp/u;
    %jmp/1 T_0.55, 6;
    %dup/vec4;
    %pushi/vec4 1, 0, 5;
    %cmp/u;
    %jmp/1 T_0.56, 6;
    %dup/vec4;
    %pushi/vec4 16, 0, 5;
    %cmp/u;
    %jmp/1 T_0.57, 6;
    %dup/vec4;
    %pushi/vec4 17, 0, 5;
    %cmp/u;
    %jmp/1 T_0.58, 6;
    %jmp T_0.59;
T_0.55 ;
    %jmp T_0.59;
T_0.56 ;
    %jmp T_0.59;
T_0.57 ;
    %pushi/vec4 1, 0, 1;
    %store/vec4 v0x7fe660f12f60_0, 0, 1;
    %pushi/vec4 2, 0, 2;
    %store/vec4 v0x7fe660f131c0_0, 0, 2;
    %pushi/vec4 1, 0, 1;
    %store/vec4 v0x7fe660f12a10_0, 0, 1;
    %jmp T_0.59;
T_0.58 ;
    %pushi/vec4 1, 0, 1;
    %store/vec4 v0x7fe660f12f60_0, 0, 1;
    %pushi/vec4 2, 0, 2;
    %store/vec4 v0x7fe660f131c0_0, 0, 2;
    %pushi/vec4 1, 0, 1;
    %store/vec4 v0x7fe660f12a10_0, 0, 1;
    %jmp T_0.59;
T_0.59 ;
    %pop/vec4 1;
    %jmp T_0.29;
T_0.27 ;
    %pushi/vec4 1, 0, 4;
    %store/vec4 v0x7fe661b05b70_0, 0, 4;
    %load/vec4 v0x7fe660f13320_0;
    %parti/s 5, 16, 6;
    %dup/vec4;
    %pushi/vec4 0, 0, 5;
    %cmp/u;
    %jmp/1 T_0.60, 6;
    %dup/vec4;
    %pushi/vec4 1, 0, 5;
    %cmp/u;
    %jmp/1 T_0.61, 6;
    %dup/vec4;
    %pushi/vec4 16, 0, 5;
    %cmp/u;
    %jmp/1 T_0.62, 6;
    %dup/vec4;
    %pushi/vec4 17, 0, 5;
    %cmp/u;
    %jmp/1 T_0.63, 6;
    %jmp T_0.64;
T_0.60 ;
    %jmp T_0.64;
T_0.61 ;
    %jmp T_0.64;
T_0.62 ;
    %pushi/vec4 1, 0, 1;
    %store/vec4 v0x7fe660f12f60_0, 0, 1;
    %pushi/vec4 2, 0, 2;
    %store/vec4 v0x7fe660f131c0_0, 0, 2;
    %pushi/vec4 1, 0, 1;
    %store/vec4 v0x7fe660f12a10_0, 0, 1;
    %jmp T_0.64;
T_0.63 ;
    %pushi/vec4 1, 0, 1;
    %store/vec4 v0x7fe660f12f60_0, 0, 1;
    %pushi/vec4 2, 0, 2;
    %store/vec4 v0x7fe660f131c0_0, 0, 2;
    %pushi/vec4 1, 0, 1;
    %store/vec4 v0x7fe660f12a10_0, 0, 1;
    %jmp T_0.64;
T_0.64 ;
    %pop/vec4 1;
    %jmp T_0.29;
T_0.29 ;
    %pop/vec4 1;
    %load/vec4 v0x7fe660f12c90_0;
    %ix/load 4, 0, 0;
    %flag_set/imm 4, 0;
    %store/vec4 v0x7fe660f13270_0, 4, 1;
    %load/vec4 v0x7fe660f12dd0_0;
    %ix/load 4, 1, 0;
    %flag_set/imm 4, 0;
    %store/vec4 v0x7fe660f13270_0, 4, 1;
    %load/vec4 v0x7fe660f12bf0_0;
    %ix/load 4, 2, 0;
    %flag_set/imm 4, 0;
    %store/vec4 v0x7fe660f13270_0, 4, 1;
    %load/vec4 v0x7fe660f12f60_0;
    %ix/load 4, 3, 0;
    %flag_set/imm 4, 0;
    %store/vec4 v0x7fe660f13270_0, 4, 1;
    %load/vec4 v0x7fe660f12970_0;
    %ix/load 4, 4, 0;
    %flag_set/imm 4, 0;
    %store/vec4 v0x7fe660f13270_0, 4, 1;
    %load/vec4 v0x7fe660f12d30_0;
    %ix/load 4, 5, 0;
    %flag_set/imm 4, 0;
    %store/vec4 v0x7fe660f13270_0, 4, 1;
    %load/vec4 v0x7fe660f127c0_0;
    %ix/load 4, 6, 0;
    %flag_set/imm 4, 0;
    %store/vec4 v0x7fe660f13270_0, 4, 1;
    %load/vec4 v0x7fe660f12860_0;
    %ix/load 4, 7, 0;
    %flag_set/imm 4, 0;
    %store/vec4 v0x7fe660f13270_0, 4, 2;
    %load/vec4 v0x7fe660f12680_0;
    %ix/load 4, 9, 0;
    %flag_set/imm 4, 0;
    %store/vec4 v0x7fe660f13270_0, 4, 1;
    %load/vec4 v0x7fe660f12720_0;
    %ix/load 4, 10, 0;
    %flag_set/imm 4, 0;
    %store/vec4 v0x7fe660f13270_0, 4, 1;
    %load/vec4 v0x7fe661b05b70_0;
    %pad/u 3;
    %ix/load 4, 11, 0;
    %flag_set/imm 4, 0;
    %store/vec4 v0x7fe660f13270_0, 4, 3;
    %load/vec4 v0x7fe660f13080_0;
    %pad/u 2;
    %ix/load 4, 14, 0;
    %flag_set/imm 4, 0;
    %store/vec4 v0x7fe660f13270_0, 4, 2;
    %load/vec4 v0x7fe660f12ff0_0;
    %ix/load 4, 16, 0;
    %flag_set/imm 4, 0;
    %store/vec4 v0x7fe660f13270_0, 4, 1;
    %load/vec4 v0x7fe660f123a0_0;
    %ix/load 4, 17, 0;
    %flag_set/imm 4, 0;
    %store/vec4 v0x7fe660f13270_0, 4, 1;
    %load/vec4 v0x7fe660f131c0_0;
    %ix/load 4, 18, 0;
    %flag_set/imm 4, 0;
    %store/vec4 v0x7fe660f13270_0, 4, 2;
    %load/vec4 v0x7fe660f12500_0;
    %ix/load 4, 20, 0;
    %flag_set/imm 4, 0;
    %store/vec4 v0x7fe660f13270_0, 4, 1;
    %load/vec4 v0x7fe660f12a10_0;
    %ix/load 4, 21, 0;
    %flag_set/imm 4, 0;
    %store/vec4 v0x7fe660f13270_0, 4, 1;
    %load/vec4 v0x7fe660f12ab0_0;
    %ix/load 4, 22, 0;
    %flag_set/imm 4, 0;
    %store/vec4 v0x7fe660f13270_0, 4, 1;
    %load/vec4 v0x7fe660f125a0_0;
    %ix/load 4, 23, 0;
    %flag_set/imm 4, 0;
    %store/vec4 v0x7fe660f13270_0, 4, 1;
    %jmp T_0;
    .thread T_0, $push;
    .scope S_0x7fe661b058d0;
T_1 ;
    %wait E_0x7fe660f13400;
    %load/vec4 v0x7fe660f13450_0;
    %cmpi/e 1, 0, 1;
    %jmp/0xz  T_1.0, 4;
    %load/vec4 v0x7fe660f13500_0;
    %assign/vec4 v0x7fe660f135a0_0, 0;
    %jmp T_1.1;
T_1.0 ;
    %pushi/vec4 0, 0, 24;
    %store/vec4 v0x7fe660f135a0_0, 0, 24;
T_1.1 ;
    %jmp T_1;
    .thread T_1, $push;
# The file index is used to find the file name in the following table.
:file_names 3;
    "N/A";
    "<interactive>";
    "control-unit-v2.v";
