#! /usr/local/Cellar/icarus-verilog/11.0/bin/vvp
:ivl_version "11.0 (stable)";
:ivl_delay_selection "TYPICAL";
:vpi_time_precision + 0;
:vpi_module "/usr/local/Cellar/icarus-verilog/11.0/lib/ivl/system.vpi";
:vpi_module "/usr/local/Cellar/icarus-verilog/11.0/lib/ivl/vhdl_sys.vpi";
:vpi_module "/usr/local/Cellar/icarus-verilog/11.0/lib/ivl/vhdl_textio.vpi";
:vpi_module "/usr/local/Cellar/icarus-verilog/11.0/lib/ivl/v2005_math.vpi";
:vpi_module "/usr/local/Cellar/icarus-verilog/11.0/lib/ivl/va_math.vpi";
S_0x7fbc2e1077e0 .scope module, "ram_512x8" "ram_512x8" 2 1;
 .timescale 0 0;
    .port_info 0 /OUTPUT 32 "DataOut";
    .port_info 1 /INPUT 1 "Enable";
    .port_info 2 /INPUT 1 "ReadWrite";
    .port_info 3 /INPUT 1 "SignExtend";
    .port_info 4 /INPUT 8 "Address";
    .port_info 5 /INPUT 32 "DataIn";
    .port_info 6 /INPUT 2 "Size";
o0x7fbc2e332008 .functor BUFZ 8, C4<zzzzzzzz>; HiZ drive
v0x7fbc2e1051a0_0 .net "Address", 7 0, o0x7fbc2e332008;  0 drivers
o0x7fbc2e332038 .functor BUFZ 32, C4<zzzzzzzzzzzzzzzzzzzzzzzzzzzzzzzz>; HiZ drive
v0x7fbc2e1176e0_0 .net "DataIn", 31 0, o0x7fbc2e332038;  0 drivers
v0x7fbc2e117780_0 .var "DataOut", 31 0;
o0x7fbc2e332098 .functor BUFZ 1, C4<z>; HiZ drive
v0x7fbc2e117830_0 .net "Enable", 0 0, o0x7fbc2e332098;  0 drivers
v0x7fbc2e1178d0 .array "Mem", 511 0, 7 0;
o0x7fbc2e3380c8 .functor BUFZ 1, C4<z>; HiZ drive
v0x7fbc2e1199b0_0 .net "ReadWrite", 0 0, o0x7fbc2e3380c8;  0 drivers
o0x7fbc2e3380f8 .functor BUFZ 1, C4<z>; HiZ drive
v0x7fbc2e119a50_0 .net "SignExtend", 0 0, o0x7fbc2e3380f8;  0 drivers
o0x7fbc2e338128 .functor BUFZ 2, C4<zz>; HiZ drive
v0x7fbc2e119af0_0 .net "Size", 1 0, o0x7fbc2e338128;  0 drivers
E_0x7fbc2e106b20/0 .event edge, v0x7fbc2e117830_0, v0x7fbc2e1199b0_0, v0x7fbc2e119af0_0, v0x7fbc2e1176e0_0;
v0x7fbc2e1178d0_0 .array/port v0x7fbc2e1178d0, 0;
v0x7fbc2e1178d0_1 .array/port v0x7fbc2e1178d0, 1;
E_0x7fbc2e106b20/1 .event edge, v0x7fbc2e1051a0_0, v0x7fbc2e119a50_0, v0x7fbc2e1178d0_0, v0x7fbc2e1178d0_1;
v0x7fbc2e1178d0_2 .array/port v0x7fbc2e1178d0, 2;
v0x7fbc2e1178d0_3 .array/port v0x7fbc2e1178d0, 3;
v0x7fbc2e1178d0_4 .array/port v0x7fbc2e1178d0, 4;
v0x7fbc2e1178d0_5 .array/port v0x7fbc2e1178d0, 5;
E_0x7fbc2e106b20/2 .event edge, v0x7fbc2e1178d0_2, v0x7fbc2e1178d0_3, v0x7fbc2e1178d0_4, v0x7fbc2e1178d0_5;
v0x7fbc2e1178d0_6 .array/port v0x7fbc2e1178d0, 6;
v0x7fbc2e1178d0_7 .array/port v0x7fbc2e1178d0, 7;
v0x7fbc2e1178d0_8 .array/port v0x7fbc2e1178d0, 8;
v0x7fbc2e1178d0_9 .array/port v0x7fbc2e1178d0, 9;
E_0x7fbc2e106b20/3 .event edge, v0x7fbc2e1178d0_6, v0x7fbc2e1178d0_7, v0x7fbc2e1178d0_8, v0x7fbc2e1178d0_9;
v0x7fbc2e1178d0_10 .array/port v0x7fbc2e1178d0, 10;
v0x7fbc2e1178d0_11 .array/port v0x7fbc2e1178d0, 11;
v0x7fbc2e1178d0_12 .array/port v0x7fbc2e1178d0, 12;
v0x7fbc2e1178d0_13 .array/port v0x7fbc2e1178d0, 13;
E_0x7fbc2e106b20/4 .event edge, v0x7fbc2e1178d0_10, v0x7fbc2e1178d0_11, v0x7fbc2e1178d0_12, v0x7fbc2e1178d0_13;
v0x7fbc2e1178d0_14 .array/port v0x7fbc2e1178d0, 14;
v0x7fbc2e1178d0_15 .array/port v0x7fbc2e1178d0, 15;
v0x7fbc2e1178d0_16 .array/port v0x7fbc2e1178d0, 16;
v0x7fbc2e1178d0_17 .array/port v0x7fbc2e1178d0, 17;
E_0x7fbc2e106b20/5 .event edge, v0x7fbc2e1178d0_14, v0x7fbc2e1178d0_15, v0x7fbc2e1178d0_16, v0x7fbc2e1178d0_17;
v0x7fbc2e1178d0_18 .array/port v0x7fbc2e1178d0, 18;
v0x7fbc2e1178d0_19 .array/port v0x7fbc2e1178d0, 19;
v0x7fbc2e1178d0_20 .array/port v0x7fbc2e1178d0, 20;
v0x7fbc2e1178d0_21 .array/port v0x7fbc2e1178d0, 21;
E_0x7fbc2e106b20/6 .event edge, v0x7fbc2e1178d0_18, v0x7fbc2e1178d0_19, v0x7fbc2e1178d0_20, v0x7fbc2e1178d0_21;
v0x7fbc2e1178d0_22 .array/port v0x7fbc2e1178d0, 22;
v0x7fbc2e1178d0_23 .array/port v0x7fbc2e1178d0, 23;
v0x7fbc2e1178d0_24 .array/port v0x7fbc2e1178d0, 24;
v0x7fbc2e1178d0_25 .array/port v0x7fbc2e1178d0, 25;
E_0x7fbc2e106b20/7 .event edge, v0x7fbc2e1178d0_22, v0x7fbc2e1178d0_23, v0x7fbc2e1178d0_24, v0x7fbc2e1178d0_25;
v0x7fbc2e1178d0_26 .array/port v0x7fbc2e1178d0, 26;
v0x7fbc2e1178d0_27 .array/port v0x7fbc2e1178d0, 27;
v0x7fbc2e1178d0_28 .array/port v0x7fbc2e1178d0, 28;
v0x7fbc2e1178d0_29 .array/port v0x7fbc2e1178d0, 29;
E_0x7fbc2e106b20/8 .event edge, v0x7fbc2e1178d0_26, v0x7fbc2e1178d0_27, v0x7fbc2e1178d0_28, v0x7fbc2e1178d0_29;
v0x7fbc2e1178d0_30 .array/port v0x7fbc2e1178d0, 30;
v0x7fbc2e1178d0_31 .array/port v0x7fbc2e1178d0, 31;
v0x7fbc2e1178d0_32 .array/port v0x7fbc2e1178d0, 32;
v0x7fbc2e1178d0_33 .array/port v0x7fbc2e1178d0, 33;
E_0x7fbc2e106b20/9 .event edge, v0x7fbc2e1178d0_30, v0x7fbc2e1178d0_31, v0x7fbc2e1178d0_32, v0x7fbc2e1178d0_33;
v0x7fbc2e1178d0_34 .array/port v0x7fbc2e1178d0, 34;
v0x7fbc2e1178d0_35 .array/port v0x7fbc2e1178d0, 35;
v0x7fbc2e1178d0_36 .array/port v0x7fbc2e1178d0, 36;
v0x7fbc2e1178d0_37 .array/port v0x7fbc2e1178d0, 37;
E_0x7fbc2e106b20/10 .event edge, v0x7fbc2e1178d0_34, v0x7fbc2e1178d0_35, v0x7fbc2e1178d0_36, v0x7fbc2e1178d0_37;
v0x7fbc2e1178d0_38 .array/port v0x7fbc2e1178d0, 38;
v0x7fbc2e1178d0_39 .array/port v0x7fbc2e1178d0, 39;
v0x7fbc2e1178d0_40 .array/port v0x7fbc2e1178d0, 40;
v0x7fbc2e1178d0_41 .array/port v0x7fbc2e1178d0, 41;
E_0x7fbc2e106b20/11 .event edge, v0x7fbc2e1178d0_38, v0x7fbc2e1178d0_39, v0x7fbc2e1178d0_40, v0x7fbc2e1178d0_41;
v0x7fbc2e1178d0_42 .array/port v0x7fbc2e1178d0, 42;
v0x7fbc2e1178d0_43 .array/port v0x7fbc2e1178d0, 43;
v0x7fbc2e1178d0_44 .array/port v0x7fbc2e1178d0, 44;
v0x7fbc2e1178d0_45 .array/port v0x7fbc2e1178d0, 45;
E_0x7fbc2e106b20/12 .event edge, v0x7fbc2e1178d0_42, v0x7fbc2e1178d0_43, v0x7fbc2e1178d0_44, v0x7fbc2e1178d0_45;
v0x7fbc2e1178d0_46 .array/port v0x7fbc2e1178d0, 46;
v0x7fbc2e1178d0_47 .array/port v0x7fbc2e1178d0, 47;
v0x7fbc2e1178d0_48 .array/port v0x7fbc2e1178d0, 48;
v0x7fbc2e1178d0_49 .array/port v0x7fbc2e1178d0, 49;
E_0x7fbc2e106b20/13 .event edge, v0x7fbc2e1178d0_46, v0x7fbc2e1178d0_47, v0x7fbc2e1178d0_48, v0x7fbc2e1178d0_49;
v0x7fbc2e1178d0_50 .array/port v0x7fbc2e1178d0, 50;
v0x7fbc2e1178d0_51 .array/port v0x7fbc2e1178d0, 51;
v0x7fbc2e1178d0_52 .array/port v0x7fbc2e1178d0, 52;
v0x7fbc2e1178d0_53 .array/port v0x7fbc2e1178d0, 53;
E_0x7fbc2e106b20/14 .event edge, v0x7fbc2e1178d0_50, v0x7fbc2e1178d0_51, v0x7fbc2e1178d0_52, v0x7fbc2e1178d0_53;
v0x7fbc2e1178d0_54 .array/port v0x7fbc2e1178d0, 54;
v0x7fbc2e1178d0_55 .array/port v0x7fbc2e1178d0, 55;
v0x7fbc2e1178d0_56 .array/port v0x7fbc2e1178d0, 56;
v0x7fbc2e1178d0_57 .array/port v0x7fbc2e1178d0, 57;
E_0x7fbc2e106b20/15 .event edge, v0x7fbc2e1178d0_54, v0x7fbc2e1178d0_55, v0x7fbc2e1178d0_56, v0x7fbc2e1178d0_57;
v0x7fbc2e1178d0_58 .array/port v0x7fbc2e1178d0, 58;
v0x7fbc2e1178d0_59 .array/port v0x7fbc2e1178d0, 59;
v0x7fbc2e1178d0_60 .array/port v0x7fbc2e1178d0, 60;
v0x7fbc2e1178d0_61 .array/port v0x7fbc2e1178d0, 61;
E_0x7fbc2e106b20/16 .event edge, v0x7fbc2e1178d0_58, v0x7fbc2e1178d0_59, v0x7fbc2e1178d0_60, v0x7fbc2e1178d0_61;
v0x7fbc2e1178d0_62 .array/port v0x7fbc2e1178d0, 62;
v0x7fbc2e1178d0_63 .array/port v0x7fbc2e1178d0, 63;
v0x7fbc2e1178d0_64 .array/port v0x7fbc2e1178d0, 64;
v0x7fbc2e1178d0_65 .array/port v0x7fbc2e1178d0, 65;
E_0x7fbc2e106b20/17 .event edge, v0x7fbc2e1178d0_62, v0x7fbc2e1178d0_63, v0x7fbc2e1178d0_64, v0x7fbc2e1178d0_65;
v0x7fbc2e1178d0_66 .array/port v0x7fbc2e1178d0, 66;
v0x7fbc2e1178d0_67 .array/port v0x7fbc2e1178d0, 67;
v0x7fbc2e1178d0_68 .array/port v0x7fbc2e1178d0, 68;
v0x7fbc2e1178d0_69 .array/port v0x7fbc2e1178d0, 69;
E_0x7fbc2e106b20/18 .event edge, v0x7fbc2e1178d0_66, v0x7fbc2e1178d0_67, v0x7fbc2e1178d0_68, v0x7fbc2e1178d0_69;
v0x7fbc2e1178d0_70 .array/port v0x7fbc2e1178d0, 70;
v0x7fbc2e1178d0_71 .array/port v0x7fbc2e1178d0, 71;
v0x7fbc2e1178d0_72 .array/port v0x7fbc2e1178d0, 72;
v0x7fbc2e1178d0_73 .array/port v0x7fbc2e1178d0, 73;
E_0x7fbc2e106b20/19 .event edge, v0x7fbc2e1178d0_70, v0x7fbc2e1178d0_71, v0x7fbc2e1178d0_72, v0x7fbc2e1178d0_73;
v0x7fbc2e1178d0_74 .array/port v0x7fbc2e1178d0, 74;
v0x7fbc2e1178d0_75 .array/port v0x7fbc2e1178d0, 75;
v0x7fbc2e1178d0_76 .array/port v0x7fbc2e1178d0, 76;
v0x7fbc2e1178d0_77 .array/port v0x7fbc2e1178d0, 77;
E_0x7fbc2e106b20/20 .event edge, v0x7fbc2e1178d0_74, v0x7fbc2e1178d0_75, v0x7fbc2e1178d0_76, v0x7fbc2e1178d0_77;
v0x7fbc2e1178d0_78 .array/port v0x7fbc2e1178d0, 78;
v0x7fbc2e1178d0_79 .array/port v0x7fbc2e1178d0, 79;
v0x7fbc2e1178d0_80 .array/port v0x7fbc2e1178d0, 80;
v0x7fbc2e1178d0_81 .array/port v0x7fbc2e1178d0, 81;
E_0x7fbc2e106b20/21 .event edge, v0x7fbc2e1178d0_78, v0x7fbc2e1178d0_79, v0x7fbc2e1178d0_80, v0x7fbc2e1178d0_81;
v0x7fbc2e1178d0_82 .array/port v0x7fbc2e1178d0, 82;
v0x7fbc2e1178d0_83 .array/port v0x7fbc2e1178d0, 83;
v0x7fbc2e1178d0_84 .array/port v0x7fbc2e1178d0, 84;
v0x7fbc2e1178d0_85 .array/port v0x7fbc2e1178d0, 85;
E_0x7fbc2e106b20/22 .event edge, v0x7fbc2e1178d0_82, v0x7fbc2e1178d0_83, v0x7fbc2e1178d0_84, v0x7fbc2e1178d0_85;
v0x7fbc2e1178d0_86 .array/port v0x7fbc2e1178d0, 86;
v0x7fbc2e1178d0_87 .array/port v0x7fbc2e1178d0, 87;
v0x7fbc2e1178d0_88 .array/port v0x7fbc2e1178d0, 88;
v0x7fbc2e1178d0_89 .array/port v0x7fbc2e1178d0, 89;
E_0x7fbc2e106b20/23 .event edge, v0x7fbc2e1178d0_86, v0x7fbc2e1178d0_87, v0x7fbc2e1178d0_88, v0x7fbc2e1178d0_89;
v0x7fbc2e1178d0_90 .array/port v0x7fbc2e1178d0, 90;
v0x7fbc2e1178d0_91 .array/port v0x7fbc2e1178d0, 91;
v0x7fbc2e1178d0_92 .array/port v0x7fbc2e1178d0, 92;
v0x7fbc2e1178d0_93 .array/port v0x7fbc2e1178d0, 93;
E_0x7fbc2e106b20/24 .event edge, v0x7fbc2e1178d0_90, v0x7fbc2e1178d0_91, v0x7fbc2e1178d0_92, v0x7fbc2e1178d0_93;
v0x7fbc2e1178d0_94 .array/port v0x7fbc2e1178d0, 94;
v0x7fbc2e1178d0_95 .array/port v0x7fbc2e1178d0, 95;
v0x7fbc2e1178d0_96 .array/port v0x7fbc2e1178d0, 96;
v0x7fbc2e1178d0_97 .array/port v0x7fbc2e1178d0, 97;
E_0x7fbc2e106b20/25 .event edge, v0x7fbc2e1178d0_94, v0x7fbc2e1178d0_95, v0x7fbc2e1178d0_96, v0x7fbc2e1178d0_97;
v0x7fbc2e1178d0_98 .array/port v0x7fbc2e1178d0, 98;
v0x7fbc2e1178d0_99 .array/port v0x7fbc2e1178d0, 99;
v0x7fbc2e1178d0_100 .array/port v0x7fbc2e1178d0, 100;
v0x7fbc2e1178d0_101 .array/port v0x7fbc2e1178d0, 101;
E_0x7fbc2e106b20/26 .event edge, v0x7fbc2e1178d0_98, v0x7fbc2e1178d0_99, v0x7fbc2e1178d0_100, v0x7fbc2e1178d0_101;
v0x7fbc2e1178d0_102 .array/port v0x7fbc2e1178d0, 102;
v0x7fbc2e1178d0_103 .array/port v0x7fbc2e1178d0, 103;
v0x7fbc2e1178d0_104 .array/port v0x7fbc2e1178d0, 104;
v0x7fbc2e1178d0_105 .array/port v0x7fbc2e1178d0, 105;
E_0x7fbc2e106b20/27 .event edge, v0x7fbc2e1178d0_102, v0x7fbc2e1178d0_103, v0x7fbc2e1178d0_104, v0x7fbc2e1178d0_105;
v0x7fbc2e1178d0_106 .array/port v0x7fbc2e1178d0, 106;
v0x7fbc2e1178d0_107 .array/port v0x7fbc2e1178d0, 107;
v0x7fbc2e1178d0_108 .array/port v0x7fbc2e1178d0, 108;
v0x7fbc2e1178d0_109 .array/port v0x7fbc2e1178d0, 109;
E_0x7fbc2e106b20/28 .event edge, v0x7fbc2e1178d0_106, v0x7fbc2e1178d0_107, v0x7fbc2e1178d0_108, v0x7fbc2e1178d0_109;
v0x7fbc2e1178d0_110 .array/port v0x7fbc2e1178d0, 110;
v0x7fbc2e1178d0_111 .array/port v0x7fbc2e1178d0, 111;
v0x7fbc2e1178d0_112 .array/port v0x7fbc2e1178d0, 112;
v0x7fbc2e1178d0_113 .array/port v0x7fbc2e1178d0, 113;
E_0x7fbc2e106b20/29 .event edge, v0x7fbc2e1178d0_110, v0x7fbc2e1178d0_111, v0x7fbc2e1178d0_112, v0x7fbc2e1178d0_113;
v0x7fbc2e1178d0_114 .array/port v0x7fbc2e1178d0, 114;
v0x7fbc2e1178d0_115 .array/port v0x7fbc2e1178d0, 115;
v0x7fbc2e1178d0_116 .array/port v0x7fbc2e1178d0, 116;
v0x7fbc2e1178d0_117 .array/port v0x7fbc2e1178d0, 117;
E_0x7fbc2e106b20/30 .event edge, v0x7fbc2e1178d0_114, v0x7fbc2e1178d0_115, v0x7fbc2e1178d0_116, v0x7fbc2e1178d0_117;
v0x7fbc2e1178d0_118 .array/port v0x7fbc2e1178d0, 118;
v0x7fbc2e1178d0_119 .array/port v0x7fbc2e1178d0, 119;
v0x7fbc2e1178d0_120 .array/port v0x7fbc2e1178d0, 120;
v0x7fbc2e1178d0_121 .array/port v0x7fbc2e1178d0, 121;
E_0x7fbc2e106b20/31 .event edge, v0x7fbc2e1178d0_118, v0x7fbc2e1178d0_119, v0x7fbc2e1178d0_120, v0x7fbc2e1178d0_121;
v0x7fbc2e1178d0_122 .array/port v0x7fbc2e1178d0, 122;
v0x7fbc2e1178d0_123 .array/port v0x7fbc2e1178d0, 123;
v0x7fbc2e1178d0_124 .array/port v0x7fbc2e1178d0, 124;
v0x7fbc2e1178d0_125 .array/port v0x7fbc2e1178d0, 125;
E_0x7fbc2e106b20/32 .event edge, v0x7fbc2e1178d0_122, v0x7fbc2e1178d0_123, v0x7fbc2e1178d0_124, v0x7fbc2e1178d0_125;
v0x7fbc2e1178d0_126 .array/port v0x7fbc2e1178d0, 126;
v0x7fbc2e1178d0_127 .array/port v0x7fbc2e1178d0, 127;
v0x7fbc2e1178d0_128 .array/port v0x7fbc2e1178d0, 128;
v0x7fbc2e1178d0_129 .array/port v0x7fbc2e1178d0, 129;
E_0x7fbc2e106b20/33 .event edge, v0x7fbc2e1178d0_126, v0x7fbc2e1178d0_127, v0x7fbc2e1178d0_128, v0x7fbc2e1178d0_129;
v0x7fbc2e1178d0_130 .array/port v0x7fbc2e1178d0, 130;
v0x7fbc2e1178d0_131 .array/port v0x7fbc2e1178d0, 131;
v0x7fbc2e1178d0_132 .array/port v0x7fbc2e1178d0, 132;
v0x7fbc2e1178d0_133 .array/port v0x7fbc2e1178d0, 133;
E_0x7fbc2e106b20/34 .event edge, v0x7fbc2e1178d0_130, v0x7fbc2e1178d0_131, v0x7fbc2e1178d0_132, v0x7fbc2e1178d0_133;
v0x7fbc2e1178d0_134 .array/port v0x7fbc2e1178d0, 134;
v0x7fbc2e1178d0_135 .array/port v0x7fbc2e1178d0, 135;
v0x7fbc2e1178d0_136 .array/port v0x7fbc2e1178d0, 136;
v0x7fbc2e1178d0_137 .array/port v0x7fbc2e1178d0, 137;
E_0x7fbc2e106b20/35 .event edge, v0x7fbc2e1178d0_134, v0x7fbc2e1178d0_135, v0x7fbc2e1178d0_136, v0x7fbc2e1178d0_137;
v0x7fbc2e1178d0_138 .array/port v0x7fbc2e1178d0, 138;
v0x7fbc2e1178d0_139 .array/port v0x7fbc2e1178d0, 139;
v0x7fbc2e1178d0_140 .array/port v0x7fbc2e1178d0, 140;
v0x7fbc2e1178d0_141 .array/port v0x7fbc2e1178d0, 141;
E_0x7fbc2e106b20/36 .event edge, v0x7fbc2e1178d0_138, v0x7fbc2e1178d0_139, v0x7fbc2e1178d0_140, v0x7fbc2e1178d0_141;
v0x7fbc2e1178d0_142 .array/port v0x7fbc2e1178d0, 142;
v0x7fbc2e1178d0_143 .array/port v0x7fbc2e1178d0, 143;
v0x7fbc2e1178d0_144 .array/port v0x7fbc2e1178d0, 144;
v0x7fbc2e1178d0_145 .array/port v0x7fbc2e1178d0, 145;
E_0x7fbc2e106b20/37 .event edge, v0x7fbc2e1178d0_142, v0x7fbc2e1178d0_143, v0x7fbc2e1178d0_144, v0x7fbc2e1178d0_145;
v0x7fbc2e1178d0_146 .array/port v0x7fbc2e1178d0, 146;
v0x7fbc2e1178d0_147 .array/port v0x7fbc2e1178d0, 147;
v0x7fbc2e1178d0_148 .array/port v0x7fbc2e1178d0, 148;
v0x7fbc2e1178d0_149 .array/port v0x7fbc2e1178d0, 149;
E_0x7fbc2e106b20/38 .event edge, v0x7fbc2e1178d0_146, v0x7fbc2e1178d0_147, v0x7fbc2e1178d0_148, v0x7fbc2e1178d0_149;
v0x7fbc2e1178d0_150 .array/port v0x7fbc2e1178d0, 150;
v0x7fbc2e1178d0_151 .array/port v0x7fbc2e1178d0, 151;
v0x7fbc2e1178d0_152 .array/port v0x7fbc2e1178d0, 152;
v0x7fbc2e1178d0_153 .array/port v0x7fbc2e1178d0, 153;
E_0x7fbc2e106b20/39 .event edge, v0x7fbc2e1178d0_150, v0x7fbc2e1178d0_151, v0x7fbc2e1178d0_152, v0x7fbc2e1178d0_153;
v0x7fbc2e1178d0_154 .array/port v0x7fbc2e1178d0, 154;
v0x7fbc2e1178d0_155 .array/port v0x7fbc2e1178d0, 155;
v0x7fbc2e1178d0_156 .array/port v0x7fbc2e1178d0, 156;
v0x7fbc2e1178d0_157 .array/port v0x7fbc2e1178d0, 157;
E_0x7fbc2e106b20/40 .event edge, v0x7fbc2e1178d0_154, v0x7fbc2e1178d0_155, v0x7fbc2e1178d0_156, v0x7fbc2e1178d0_157;
v0x7fbc2e1178d0_158 .array/port v0x7fbc2e1178d0, 158;
v0x7fbc2e1178d0_159 .array/port v0x7fbc2e1178d0, 159;
v0x7fbc2e1178d0_160 .array/port v0x7fbc2e1178d0, 160;
v0x7fbc2e1178d0_161 .array/port v0x7fbc2e1178d0, 161;
E_0x7fbc2e106b20/41 .event edge, v0x7fbc2e1178d0_158, v0x7fbc2e1178d0_159, v0x7fbc2e1178d0_160, v0x7fbc2e1178d0_161;
v0x7fbc2e1178d0_162 .array/port v0x7fbc2e1178d0, 162;
v0x7fbc2e1178d0_163 .array/port v0x7fbc2e1178d0, 163;
v0x7fbc2e1178d0_164 .array/port v0x7fbc2e1178d0, 164;
v0x7fbc2e1178d0_165 .array/port v0x7fbc2e1178d0, 165;
E_0x7fbc2e106b20/42 .event edge, v0x7fbc2e1178d0_162, v0x7fbc2e1178d0_163, v0x7fbc2e1178d0_164, v0x7fbc2e1178d0_165;
v0x7fbc2e1178d0_166 .array/port v0x7fbc2e1178d0, 166;
v0x7fbc2e1178d0_167 .array/port v0x7fbc2e1178d0, 167;
v0x7fbc2e1178d0_168 .array/port v0x7fbc2e1178d0, 168;
v0x7fbc2e1178d0_169 .array/port v0x7fbc2e1178d0, 169;
E_0x7fbc2e106b20/43 .event edge, v0x7fbc2e1178d0_166, v0x7fbc2e1178d0_167, v0x7fbc2e1178d0_168, v0x7fbc2e1178d0_169;
v0x7fbc2e1178d0_170 .array/port v0x7fbc2e1178d0, 170;
v0x7fbc2e1178d0_171 .array/port v0x7fbc2e1178d0, 171;
v0x7fbc2e1178d0_172 .array/port v0x7fbc2e1178d0, 172;
v0x7fbc2e1178d0_173 .array/port v0x7fbc2e1178d0, 173;
E_0x7fbc2e106b20/44 .event edge, v0x7fbc2e1178d0_170, v0x7fbc2e1178d0_171, v0x7fbc2e1178d0_172, v0x7fbc2e1178d0_173;
v0x7fbc2e1178d0_174 .array/port v0x7fbc2e1178d0, 174;
v0x7fbc2e1178d0_175 .array/port v0x7fbc2e1178d0, 175;
v0x7fbc2e1178d0_176 .array/port v0x7fbc2e1178d0, 176;
v0x7fbc2e1178d0_177 .array/port v0x7fbc2e1178d0, 177;
E_0x7fbc2e106b20/45 .event edge, v0x7fbc2e1178d0_174, v0x7fbc2e1178d0_175, v0x7fbc2e1178d0_176, v0x7fbc2e1178d0_177;
v0x7fbc2e1178d0_178 .array/port v0x7fbc2e1178d0, 178;
v0x7fbc2e1178d0_179 .array/port v0x7fbc2e1178d0, 179;
v0x7fbc2e1178d0_180 .array/port v0x7fbc2e1178d0, 180;
v0x7fbc2e1178d0_181 .array/port v0x7fbc2e1178d0, 181;
E_0x7fbc2e106b20/46 .event edge, v0x7fbc2e1178d0_178, v0x7fbc2e1178d0_179, v0x7fbc2e1178d0_180, v0x7fbc2e1178d0_181;
v0x7fbc2e1178d0_182 .array/port v0x7fbc2e1178d0, 182;
v0x7fbc2e1178d0_183 .array/port v0x7fbc2e1178d0, 183;
v0x7fbc2e1178d0_184 .array/port v0x7fbc2e1178d0, 184;
v0x7fbc2e1178d0_185 .array/port v0x7fbc2e1178d0, 185;
E_0x7fbc2e106b20/47 .event edge, v0x7fbc2e1178d0_182, v0x7fbc2e1178d0_183, v0x7fbc2e1178d0_184, v0x7fbc2e1178d0_185;
v0x7fbc2e1178d0_186 .array/port v0x7fbc2e1178d0, 186;
v0x7fbc2e1178d0_187 .array/port v0x7fbc2e1178d0, 187;
v0x7fbc2e1178d0_188 .array/port v0x7fbc2e1178d0, 188;
v0x7fbc2e1178d0_189 .array/port v0x7fbc2e1178d0, 189;
E_0x7fbc2e106b20/48 .event edge, v0x7fbc2e1178d0_186, v0x7fbc2e1178d0_187, v0x7fbc2e1178d0_188, v0x7fbc2e1178d0_189;
v0x7fbc2e1178d0_190 .array/port v0x7fbc2e1178d0, 190;
v0x7fbc2e1178d0_191 .array/port v0x7fbc2e1178d0, 191;
v0x7fbc2e1178d0_192 .array/port v0x7fbc2e1178d0, 192;
v0x7fbc2e1178d0_193 .array/port v0x7fbc2e1178d0, 193;
E_0x7fbc2e106b20/49 .event edge, v0x7fbc2e1178d0_190, v0x7fbc2e1178d0_191, v0x7fbc2e1178d0_192, v0x7fbc2e1178d0_193;
v0x7fbc2e1178d0_194 .array/port v0x7fbc2e1178d0, 194;
v0x7fbc2e1178d0_195 .array/port v0x7fbc2e1178d0, 195;
v0x7fbc2e1178d0_196 .array/port v0x7fbc2e1178d0, 196;
v0x7fbc2e1178d0_197 .array/port v0x7fbc2e1178d0, 197;
E_0x7fbc2e106b20/50 .event edge, v0x7fbc2e1178d0_194, v0x7fbc2e1178d0_195, v0x7fbc2e1178d0_196, v0x7fbc2e1178d0_197;
v0x7fbc2e1178d0_198 .array/port v0x7fbc2e1178d0, 198;
v0x7fbc2e1178d0_199 .array/port v0x7fbc2e1178d0, 199;
v0x7fbc2e1178d0_200 .array/port v0x7fbc2e1178d0, 200;
v0x7fbc2e1178d0_201 .array/port v0x7fbc2e1178d0, 201;
E_0x7fbc2e106b20/51 .event edge, v0x7fbc2e1178d0_198, v0x7fbc2e1178d0_199, v0x7fbc2e1178d0_200, v0x7fbc2e1178d0_201;
v0x7fbc2e1178d0_202 .array/port v0x7fbc2e1178d0, 202;
v0x7fbc2e1178d0_203 .array/port v0x7fbc2e1178d0, 203;
v0x7fbc2e1178d0_204 .array/port v0x7fbc2e1178d0, 204;
v0x7fbc2e1178d0_205 .array/port v0x7fbc2e1178d0, 205;
E_0x7fbc2e106b20/52 .event edge, v0x7fbc2e1178d0_202, v0x7fbc2e1178d0_203, v0x7fbc2e1178d0_204, v0x7fbc2e1178d0_205;
v0x7fbc2e1178d0_206 .array/port v0x7fbc2e1178d0, 206;
v0x7fbc2e1178d0_207 .array/port v0x7fbc2e1178d0, 207;
v0x7fbc2e1178d0_208 .array/port v0x7fbc2e1178d0, 208;
v0x7fbc2e1178d0_209 .array/port v0x7fbc2e1178d0, 209;
E_0x7fbc2e106b20/53 .event edge, v0x7fbc2e1178d0_206, v0x7fbc2e1178d0_207, v0x7fbc2e1178d0_208, v0x7fbc2e1178d0_209;
v0x7fbc2e1178d0_210 .array/port v0x7fbc2e1178d0, 210;
v0x7fbc2e1178d0_211 .array/port v0x7fbc2e1178d0, 211;
v0x7fbc2e1178d0_212 .array/port v0x7fbc2e1178d0, 212;
v0x7fbc2e1178d0_213 .array/port v0x7fbc2e1178d0, 213;
E_0x7fbc2e106b20/54 .event edge, v0x7fbc2e1178d0_210, v0x7fbc2e1178d0_211, v0x7fbc2e1178d0_212, v0x7fbc2e1178d0_213;
v0x7fbc2e1178d0_214 .array/port v0x7fbc2e1178d0, 214;
v0x7fbc2e1178d0_215 .array/port v0x7fbc2e1178d0, 215;
v0x7fbc2e1178d0_216 .array/port v0x7fbc2e1178d0, 216;
v0x7fbc2e1178d0_217 .array/port v0x7fbc2e1178d0, 217;
E_0x7fbc2e106b20/55 .event edge, v0x7fbc2e1178d0_214, v0x7fbc2e1178d0_215, v0x7fbc2e1178d0_216, v0x7fbc2e1178d0_217;
v0x7fbc2e1178d0_218 .array/port v0x7fbc2e1178d0, 218;
v0x7fbc2e1178d0_219 .array/port v0x7fbc2e1178d0, 219;
v0x7fbc2e1178d0_220 .array/port v0x7fbc2e1178d0, 220;
v0x7fbc2e1178d0_221 .array/port v0x7fbc2e1178d0, 221;
E_0x7fbc2e106b20/56 .event edge, v0x7fbc2e1178d0_218, v0x7fbc2e1178d0_219, v0x7fbc2e1178d0_220, v0x7fbc2e1178d0_221;
v0x7fbc2e1178d0_222 .array/port v0x7fbc2e1178d0, 222;
v0x7fbc2e1178d0_223 .array/port v0x7fbc2e1178d0, 223;
v0x7fbc2e1178d0_224 .array/port v0x7fbc2e1178d0, 224;
v0x7fbc2e1178d0_225 .array/port v0x7fbc2e1178d0, 225;
E_0x7fbc2e106b20/57 .event edge, v0x7fbc2e1178d0_222, v0x7fbc2e1178d0_223, v0x7fbc2e1178d0_224, v0x7fbc2e1178d0_225;
v0x7fbc2e1178d0_226 .array/port v0x7fbc2e1178d0, 226;
v0x7fbc2e1178d0_227 .array/port v0x7fbc2e1178d0, 227;
v0x7fbc2e1178d0_228 .array/port v0x7fbc2e1178d0, 228;
v0x7fbc2e1178d0_229 .array/port v0x7fbc2e1178d0, 229;
E_0x7fbc2e106b20/58 .event edge, v0x7fbc2e1178d0_226, v0x7fbc2e1178d0_227, v0x7fbc2e1178d0_228, v0x7fbc2e1178d0_229;
v0x7fbc2e1178d0_230 .array/port v0x7fbc2e1178d0, 230;
v0x7fbc2e1178d0_231 .array/port v0x7fbc2e1178d0, 231;
v0x7fbc2e1178d0_232 .array/port v0x7fbc2e1178d0, 232;
v0x7fbc2e1178d0_233 .array/port v0x7fbc2e1178d0, 233;
E_0x7fbc2e106b20/59 .event edge, v0x7fbc2e1178d0_230, v0x7fbc2e1178d0_231, v0x7fbc2e1178d0_232, v0x7fbc2e1178d0_233;
v0x7fbc2e1178d0_234 .array/port v0x7fbc2e1178d0, 234;
v0x7fbc2e1178d0_235 .array/port v0x7fbc2e1178d0, 235;
v0x7fbc2e1178d0_236 .array/port v0x7fbc2e1178d0, 236;
v0x7fbc2e1178d0_237 .array/port v0x7fbc2e1178d0, 237;
E_0x7fbc2e106b20/60 .event edge, v0x7fbc2e1178d0_234, v0x7fbc2e1178d0_235, v0x7fbc2e1178d0_236, v0x7fbc2e1178d0_237;
v0x7fbc2e1178d0_238 .array/port v0x7fbc2e1178d0, 238;
v0x7fbc2e1178d0_239 .array/port v0x7fbc2e1178d0, 239;
v0x7fbc2e1178d0_240 .array/port v0x7fbc2e1178d0, 240;
v0x7fbc2e1178d0_241 .array/port v0x7fbc2e1178d0, 241;
E_0x7fbc2e106b20/61 .event edge, v0x7fbc2e1178d0_238, v0x7fbc2e1178d0_239, v0x7fbc2e1178d0_240, v0x7fbc2e1178d0_241;
v0x7fbc2e1178d0_242 .array/port v0x7fbc2e1178d0, 242;
v0x7fbc2e1178d0_243 .array/port v0x7fbc2e1178d0, 243;
v0x7fbc2e1178d0_244 .array/port v0x7fbc2e1178d0, 244;
v0x7fbc2e1178d0_245 .array/port v0x7fbc2e1178d0, 245;
E_0x7fbc2e106b20/62 .event edge, v0x7fbc2e1178d0_242, v0x7fbc2e1178d0_243, v0x7fbc2e1178d0_244, v0x7fbc2e1178d0_245;
v0x7fbc2e1178d0_246 .array/port v0x7fbc2e1178d0, 246;
v0x7fbc2e1178d0_247 .array/port v0x7fbc2e1178d0, 247;
v0x7fbc2e1178d0_248 .array/port v0x7fbc2e1178d0, 248;
v0x7fbc2e1178d0_249 .array/port v0x7fbc2e1178d0, 249;
E_0x7fbc2e106b20/63 .event edge, v0x7fbc2e1178d0_246, v0x7fbc2e1178d0_247, v0x7fbc2e1178d0_248, v0x7fbc2e1178d0_249;
v0x7fbc2e1178d0_250 .array/port v0x7fbc2e1178d0, 250;
v0x7fbc2e1178d0_251 .array/port v0x7fbc2e1178d0, 251;
v0x7fbc2e1178d0_252 .array/port v0x7fbc2e1178d0, 252;
v0x7fbc2e1178d0_253 .array/port v0x7fbc2e1178d0, 253;
E_0x7fbc2e106b20/64 .event edge, v0x7fbc2e1178d0_250, v0x7fbc2e1178d0_251, v0x7fbc2e1178d0_252, v0x7fbc2e1178d0_253;
v0x7fbc2e1178d0_254 .array/port v0x7fbc2e1178d0, 254;
v0x7fbc2e1178d0_255 .array/port v0x7fbc2e1178d0, 255;
v0x7fbc2e1178d0_256 .array/port v0x7fbc2e1178d0, 256;
v0x7fbc2e1178d0_257 .array/port v0x7fbc2e1178d0, 257;
E_0x7fbc2e106b20/65 .event edge, v0x7fbc2e1178d0_254, v0x7fbc2e1178d0_255, v0x7fbc2e1178d0_256, v0x7fbc2e1178d0_257;
v0x7fbc2e1178d0_258 .array/port v0x7fbc2e1178d0, 258;
v0x7fbc2e1178d0_259 .array/port v0x7fbc2e1178d0, 259;
v0x7fbc2e1178d0_260 .array/port v0x7fbc2e1178d0, 260;
v0x7fbc2e1178d0_261 .array/port v0x7fbc2e1178d0, 261;
E_0x7fbc2e106b20/66 .event edge, v0x7fbc2e1178d0_258, v0x7fbc2e1178d0_259, v0x7fbc2e1178d0_260, v0x7fbc2e1178d0_261;
v0x7fbc2e1178d0_262 .array/port v0x7fbc2e1178d0, 262;
v0x7fbc2e1178d0_263 .array/port v0x7fbc2e1178d0, 263;
v0x7fbc2e1178d0_264 .array/port v0x7fbc2e1178d0, 264;
v0x7fbc2e1178d0_265 .array/port v0x7fbc2e1178d0, 265;
E_0x7fbc2e106b20/67 .event edge, v0x7fbc2e1178d0_262, v0x7fbc2e1178d0_263, v0x7fbc2e1178d0_264, v0x7fbc2e1178d0_265;
v0x7fbc2e1178d0_266 .array/port v0x7fbc2e1178d0, 266;
v0x7fbc2e1178d0_267 .array/port v0x7fbc2e1178d0, 267;
v0x7fbc2e1178d0_268 .array/port v0x7fbc2e1178d0, 268;
v0x7fbc2e1178d0_269 .array/port v0x7fbc2e1178d0, 269;
E_0x7fbc2e106b20/68 .event edge, v0x7fbc2e1178d0_266, v0x7fbc2e1178d0_267, v0x7fbc2e1178d0_268, v0x7fbc2e1178d0_269;
v0x7fbc2e1178d0_270 .array/port v0x7fbc2e1178d0, 270;
v0x7fbc2e1178d0_271 .array/port v0x7fbc2e1178d0, 271;
v0x7fbc2e1178d0_272 .array/port v0x7fbc2e1178d0, 272;
v0x7fbc2e1178d0_273 .array/port v0x7fbc2e1178d0, 273;
E_0x7fbc2e106b20/69 .event edge, v0x7fbc2e1178d0_270, v0x7fbc2e1178d0_271, v0x7fbc2e1178d0_272, v0x7fbc2e1178d0_273;
v0x7fbc2e1178d0_274 .array/port v0x7fbc2e1178d0, 274;
v0x7fbc2e1178d0_275 .array/port v0x7fbc2e1178d0, 275;
v0x7fbc2e1178d0_276 .array/port v0x7fbc2e1178d0, 276;
v0x7fbc2e1178d0_277 .array/port v0x7fbc2e1178d0, 277;
E_0x7fbc2e106b20/70 .event edge, v0x7fbc2e1178d0_274, v0x7fbc2e1178d0_275, v0x7fbc2e1178d0_276, v0x7fbc2e1178d0_277;
v0x7fbc2e1178d0_278 .array/port v0x7fbc2e1178d0, 278;
v0x7fbc2e1178d0_279 .array/port v0x7fbc2e1178d0, 279;
v0x7fbc2e1178d0_280 .array/port v0x7fbc2e1178d0, 280;
v0x7fbc2e1178d0_281 .array/port v0x7fbc2e1178d0, 281;
E_0x7fbc2e106b20/71 .event edge, v0x7fbc2e1178d0_278, v0x7fbc2e1178d0_279, v0x7fbc2e1178d0_280, v0x7fbc2e1178d0_281;
v0x7fbc2e1178d0_282 .array/port v0x7fbc2e1178d0, 282;
v0x7fbc2e1178d0_283 .array/port v0x7fbc2e1178d0, 283;
v0x7fbc2e1178d0_284 .array/port v0x7fbc2e1178d0, 284;
v0x7fbc2e1178d0_285 .array/port v0x7fbc2e1178d0, 285;
E_0x7fbc2e106b20/72 .event edge, v0x7fbc2e1178d0_282, v0x7fbc2e1178d0_283, v0x7fbc2e1178d0_284, v0x7fbc2e1178d0_285;
v0x7fbc2e1178d0_286 .array/port v0x7fbc2e1178d0, 286;
v0x7fbc2e1178d0_287 .array/port v0x7fbc2e1178d0, 287;
v0x7fbc2e1178d0_288 .array/port v0x7fbc2e1178d0, 288;
v0x7fbc2e1178d0_289 .array/port v0x7fbc2e1178d0, 289;
E_0x7fbc2e106b20/73 .event edge, v0x7fbc2e1178d0_286, v0x7fbc2e1178d0_287, v0x7fbc2e1178d0_288, v0x7fbc2e1178d0_289;
v0x7fbc2e1178d0_290 .array/port v0x7fbc2e1178d0, 290;
v0x7fbc2e1178d0_291 .array/port v0x7fbc2e1178d0, 291;
v0x7fbc2e1178d0_292 .array/port v0x7fbc2e1178d0, 292;
v0x7fbc2e1178d0_293 .array/port v0x7fbc2e1178d0, 293;
E_0x7fbc2e106b20/74 .event edge, v0x7fbc2e1178d0_290, v0x7fbc2e1178d0_291, v0x7fbc2e1178d0_292, v0x7fbc2e1178d0_293;
v0x7fbc2e1178d0_294 .array/port v0x7fbc2e1178d0, 294;
v0x7fbc2e1178d0_295 .array/port v0x7fbc2e1178d0, 295;
v0x7fbc2e1178d0_296 .array/port v0x7fbc2e1178d0, 296;
v0x7fbc2e1178d0_297 .array/port v0x7fbc2e1178d0, 297;
E_0x7fbc2e106b20/75 .event edge, v0x7fbc2e1178d0_294, v0x7fbc2e1178d0_295, v0x7fbc2e1178d0_296, v0x7fbc2e1178d0_297;
v0x7fbc2e1178d0_298 .array/port v0x7fbc2e1178d0, 298;
v0x7fbc2e1178d0_299 .array/port v0x7fbc2e1178d0, 299;
v0x7fbc2e1178d0_300 .array/port v0x7fbc2e1178d0, 300;
v0x7fbc2e1178d0_301 .array/port v0x7fbc2e1178d0, 301;
E_0x7fbc2e106b20/76 .event edge, v0x7fbc2e1178d0_298, v0x7fbc2e1178d0_299, v0x7fbc2e1178d0_300, v0x7fbc2e1178d0_301;
v0x7fbc2e1178d0_302 .array/port v0x7fbc2e1178d0, 302;
v0x7fbc2e1178d0_303 .array/port v0x7fbc2e1178d0, 303;
v0x7fbc2e1178d0_304 .array/port v0x7fbc2e1178d0, 304;
v0x7fbc2e1178d0_305 .array/port v0x7fbc2e1178d0, 305;
E_0x7fbc2e106b20/77 .event edge, v0x7fbc2e1178d0_302, v0x7fbc2e1178d0_303, v0x7fbc2e1178d0_304, v0x7fbc2e1178d0_305;
v0x7fbc2e1178d0_306 .array/port v0x7fbc2e1178d0, 306;
v0x7fbc2e1178d0_307 .array/port v0x7fbc2e1178d0, 307;
v0x7fbc2e1178d0_308 .array/port v0x7fbc2e1178d0, 308;
v0x7fbc2e1178d0_309 .array/port v0x7fbc2e1178d0, 309;
E_0x7fbc2e106b20/78 .event edge, v0x7fbc2e1178d0_306, v0x7fbc2e1178d0_307, v0x7fbc2e1178d0_308, v0x7fbc2e1178d0_309;
v0x7fbc2e1178d0_310 .array/port v0x7fbc2e1178d0, 310;
v0x7fbc2e1178d0_311 .array/port v0x7fbc2e1178d0, 311;
v0x7fbc2e1178d0_312 .array/port v0x7fbc2e1178d0, 312;
v0x7fbc2e1178d0_313 .array/port v0x7fbc2e1178d0, 313;
E_0x7fbc2e106b20/79 .event edge, v0x7fbc2e1178d0_310, v0x7fbc2e1178d0_311, v0x7fbc2e1178d0_312, v0x7fbc2e1178d0_313;
v0x7fbc2e1178d0_314 .array/port v0x7fbc2e1178d0, 314;
v0x7fbc2e1178d0_315 .array/port v0x7fbc2e1178d0, 315;
v0x7fbc2e1178d0_316 .array/port v0x7fbc2e1178d0, 316;
v0x7fbc2e1178d0_317 .array/port v0x7fbc2e1178d0, 317;
E_0x7fbc2e106b20/80 .event edge, v0x7fbc2e1178d0_314, v0x7fbc2e1178d0_315, v0x7fbc2e1178d0_316, v0x7fbc2e1178d0_317;
v0x7fbc2e1178d0_318 .array/port v0x7fbc2e1178d0, 318;
v0x7fbc2e1178d0_319 .array/port v0x7fbc2e1178d0, 319;
v0x7fbc2e1178d0_320 .array/port v0x7fbc2e1178d0, 320;
v0x7fbc2e1178d0_321 .array/port v0x7fbc2e1178d0, 321;
E_0x7fbc2e106b20/81 .event edge, v0x7fbc2e1178d0_318, v0x7fbc2e1178d0_319, v0x7fbc2e1178d0_320, v0x7fbc2e1178d0_321;
v0x7fbc2e1178d0_322 .array/port v0x7fbc2e1178d0, 322;
v0x7fbc2e1178d0_323 .array/port v0x7fbc2e1178d0, 323;
v0x7fbc2e1178d0_324 .array/port v0x7fbc2e1178d0, 324;
v0x7fbc2e1178d0_325 .array/port v0x7fbc2e1178d0, 325;
E_0x7fbc2e106b20/82 .event edge, v0x7fbc2e1178d0_322, v0x7fbc2e1178d0_323, v0x7fbc2e1178d0_324, v0x7fbc2e1178d0_325;
v0x7fbc2e1178d0_326 .array/port v0x7fbc2e1178d0, 326;
v0x7fbc2e1178d0_327 .array/port v0x7fbc2e1178d0, 327;
v0x7fbc2e1178d0_328 .array/port v0x7fbc2e1178d0, 328;
v0x7fbc2e1178d0_329 .array/port v0x7fbc2e1178d0, 329;
E_0x7fbc2e106b20/83 .event edge, v0x7fbc2e1178d0_326, v0x7fbc2e1178d0_327, v0x7fbc2e1178d0_328, v0x7fbc2e1178d0_329;
v0x7fbc2e1178d0_330 .array/port v0x7fbc2e1178d0, 330;
v0x7fbc2e1178d0_331 .array/port v0x7fbc2e1178d0, 331;
v0x7fbc2e1178d0_332 .array/port v0x7fbc2e1178d0, 332;
v0x7fbc2e1178d0_333 .array/port v0x7fbc2e1178d0, 333;
E_0x7fbc2e106b20/84 .event edge, v0x7fbc2e1178d0_330, v0x7fbc2e1178d0_331, v0x7fbc2e1178d0_332, v0x7fbc2e1178d0_333;
v0x7fbc2e1178d0_334 .array/port v0x7fbc2e1178d0, 334;
v0x7fbc2e1178d0_335 .array/port v0x7fbc2e1178d0, 335;
v0x7fbc2e1178d0_336 .array/port v0x7fbc2e1178d0, 336;
v0x7fbc2e1178d0_337 .array/port v0x7fbc2e1178d0, 337;
E_0x7fbc2e106b20/85 .event edge, v0x7fbc2e1178d0_334, v0x7fbc2e1178d0_335, v0x7fbc2e1178d0_336, v0x7fbc2e1178d0_337;
v0x7fbc2e1178d0_338 .array/port v0x7fbc2e1178d0, 338;
v0x7fbc2e1178d0_339 .array/port v0x7fbc2e1178d0, 339;
v0x7fbc2e1178d0_340 .array/port v0x7fbc2e1178d0, 340;
v0x7fbc2e1178d0_341 .array/port v0x7fbc2e1178d0, 341;
E_0x7fbc2e106b20/86 .event edge, v0x7fbc2e1178d0_338, v0x7fbc2e1178d0_339, v0x7fbc2e1178d0_340, v0x7fbc2e1178d0_341;
v0x7fbc2e1178d0_342 .array/port v0x7fbc2e1178d0, 342;
v0x7fbc2e1178d0_343 .array/port v0x7fbc2e1178d0, 343;
v0x7fbc2e1178d0_344 .array/port v0x7fbc2e1178d0, 344;
v0x7fbc2e1178d0_345 .array/port v0x7fbc2e1178d0, 345;
E_0x7fbc2e106b20/87 .event edge, v0x7fbc2e1178d0_342, v0x7fbc2e1178d0_343, v0x7fbc2e1178d0_344, v0x7fbc2e1178d0_345;
v0x7fbc2e1178d0_346 .array/port v0x7fbc2e1178d0, 346;
v0x7fbc2e1178d0_347 .array/port v0x7fbc2e1178d0, 347;
v0x7fbc2e1178d0_348 .array/port v0x7fbc2e1178d0, 348;
v0x7fbc2e1178d0_349 .array/port v0x7fbc2e1178d0, 349;
E_0x7fbc2e106b20/88 .event edge, v0x7fbc2e1178d0_346, v0x7fbc2e1178d0_347, v0x7fbc2e1178d0_348, v0x7fbc2e1178d0_349;
v0x7fbc2e1178d0_350 .array/port v0x7fbc2e1178d0, 350;
v0x7fbc2e1178d0_351 .array/port v0x7fbc2e1178d0, 351;
v0x7fbc2e1178d0_352 .array/port v0x7fbc2e1178d0, 352;
v0x7fbc2e1178d0_353 .array/port v0x7fbc2e1178d0, 353;
E_0x7fbc2e106b20/89 .event edge, v0x7fbc2e1178d0_350, v0x7fbc2e1178d0_351, v0x7fbc2e1178d0_352, v0x7fbc2e1178d0_353;
v0x7fbc2e1178d0_354 .array/port v0x7fbc2e1178d0, 354;
v0x7fbc2e1178d0_355 .array/port v0x7fbc2e1178d0, 355;
v0x7fbc2e1178d0_356 .array/port v0x7fbc2e1178d0, 356;
v0x7fbc2e1178d0_357 .array/port v0x7fbc2e1178d0, 357;
E_0x7fbc2e106b20/90 .event edge, v0x7fbc2e1178d0_354, v0x7fbc2e1178d0_355, v0x7fbc2e1178d0_356, v0x7fbc2e1178d0_357;
v0x7fbc2e1178d0_358 .array/port v0x7fbc2e1178d0, 358;
v0x7fbc2e1178d0_359 .array/port v0x7fbc2e1178d0, 359;
v0x7fbc2e1178d0_360 .array/port v0x7fbc2e1178d0, 360;
v0x7fbc2e1178d0_361 .array/port v0x7fbc2e1178d0, 361;
E_0x7fbc2e106b20/91 .event edge, v0x7fbc2e1178d0_358, v0x7fbc2e1178d0_359, v0x7fbc2e1178d0_360, v0x7fbc2e1178d0_361;
v0x7fbc2e1178d0_362 .array/port v0x7fbc2e1178d0, 362;
v0x7fbc2e1178d0_363 .array/port v0x7fbc2e1178d0, 363;
v0x7fbc2e1178d0_364 .array/port v0x7fbc2e1178d0, 364;
v0x7fbc2e1178d0_365 .array/port v0x7fbc2e1178d0, 365;
E_0x7fbc2e106b20/92 .event edge, v0x7fbc2e1178d0_362, v0x7fbc2e1178d0_363, v0x7fbc2e1178d0_364, v0x7fbc2e1178d0_365;
v0x7fbc2e1178d0_366 .array/port v0x7fbc2e1178d0, 366;
v0x7fbc2e1178d0_367 .array/port v0x7fbc2e1178d0, 367;
v0x7fbc2e1178d0_368 .array/port v0x7fbc2e1178d0, 368;
v0x7fbc2e1178d0_369 .array/port v0x7fbc2e1178d0, 369;
E_0x7fbc2e106b20/93 .event edge, v0x7fbc2e1178d0_366, v0x7fbc2e1178d0_367, v0x7fbc2e1178d0_368, v0x7fbc2e1178d0_369;
v0x7fbc2e1178d0_370 .array/port v0x7fbc2e1178d0, 370;
v0x7fbc2e1178d0_371 .array/port v0x7fbc2e1178d0, 371;
v0x7fbc2e1178d0_372 .array/port v0x7fbc2e1178d0, 372;
v0x7fbc2e1178d0_373 .array/port v0x7fbc2e1178d0, 373;
E_0x7fbc2e106b20/94 .event edge, v0x7fbc2e1178d0_370, v0x7fbc2e1178d0_371, v0x7fbc2e1178d0_372, v0x7fbc2e1178d0_373;
v0x7fbc2e1178d0_374 .array/port v0x7fbc2e1178d0, 374;
v0x7fbc2e1178d0_375 .array/port v0x7fbc2e1178d0, 375;
v0x7fbc2e1178d0_376 .array/port v0x7fbc2e1178d0, 376;
v0x7fbc2e1178d0_377 .array/port v0x7fbc2e1178d0, 377;
E_0x7fbc2e106b20/95 .event edge, v0x7fbc2e1178d0_374, v0x7fbc2e1178d0_375, v0x7fbc2e1178d0_376, v0x7fbc2e1178d0_377;
v0x7fbc2e1178d0_378 .array/port v0x7fbc2e1178d0, 378;
v0x7fbc2e1178d0_379 .array/port v0x7fbc2e1178d0, 379;
v0x7fbc2e1178d0_380 .array/port v0x7fbc2e1178d0, 380;
v0x7fbc2e1178d0_381 .array/port v0x7fbc2e1178d0, 381;
E_0x7fbc2e106b20/96 .event edge, v0x7fbc2e1178d0_378, v0x7fbc2e1178d0_379, v0x7fbc2e1178d0_380, v0x7fbc2e1178d0_381;
v0x7fbc2e1178d0_382 .array/port v0x7fbc2e1178d0, 382;
v0x7fbc2e1178d0_383 .array/port v0x7fbc2e1178d0, 383;
v0x7fbc2e1178d0_384 .array/port v0x7fbc2e1178d0, 384;
v0x7fbc2e1178d0_385 .array/port v0x7fbc2e1178d0, 385;
E_0x7fbc2e106b20/97 .event edge, v0x7fbc2e1178d0_382, v0x7fbc2e1178d0_383, v0x7fbc2e1178d0_384, v0x7fbc2e1178d0_385;
v0x7fbc2e1178d0_386 .array/port v0x7fbc2e1178d0, 386;
v0x7fbc2e1178d0_387 .array/port v0x7fbc2e1178d0, 387;
v0x7fbc2e1178d0_388 .array/port v0x7fbc2e1178d0, 388;
v0x7fbc2e1178d0_389 .array/port v0x7fbc2e1178d0, 389;
E_0x7fbc2e106b20/98 .event edge, v0x7fbc2e1178d0_386, v0x7fbc2e1178d0_387, v0x7fbc2e1178d0_388, v0x7fbc2e1178d0_389;
v0x7fbc2e1178d0_390 .array/port v0x7fbc2e1178d0, 390;
v0x7fbc2e1178d0_391 .array/port v0x7fbc2e1178d0, 391;
v0x7fbc2e1178d0_392 .array/port v0x7fbc2e1178d0, 392;
v0x7fbc2e1178d0_393 .array/port v0x7fbc2e1178d0, 393;
E_0x7fbc2e106b20/99 .event edge, v0x7fbc2e1178d0_390, v0x7fbc2e1178d0_391, v0x7fbc2e1178d0_392, v0x7fbc2e1178d0_393;
v0x7fbc2e1178d0_394 .array/port v0x7fbc2e1178d0, 394;
v0x7fbc2e1178d0_395 .array/port v0x7fbc2e1178d0, 395;
v0x7fbc2e1178d0_396 .array/port v0x7fbc2e1178d0, 396;
v0x7fbc2e1178d0_397 .array/port v0x7fbc2e1178d0, 397;
E_0x7fbc2e106b20/100 .event edge, v0x7fbc2e1178d0_394, v0x7fbc2e1178d0_395, v0x7fbc2e1178d0_396, v0x7fbc2e1178d0_397;
v0x7fbc2e1178d0_398 .array/port v0x7fbc2e1178d0, 398;
v0x7fbc2e1178d0_399 .array/port v0x7fbc2e1178d0, 399;
v0x7fbc2e1178d0_400 .array/port v0x7fbc2e1178d0, 400;
v0x7fbc2e1178d0_401 .array/port v0x7fbc2e1178d0, 401;
E_0x7fbc2e106b20/101 .event edge, v0x7fbc2e1178d0_398, v0x7fbc2e1178d0_399, v0x7fbc2e1178d0_400, v0x7fbc2e1178d0_401;
v0x7fbc2e1178d0_402 .array/port v0x7fbc2e1178d0, 402;
v0x7fbc2e1178d0_403 .array/port v0x7fbc2e1178d0, 403;
v0x7fbc2e1178d0_404 .array/port v0x7fbc2e1178d0, 404;
v0x7fbc2e1178d0_405 .array/port v0x7fbc2e1178d0, 405;
E_0x7fbc2e106b20/102 .event edge, v0x7fbc2e1178d0_402, v0x7fbc2e1178d0_403, v0x7fbc2e1178d0_404, v0x7fbc2e1178d0_405;
v0x7fbc2e1178d0_406 .array/port v0x7fbc2e1178d0, 406;
v0x7fbc2e1178d0_407 .array/port v0x7fbc2e1178d0, 407;
v0x7fbc2e1178d0_408 .array/port v0x7fbc2e1178d0, 408;
v0x7fbc2e1178d0_409 .array/port v0x7fbc2e1178d0, 409;
E_0x7fbc2e106b20/103 .event edge, v0x7fbc2e1178d0_406, v0x7fbc2e1178d0_407, v0x7fbc2e1178d0_408, v0x7fbc2e1178d0_409;
v0x7fbc2e1178d0_410 .array/port v0x7fbc2e1178d0, 410;
v0x7fbc2e1178d0_411 .array/port v0x7fbc2e1178d0, 411;
v0x7fbc2e1178d0_412 .array/port v0x7fbc2e1178d0, 412;
v0x7fbc2e1178d0_413 .array/port v0x7fbc2e1178d0, 413;
E_0x7fbc2e106b20/104 .event edge, v0x7fbc2e1178d0_410, v0x7fbc2e1178d0_411, v0x7fbc2e1178d0_412, v0x7fbc2e1178d0_413;
v0x7fbc2e1178d0_414 .array/port v0x7fbc2e1178d0, 414;
v0x7fbc2e1178d0_415 .array/port v0x7fbc2e1178d0, 415;
v0x7fbc2e1178d0_416 .array/port v0x7fbc2e1178d0, 416;
v0x7fbc2e1178d0_417 .array/port v0x7fbc2e1178d0, 417;
E_0x7fbc2e106b20/105 .event edge, v0x7fbc2e1178d0_414, v0x7fbc2e1178d0_415, v0x7fbc2e1178d0_416, v0x7fbc2e1178d0_417;
v0x7fbc2e1178d0_418 .array/port v0x7fbc2e1178d0, 418;
v0x7fbc2e1178d0_419 .array/port v0x7fbc2e1178d0, 419;
v0x7fbc2e1178d0_420 .array/port v0x7fbc2e1178d0, 420;
v0x7fbc2e1178d0_421 .array/port v0x7fbc2e1178d0, 421;
E_0x7fbc2e106b20/106 .event edge, v0x7fbc2e1178d0_418, v0x7fbc2e1178d0_419, v0x7fbc2e1178d0_420, v0x7fbc2e1178d0_421;
v0x7fbc2e1178d0_422 .array/port v0x7fbc2e1178d0, 422;
v0x7fbc2e1178d0_423 .array/port v0x7fbc2e1178d0, 423;
v0x7fbc2e1178d0_424 .array/port v0x7fbc2e1178d0, 424;
v0x7fbc2e1178d0_425 .array/port v0x7fbc2e1178d0, 425;
E_0x7fbc2e106b20/107 .event edge, v0x7fbc2e1178d0_422, v0x7fbc2e1178d0_423, v0x7fbc2e1178d0_424, v0x7fbc2e1178d0_425;
v0x7fbc2e1178d0_426 .array/port v0x7fbc2e1178d0, 426;
v0x7fbc2e1178d0_427 .array/port v0x7fbc2e1178d0, 427;
v0x7fbc2e1178d0_428 .array/port v0x7fbc2e1178d0, 428;
v0x7fbc2e1178d0_429 .array/port v0x7fbc2e1178d0, 429;
E_0x7fbc2e106b20/108 .event edge, v0x7fbc2e1178d0_426, v0x7fbc2e1178d0_427, v0x7fbc2e1178d0_428, v0x7fbc2e1178d0_429;
v0x7fbc2e1178d0_430 .array/port v0x7fbc2e1178d0, 430;
v0x7fbc2e1178d0_431 .array/port v0x7fbc2e1178d0, 431;
v0x7fbc2e1178d0_432 .array/port v0x7fbc2e1178d0, 432;
v0x7fbc2e1178d0_433 .array/port v0x7fbc2e1178d0, 433;
E_0x7fbc2e106b20/109 .event edge, v0x7fbc2e1178d0_430, v0x7fbc2e1178d0_431, v0x7fbc2e1178d0_432, v0x7fbc2e1178d0_433;
v0x7fbc2e1178d0_434 .array/port v0x7fbc2e1178d0, 434;
v0x7fbc2e1178d0_435 .array/port v0x7fbc2e1178d0, 435;
v0x7fbc2e1178d0_436 .array/port v0x7fbc2e1178d0, 436;
v0x7fbc2e1178d0_437 .array/port v0x7fbc2e1178d0, 437;
E_0x7fbc2e106b20/110 .event edge, v0x7fbc2e1178d0_434, v0x7fbc2e1178d0_435, v0x7fbc2e1178d0_436, v0x7fbc2e1178d0_437;
v0x7fbc2e1178d0_438 .array/port v0x7fbc2e1178d0, 438;
v0x7fbc2e1178d0_439 .array/port v0x7fbc2e1178d0, 439;
v0x7fbc2e1178d0_440 .array/port v0x7fbc2e1178d0, 440;
v0x7fbc2e1178d0_441 .array/port v0x7fbc2e1178d0, 441;
E_0x7fbc2e106b20/111 .event edge, v0x7fbc2e1178d0_438, v0x7fbc2e1178d0_439, v0x7fbc2e1178d0_440, v0x7fbc2e1178d0_441;
v0x7fbc2e1178d0_442 .array/port v0x7fbc2e1178d0, 442;
v0x7fbc2e1178d0_443 .array/port v0x7fbc2e1178d0, 443;
v0x7fbc2e1178d0_444 .array/port v0x7fbc2e1178d0, 444;
v0x7fbc2e1178d0_445 .array/port v0x7fbc2e1178d0, 445;
E_0x7fbc2e106b20/112 .event edge, v0x7fbc2e1178d0_442, v0x7fbc2e1178d0_443, v0x7fbc2e1178d0_444, v0x7fbc2e1178d0_445;
v0x7fbc2e1178d0_446 .array/port v0x7fbc2e1178d0, 446;
v0x7fbc2e1178d0_447 .array/port v0x7fbc2e1178d0, 447;
v0x7fbc2e1178d0_448 .array/port v0x7fbc2e1178d0, 448;
v0x7fbc2e1178d0_449 .array/port v0x7fbc2e1178d0, 449;
E_0x7fbc2e106b20/113 .event edge, v0x7fbc2e1178d0_446, v0x7fbc2e1178d0_447, v0x7fbc2e1178d0_448, v0x7fbc2e1178d0_449;
v0x7fbc2e1178d0_450 .array/port v0x7fbc2e1178d0, 450;
v0x7fbc2e1178d0_451 .array/port v0x7fbc2e1178d0, 451;
v0x7fbc2e1178d0_452 .array/port v0x7fbc2e1178d0, 452;
v0x7fbc2e1178d0_453 .array/port v0x7fbc2e1178d0, 453;
E_0x7fbc2e106b20/114 .event edge, v0x7fbc2e1178d0_450, v0x7fbc2e1178d0_451, v0x7fbc2e1178d0_452, v0x7fbc2e1178d0_453;
v0x7fbc2e1178d0_454 .array/port v0x7fbc2e1178d0, 454;
v0x7fbc2e1178d0_455 .array/port v0x7fbc2e1178d0, 455;
v0x7fbc2e1178d0_456 .array/port v0x7fbc2e1178d0, 456;
v0x7fbc2e1178d0_457 .array/port v0x7fbc2e1178d0, 457;
E_0x7fbc2e106b20/115 .event edge, v0x7fbc2e1178d0_454, v0x7fbc2e1178d0_455, v0x7fbc2e1178d0_456, v0x7fbc2e1178d0_457;
v0x7fbc2e1178d0_458 .array/port v0x7fbc2e1178d0, 458;
v0x7fbc2e1178d0_459 .array/port v0x7fbc2e1178d0, 459;
v0x7fbc2e1178d0_460 .array/port v0x7fbc2e1178d0, 460;
v0x7fbc2e1178d0_461 .array/port v0x7fbc2e1178d0, 461;
E_0x7fbc2e106b20/116 .event edge, v0x7fbc2e1178d0_458, v0x7fbc2e1178d0_459, v0x7fbc2e1178d0_460, v0x7fbc2e1178d0_461;
v0x7fbc2e1178d0_462 .array/port v0x7fbc2e1178d0, 462;
v0x7fbc2e1178d0_463 .array/port v0x7fbc2e1178d0, 463;
v0x7fbc2e1178d0_464 .array/port v0x7fbc2e1178d0, 464;
v0x7fbc2e1178d0_465 .array/port v0x7fbc2e1178d0, 465;
E_0x7fbc2e106b20/117 .event edge, v0x7fbc2e1178d0_462, v0x7fbc2e1178d0_463, v0x7fbc2e1178d0_464, v0x7fbc2e1178d0_465;
v0x7fbc2e1178d0_466 .array/port v0x7fbc2e1178d0, 466;
v0x7fbc2e1178d0_467 .array/port v0x7fbc2e1178d0, 467;
v0x7fbc2e1178d0_468 .array/port v0x7fbc2e1178d0, 468;
v0x7fbc2e1178d0_469 .array/port v0x7fbc2e1178d0, 469;
E_0x7fbc2e106b20/118 .event edge, v0x7fbc2e1178d0_466, v0x7fbc2e1178d0_467, v0x7fbc2e1178d0_468, v0x7fbc2e1178d0_469;
v0x7fbc2e1178d0_470 .array/port v0x7fbc2e1178d0, 470;
v0x7fbc2e1178d0_471 .array/port v0x7fbc2e1178d0, 471;
v0x7fbc2e1178d0_472 .array/port v0x7fbc2e1178d0, 472;
v0x7fbc2e1178d0_473 .array/port v0x7fbc2e1178d0, 473;
E_0x7fbc2e106b20/119 .event edge, v0x7fbc2e1178d0_470, v0x7fbc2e1178d0_471, v0x7fbc2e1178d0_472, v0x7fbc2e1178d0_473;
v0x7fbc2e1178d0_474 .array/port v0x7fbc2e1178d0, 474;
v0x7fbc2e1178d0_475 .array/port v0x7fbc2e1178d0, 475;
v0x7fbc2e1178d0_476 .array/port v0x7fbc2e1178d0, 476;
v0x7fbc2e1178d0_477 .array/port v0x7fbc2e1178d0, 477;
E_0x7fbc2e106b20/120 .event edge, v0x7fbc2e1178d0_474, v0x7fbc2e1178d0_475, v0x7fbc2e1178d0_476, v0x7fbc2e1178d0_477;
v0x7fbc2e1178d0_478 .array/port v0x7fbc2e1178d0, 478;
v0x7fbc2e1178d0_479 .array/port v0x7fbc2e1178d0, 479;
v0x7fbc2e1178d0_480 .array/port v0x7fbc2e1178d0, 480;
v0x7fbc2e1178d0_481 .array/port v0x7fbc2e1178d0, 481;
E_0x7fbc2e106b20/121 .event edge, v0x7fbc2e1178d0_478, v0x7fbc2e1178d0_479, v0x7fbc2e1178d0_480, v0x7fbc2e1178d0_481;
v0x7fbc2e1178d0_482 .array/port v0x7fbc2e1178d0, 482;
v0x7fbc2e1178d0_483 .array/port v0x7fbc2e1178d0, 483;
v0x7fbc2e1178d0_484 .array/port v0x7fbc2e1178d0, 484;
v0x7fbc2e1178d0_485 .array/port v0x7fbc2e1178d0, 485;
E_0x7fbc2e106b20/122 .event edge, v0x7fbc2e1178d0_482, v0x7fbc2e1178d0_483, v0x7fbc2e1178d0_484, v0x7fbc2e1178d0_485;
v0x7fbc2e1178d0_486 .array/port v0x7fbc2e1178d0, 486;
v0x7fbc2e1178d0_487 .array/port v0x7fbc2e1178d0, 487;
v0x7fbc2e1178d0_488 .array/port v0x7fbc2e1178d0, 488;
v0x7fbc2e1178d0_489 .array/port v0x7fbc2e1178d0, 489;
E_0x7fbc2e106b20/123 .event edge, v0x7fbc2e1178d0_486, v0x7fbc2e1178d0_487, v0x7fbc2e1178d0_488, v0x7fbc2e1178d0_489;
v0x7fbc2e1178d0_490 .array/port v0x7fbc2e1178d0, 490;
v0x7fbc2e1178d0_491 .array/port v0x7fbc2e1178d0, 491;
v0x7fbc2e1178d0_492 .array/port v0x7fbc2e1178d0, 492;
v0x7fbc2e1178d0_493 .array/port v0x7fbc2e1178d0, 493;
E_0x7fbc2e106b20/124 .event edge, v0x7fbc2e1178d0_490, v0x7fbc2e1178d0_491, v0x7fbc2e1178d0_492, v0x7fbc2e1178d0_493;
v0x7fbc2e1178d0_494 .array/port v0x7fbc2e1178d0, 494;
v0x7fbc2e1178d0_495 .array/port v0x7fbc2e1178d0, 495;
v0x7fbc2e1178d0_496 .array/port v0x7fbc2e1178d0, 496;
v0x7fbc2e1178d0_497 .array/port v0x7fbc2e1178d0, 497;
E_0x7fbc2e106b20/125 .event edge, v0x7fbc2e1178d0_494, v0x7fbc2e1178d0_495, v0x7fbc2e1178d0_496, v0x7fbc2e1178d0_497;
v0x7fbc2e1178d0_498 .array/port v0x7fbc2e1178d0, 498;
v0x7fbc2e1178d0_499 .array/port v0x7fbc2e1178d0, 499;
v0x7fbc2e1178d0_500 .array/port v0x7fbc2e1178d0, 500;
v0x7fbc2e1178d0_501 .array/port v0x7fbc2e1178d0, 501;
E_0x7fbc2e106b20/126 .event edge, v0x7fbc2e1178d0_498, v0x7fbc2e1178d0_499, v0x7fbc2e1178d0_500, v0x7fbc2e1178d0_501;
v0x7fbc2e1178d0_502 .array/port v0x7fbc2e1178d0, 502;
v0x7fbc2e1178d0_503 .array/port v0x7fbc2e1178d0, 503;
v0x7fbc2e1178d0_504 .array/port v0x7fbc2e1178d0, 504;
v0x7fbc2e1178d0_505 .array/port v0x7fbc2e1178d0, 505;
E_0x7fbc2e106b20/127 .event edge, v0x7fbc2e1178d0_502, v0x7fbc2e1178d0_503, v0x7fbc2e1178d0_504, v0x7fbc2e1178d0_505;
v0x7fbc2e1178d0_506 .array/port v0x7fbc2e1178d0, 506;
v0x7fbc2e1178d0_507 .array/port v0x7fbc2e1178d0, 507;
v0x7fbc2e1178d0_508 .array/port v0x7fbc2e1178d0, 508;
v0x7fbc2e1178d0_509 .array/port v0x7fbc2e1178d0, 509;
E_0x7fbc2e106b20/128 .event edge, v0x7fbc2e1178d0_506, v0x7fbc2e1178d0_507, v0x7fbc2e1178d0_508, v0x7fbc2e1178d0_509;
v0x7fbc2e1178d0_510 .array/port v0x7fbc2e1178d0, 510;
v0x7fbc2e1178d0_511 .array/port v0x7fbc2e1178d0, 511;
E_0x7fbc2e106b20/129 .event edge, v0x7fbc2e1178d0_510, v0x7fbc2e1178d0_511;
E_0x7fbc2e106b20 .event/or E_0x7fbc2e106b20/0, E_0x7fbc2e106b20/1, E_0x7fbc2e106b20/2, E_0x7fbc2e106b20/3, E_0x7fbc2e106b20/4, E_0x7fbc2e106b20/5, E_0x7fbc2e106b20/6, E_0x7fbc2e106b20/7, E_0x7fbc2e106b20/8, E_0x7fbc2e106b20/9, E_0x7fbc2e106b20/10, E_0x7fbc2e106b20/11, E_0x7fbc2e106b20/12, E_0x7fbc2e106b20/13, E_0x7fbc2e106b20/14, E_0x7fbc2e106b20/15, E_0x7fbc2e106b20/16, E_0x7fbc2e106b20/17, E_0x7fbc2e106b20/18, E_0x7fbc2e106b20/19, E_0x7fbc2e106b20/20, E_0x7fbc2e106b20/21, E_0x7fbc2e106b20/22, E_0x7fbc2e106b20/23, E_0x7fbc2e106b20/24, E_0x7fbc2e106b20/25, E_0x7fbc2e106b20/26, E_0x7fbc2e106b20/27, E_0x7fbc2e106b20/28, E_0x7fbc2e106b20/29, E_0x7fbc2e106b20/30, E_0x7fbc2e106b20/31, E_0x7fbc2e106b20/32, E_0x7fbc2e106b20/33, E_0x7fbc2e106b20/34, E_0x7fbc2e106b20/35, E_0x7fbc2e106b20/36, E_0x7fbc2e106b20/37, E_0x7fbc2e106b20/38, E_0x7fbc2e106b20/39, E_0x7fbc2e106b20/40, E_0x7fbc2e106b20/41, E_0x7fbc2e106b20/42, E_0x7fbc2e106b20/43, E_0x7fbc2e106b20/44, E_0x7fbc2e106b20/45, E_0x7fbc2e106b20/46, E_0x7fbc2e106b20/47, E_0x7fbc2e106b20/48, E_0x7fbc2e106b20/49, E_0x7fbc2e106b20/50, E_0x7fbc2e106b20/51, E_0x7fbc2e106b20/52, E_0x7fbc2e106b20/53, E_0x7fbc2e106b20/54, E_0x7fbc2e106b20/55, E_0x7fbc2e106b20/56, E_0x7fbc2e106b20/57, E_0x7fbc2e106b20/58, E_0x7fbc2e106b20/59, E_0x7fbc2e106b20/60, E_0x7fbc2e106b20/61, E_0x7fbc2e106b20/62, E_0x7fbc2e106b20/63, E_0x7fbc2e106b20/64, E_0x7fbc2e106b20/65, E_0x7fbc2e106b20/66, E_0x7fbc2e106b20/67, E_0x7fbc2e106b20/68, E_0x7fbc2e106b20/69, E_0x7fbc2e106b20/70, E_0x7fbc2e106b20/71, E_0x7fbc2e106b20/72, E_0x7fbc2e106b20/73, E_0x7fbc2e106b20/74, E_0x7fbc2e106b20/75, E_0x7fbc2e106b20/76, E_0x7fbc2e106b20/77, E_0x7fbc2e106b20/78, E_0x7fbc2e106b20/79, E_0x7fbc2e106b20/80, E_0x7fbc2e106b20/81, E_0x7fbc2e106b20/82, E_0x7fbc2e106b20/83, E_0x7fbc2e106b20/84, E_0x7fbc2e106b20/85, E_0x7fbc2e106b20/86, E_0x7fbc2e106b20/87, E_0x7fbc2e106b20/88, E_0x7fbc2e106b20/89, E_0x7fbc2e106b20/90, E_0x7fbc2e106b20/91, E_0x7fbc2e106b20/92, E_0x7fbc2e106b20/93, E_0x7fbc2e106b20/94, E_0x7fbc2e106b20/95, E_0x7fbc2e106b20/96, E_0x7fbc2e106b20/97, E_0x7fbc2e106b20/98, E_0x7fbc2e106b20/99, E_0x7fbc2e106b20/100, E_0x7fbc2e106b20/101, E_0x7fbc2e106b20/102, E_0x7fbc2e106b20/103, E_0x7fbc2e106b20/104, E_0x7fbc2e106b20/105, E_0x7fbc2e106b20/106, E_0x7fbc2e106b20/107, E_0x7fbc2e106b20/108, E_0x7fbc2e106b20/109, E_0x7fbc2e106b20/110, E_0x7fbc2e106b20/111, E_0x7fbc2e106b20/112, E_0x7fbc2e106b20/113, E_0x7fbc2e106b20/114, E_0x7fbc2e106b20/115, E_0x7fbc2e106b20/116, E_0x7fbc2e106b20/117, E_0x7fbc2e106b20/118, E_0x7fbc2e106b20/119, E_0x7fbc2e106b20/120, E_0x7fbc2e106b20/121, E_0x7fbc2e106b20/122, E_0x7fbc2e106b20/123, E_0x7fbc2e106b20/124, E_0x7fbc2e106b20/125, E_0x7fbc2e106b20/126, E_0x7fbc2e106b20/127, E_0x7fbc2e106b20/128, E_0x7fbc2e106b20/129;
    .scope S_0x7fbc2e1077e0;
T_0 ;
    %wait E_0x7fbc2e106b20;
    %load/vec4 v0x7fbc2e117830_0;
    %flag_set/vec4 8;
    %jmp/0xz  T_0.0, 8;
    %load/vec4 v0x7fbc2e1199b0_0;
    %flag_set/vec4 8;
    %jmp/0xz  T_0.2, 8;
    %vpi_call 2 15 "$display", "Storing" {0 0 0};
    %load/vec4 v0x7fbc2e119af0_0;
    %dup/vec4;
    %pushi/vec4 0, 0, 2;
    %cmp/u;
    %jmp/1 T_0.4, 6;
    %dup/vec4;
    %pushi/vec4 1, 0, 2;
    %cmp/u;
    %jmp/1 T_0.5, 6;
    %dup/vec4;
    %pushi/vec4 2, 0, 2;
    %cmp/u;
    %jmp/1 T_0.6, 6;
    %jmp T_0.7;
T_0.4 ;
    %load/vec4 v0x7fbc2e1176e0_0;
    %parti/s 8, 0, 2;
    %load/vec4 v0x7fbc2e1051a0_0;
    %pad/u 11;
    %ix/vec4 3;
    %ix/load 4, 0, 0; Constant delay
    %assign/vec4/a/d v0x7fbc2e1178d0, 0, 4;
    %vpi_call 2 19 "$display", "%d    %h", v0x7fbc2e1051a0_0, v0x7fbc2e1176e0_0 {0 0 0};
    %jmp T_0.7;
T_0.5 ;
    %load/vec4 v0x7fbc2e1176e0_0;
    %parti/s 8, 8, 5;
    %load/vec4 v0x7fbc2e1051a0_0;
    %pad/u 11;
    %ix/vec4 3;
    %ix/load 4, 0, 0; Constant delay
    %assign/vec4/a/d v0x7fbc2e1178d0, 0, 4;
    %load/vec4 v0x7fbc2e1176e0_0;
    %parti/s 8, 0, 2;
    %load/vec4 v0x7fbc2e1051a0_0;
    %pad/u 33;
    %addi 1, 0, 33;
    %ix/vec4 3;
    %ix/load 4, 0, 0; Constant delay
    %assign/vec4/a/d v0x7fbc2e1178d0, 0, 4;
    %jmp T_0.7;
T_0.6 ;
    %load/vec4 v0x7fbc2e1176e0_0;
    %parti/s 8, 24, 6;
    %load/vec4 v0x7fbc2e1051a0_0;
    %pad/u 11;
    %ix/vec4 3;
    %ix/load 4, 0, 0; Constant delay
    %assign/vec4/a/d v0x7fbc2e1178d0, 0, 4;
    %load/vec4 v0x7fbc2e1176e0_0;
    %parti/s 8, 16, 6;
    %load/vec4 v0x7fbc2e1051a0_0;
    %pad/u 33;
    %addi 1, 0, 33;
    %ix/vec4 3;
    %ix/load 4, 0, 0; Constant delay
    %assign/vec4/a/d v0x7fbc2e1178d0, 0, 4;
    %load/vec4 v0x7fbc2e1176e0_0;
    %parti/s 8, 8, 5;
    %load/vec4 v0x7fbc2e1051a0_0;
    %pad/u 33;
    %addi 2, 0, 33;
    %ix/vec4 3;
    %ix/load 4, 0, 0; Constant delay
    %assign/vec4/a/d v0x7fbc2e1178d0, 0, 4;
    %load/vec4 v0x7fbc2e1176e0_0;
    %parti/s 8, 0, 2;
    %load/vec4 v0x7fbc2e1051a0_0;
    %pad/u 33;
    %addi 3, 0, 33;
    %ix/vec4 3;
    %ix/load 4, 0, 0; Constant delay
    %assign/vec4/a/d v0x7fbc2e1178d0, 0, 4;
    %jmp T_0.7;
T_0.7 ;
    %pop/vec4 1;
    %jmp T_0.3;
T_0.2 ;
    %vpi_call 2 34 "$display", "Reading" {0 0 0};
    %load/vec4 v0x7fbc2e119af0_0;
    %load/vec4 v0x7fbc2e119a50_0;
    %concat/vec4; draw_concat_vec4
    %dup/vec4;
    %pushi/vec4 0, 0, 3;
    %cmp/u;
    %jmp/1 T_0.8, 6;
    %dup/vec4;
    %pushi/vec4 1, 0, 3;
    %cmp/u;
    %jmp/1 T_0.9, 6;
    %dup/vec4;
    %pushi/vec4 2, 0, 3;
    %cmp/u;
    %jmp/1 T_0.10, 6;
    %dup/vec4;
    %pushi/vec4 3, 0, 3;
    %cmp/u;
    %jmp/1 T_0.11, 6;
    %load/vec4 v0x7fbc2e1051a0_0;
    %pad/u 11;
    %ix/vec4 4;
    %load/vec4a v0x7fbc2e1178d0, 4;
    %load/vec4 v0x7fbc2e1051a0_0;
    %pad/u 33;
    %addi 1, 0, 33;
    %ix/vec4 4;
    %load/vec4a v0x7fbc2e1178d0, 4;
    %concat/vec4; draw_concat_vec4
    %load/vec4 v0x7fbc2e1051a0_0;
    %pad/u 33;
    %addi 2, 0, 33;
    %ix/vec4 4;
    %load/vec4a v0x7fbc2e1178d0, 4;
    %concat/vec4; draw_concat_vec4
    %load/vec4 v0x7fbc2e1051a0_0;
    %pad/u 33;
    %addi 3, 0, 33;
    %ix/vec4 4;
    %load/vec4a v0x7fbc2e1178d0, 4;
    %concat/vec4; draw_concat_vec4
    %assign/vec4 v0x7fbc2e117780_0, 0;
    %jmp T_0.13;
T_0.8 ;
    %pushi/vec4 0, 0, 24;
    %load/vec4 v0x7fbc2e1051a0_0;
    %pad/u 11;
    %ix/vec4 4;
    %load/vec4a v0x7fbc2e1178d0, 4;
    %concat/vec4; draw_concat_vec4
    %assign/vec4 v0x7fbc2e117780_0, 0;
    %jmp T_0.13;
T_0.9 ;
    %load/vec4 v0x7fbc2e1051a0_0;
    %pad/u 11;
    %ix/vec4 4;
    %load/vec4a v0x7fbc2e1178d0, 4;
    %parti/s 1, 7, 4;
    %replicate 24;
    %load/vec4 v0x7fbc2e1051a0_0;
    %pad/u 11;
    %ix/vec4 4;
    %load/vec4a v0x7fbc2e1178d0, 4;
    %concat/vec4; draw_concat_vec4
    %assign/vec4 v0x7fbc2e117780_0, 0;
    %jmp T_0.13;
T_0.10 ;
    %pushi/vec4 0, 0, 16;
    %load/vec4 v0x7fbc2e1051a0_0;
    %pad/u 11;
    %ix/vec4 4;
    %load/vec4a v0x7fbc2e1178d0, 4;
    %concat/vec4; draw_concat_vec4
    %load/vec4 v0x7fbc2e1051a0_0;
    %pad/u 33;
    %addi 1, 0, 33;
    %ix/vec4 4;
    %load/vec4a v0x7fbc2e1178d0, 4;
    %concat/vec4; draw_concat_vec4
    %assign/vec4 v0x7fbc2e117780_0, 0;
    %jmp T_0.13;
T_0.11 ;
    %load/vec4 v0x7fbc2e1051a0_0;
    %pad/u 11;
    %ix/vec4 4;
    %load/vec4a v0x7fbc2e1178d0, 4;
    %parti/s 1, 7, 4;
    %replicate 16;
    %load/vec4 v0x7fbc2e1051a0_0;
    %pad/u 11;
    %ix/vec4 4;
    %load/vec4a v0x7fbc2e1178d0, 4;
    %concat/vec4; draw_concat_vec4
    %load/vec4 v0x7fbc2e1051a0_0;
    %pad/u 33;
    %addi 1, 0, 33;
    %ix/vec4 4;
    %load/vec4a v0x7fbc2e1178d0, 4;
    %concat/vec4; draw_concat_vec4
    %assign/vec4 v0x7fbc2e117780_0, 0;
    %jmp T_0.13;
T_0.13 ;
    %pop/vec4 1;
T_0.3 ;
T_0.0 ;
    %jmp T_0;
    .thread T_0, $push;
# The file index is used to find the file name in the following table.
:file_names 3;
    "N/A";
    "<interactive>";
    "data-memory.v";
