#! /usr/local/Cellar/icarus-verilog/11.0/bin/vvp
:ivl_version "11.0 (stable)";
:ivl_delay_selection "TYPICAL";
:vpi_time_precision - 9;
:vpi_module "/usr/local/Cellar/icarus-verilog/11.0/lib/ivl/system.vpi";
:vpi_module "/usr/local/Cellar/icarus-verilog/11.0/lib/ivl/vhdl_sys.vpi";
:vpi_module "/usr/local/Cellar/icarus-verilog/11.0/lib/ivl/vhdl_textio.vpi";
:vpi_module "/usr/local/Cellar/icarus-verilog/11.0/lib/ivl/v2005_math.vpi";
:vpi_module "/usr/local/Cellar/icarus-verilog/11.0/lib/ivl/va_math.vpi";
S_0x7f9639f0e240 .scope module, "hazard_forwarding_unit" "hazard_forwarding_unit" 2 3;
 .timescale -9 -9;
    .port_info 0 /OUTPUT 2 "forwardMX1";
    .port_info 1 /OUTPUT 2 "forwardMX2";
    .port_info 2 /OUTPUT 1 "nPC_LE";
    .port_info 3 /OUTPUT 1 "PC_LE";
    .port_info 4 /OUTPUT 1 "IF_ID_LE";
    .port_info 5 /OUTPUT 1 "CU_S";
    .port_info 6 /INPUT 1 "EX_Register_File_Enable";
    .port_info 7 /INPUT 1 "MEM_Register_File_Enable";
    .port_info 8 /INPUT 1 "WB_Register_File_Enable";
    .port_info 9 /INPUT 5 "EX_RD";
    .port_info 10 /INPUT 5 "MEM_RD";
    .port_info 11 /INPUT 5 "WB_RD";
    .port_info 12 /INPUT 5 "operandA";
    .port_info 13 /INPUT 5 "operandB";
    .port_info 14 /INPUT 5 "ID_rd";
    .port_info 15 /INPUT 1 "EX_load_instr";
    .port_info 16 /INPUT 1 "ID_store_instr";
v0x7f9639f0e550_0 .var "CU_S", 0 0;
o0x7f963ac32038 .functor BUFZ 5, C4<zzzzz>; HiZ drive
v0x7f9639f1dfb0_0 .net "EX_RD", 4 0, o0x7f963ac32038;  0 drivers
o0x7f963ac32068 .functor BUFZ 1, C4<z>; HiZ drive
v0x7f9639f1e050_0 .net "EX_Register_File_Enable", 0 0, o0x7f963ac32068;  0 drivers
o0x7f963ac32098 .functor BUFZ 1, C4<z>; HiZ drive
v0x7f9639f1e100_0 .net "EX_load_instr", 0 0, o0x7f963ac32098;  0 drivers
o0x7f963ac320c8 .functor BUFZ 5, C4<zzzzz>; HiZ drive
v0x7f9639f1e190_0 .net "ID_rd", 4 0, o0x7f963ac320c8;  0 drivers
o0x7f963ac320f8 .functor BUFZ 1, C4<z>; HiZ drive
v0x7f9639f1e280_0 .net "ID_store_instr", 0 0, o0x7f963ac320f8;  0 drivers
v0x7f9639f1e320_0 .var "IF_ID_LE", 0 0;
o0x7f963ac32158 .functor BUFZ 5, C4<zzzzz>; HiZ drive
v0x7f9639f1e3c0_0 .net "MEM_RD", 4 0, o0x7f963ac32158;  0 drivers
o0x7f963ac32188 .functor BUFZ 1, C4<z>; HiZ drive
v0x7f9639f1e470_0 .net "MEM_Register_File_Enable", 0 0, o0x7f963ac32188;  0 drivers
v0x7f9639f1e580_0 .var "PC_LE", 0 0;
o0x7f963ac321e8 .functor BUFZ 5, C4<zzzzz>; HiZ drive
v0x7f9639f1e610_0 .net "WB_RD", 4 0, o0x7f963ac321e8;  0 drivers
o0x7f963ac32218 .functor BUFZ 1, C4<z>; HiZ drive
v0x7f9639f1e6c0_0 .net "WB_Register_File_Enable", 0 0, o0x7f963ac32218;  0 drivers
v0x7f9639f1e760_0 .var "forwardMX1", 1 0;
v0x7f9639f1e810_0 .var "forwardMX2", 1 0;
v0x7f9639f1e8c0_0 .var "nPC_LE", 0 0;
o0x7f963ac322d8 .functor BUFZ 5, C4<zzzzz>; HiZ drive
v0x7f9639f1e960_0 .net "operandA", 4 0, o0x7f963ac322d8;  0 drivers
o0x7f963ac32308 .functor BUFZ 5, C4<zzzzz>; HiZ drive
v0x7f9639f1ea10_0 .net "operandB", 4 0, o0x7f963ac32308;  0 drivers
E_0x7f9639f0c100/0 .event edge, v0x7f9639f1e050_0, v0x7f9639f1e960_0, v0x7f9639f1dfb0_0, v0x7f9639f1e470_0;
E_0x7f9639f0c100/1 .event edge, v0x7f9639f1e3c0_0, v0x7f9639f1e6c0_0, v0x7f9639f1e610_0, v0x7f9639f1ea10_0;
E_0x7f9639f0c100/2 .event edge, v0x7f9639f1e100_0;
E_0x7f9639f0c100 .event/or E_0x7f9639f0c100/0, E_0x7f9639f0c100/1, E_0x7f9639f0c100/2;
    .scope S_0x7f9639f0e240;
T_0 ;
    %wait E_0x7f9639f0c100;
    %load/vec4 v0x7f9639f1e050_0;
    %load/vec4 v0x7f9639f1e960_0;
    %load/vec4 v0x7f9639f1dfb0_0;
    %cmp/e;
    %flag_get/vec4 4;
    %and;
    %flag_set/vec4 8;
    %jmp/0xz  T_0.0, 8;
    %pushi/vec4 1, 0, 2;
    %assign/vec4 v0x7f9639f1e760_0, 0;
    %jmp T_0.1;
T_0.0 ;
    %load/vec4 v0x7f9639f1e470_0;
    %load/vec4 v0x7f9639f1e960_0;
    %load/vec4 v0x7f9639f1e3c0_0;
    %cmp/e;
    %flag_get/vec4 4;
    %and;
    %flag_set/vec4 8;
    %jmp/0xz  T_0.2, 8;
    %pushi/vec4 2, 0, 2;
    %assign/vec4 v0x7f9639f1e760_0, 0;
    %jmp T_0.3;
T_0.2 ;
    %load/vec4 v0x7f9639f1e6c0_0;
    %load/vec4 v0x7f9639f1e960_0;
    %load/vec4 v0x7f9639f1e610_0;
    %cmp/e;
    %flag_get/vec4 4;
    %and;
    %flag_set/vec4 8;
    %jmp/0xz  T_0.4, 8;
    %pushi/vec4 3, 0, 2;
    %assign/vec4 v0x7f9639f1e760_0, 0;
    %jmp T_0.5;
T_0.4 ;
    %pushi/vec4 0, 0, 2;
    %assign/vec4 v0x7f9639f1e760_0, 0;
T_0.5 ;
T_0.3 ;
T_0.1 ;
    %load/vec4 v0x7f9639f1e050_0;
    %load/vec4 v0x7f9639f1ea10_0;
    %load/vec4 v0x7f9639f1dfb0_0;
    %cmp/e;
    %flag_get/vec4 4;
    %and;
    %flag_set/vec4 8;
    %jmp/0xz  T_0.6, 8;
    %pushi/vec4 1, 0, 2;
    %assign/vec4 v0x7f9639f1e810_0, 0;
    %jmp T_0.7;
T_0.6 ;
    %load/vec4 v0x7f9639f1e470_0;
    %load/vec4 v0x7f9639f1ea10_0;
    %load/vec4 v0x7f9639f1e3c0_0;
    %cmp/e;
    %flag_get/vec4 4;
    %and;
    %flag_set/vec4 8;
    %jmp/0xz  T_0.8, 8;
    %pushi/vec4 2, 0, 2;
    %assign/vec4 v0x7f9639f1e810_0, 0;
    %jmp T_0.9;
T_0.8 ;
    %load/vec4 v0x7f9639f1e6c0_0;
    %load/vec4 v0x7f9639f1ea10_0;
    %load/vec4 v0x7f9639f1e610_0;
    %cmp/e;
    %flag_get/vec4 4;
    %and;
    %flag_set/vec4 8;
    %jmp/0xz  T_0.10, 8;
    %pushi/vec4 3, 0, 2;
    %assign/vec4 v0x7f9639f1e810_0, 0;
    %jmp T_0.11;
T_0.10 ;
    %pushi/vec4 0, 0, 2;
    %assign/vec4 v0x7f9639f1e810_0, 0;
T_0.11 ;
T_0.9 ;
T_0.7 ;
    %load/vec4 v0x7f9639f1e100_0;
    %load/vec4 v0x7f9639f1e960_0;
    %load/vec4 v0x7f9639f1dfb0_0;
    %cmp/e;
    %flag_get/vec4 4;
    %load/vec4 v0x7f9639f1ea10_0;
    %load/vec4 v0x7f9639f1dfb0_0;
    %cmp/e;
    %flag_get/vec4 4;
    %or;
    %and;
    %flag_set/vec4 8;
    %jmp/0xz  T_0.12, 8;
    %pushi/vec4 0, 0, 1;
    %assign/vec4 v0x7f9639f1e8c0_0, 0;
    %pushi/vec4 0, 0, 1;
    %assign/vec4 v0x7f9639f1e580_0, 0;
    %pushi/vec4 0, 0, 1;
    %assign/vec4 v0x7f9639f1e320_0, 0;
    %pushi/vec4 1, 0, 1;
    %assign/vec4 v0x7f9639f0e550_0, 0;
    %jmp T_0.13;
T_0.12 ;
    %pushi/vec4 1, 0, 1;
    %assign/vec4 v0x7f9639f1e8c0_0, 0;
    %pushi/vec4 1, 0, 1;
    %assign/vec4 v0x7f9639f1e580_0, 0;
    %pushi/vec4 1, 0, 1;
    %assign/vec4 v0x7f9639f1e320_0, 0;
    %pushi/vec4 0, 0, 1;
    %assign/vec4 v0x7f9639f0e550_0, 0;
T_0.13 ;
    %jmp T_0;
    .thread T_0, $push;
# The file index is used to find the file name in the following table.
:file_names 3;
    "N/A";
    "<interactive>";
    "hazard-forwarding-unit.v";
