#! /usr/local/Cellar/icarus-verilog/11.0/bin/vvp
:ivl_version "11.0 (stable)";
:ivl_delay_selection "TYPICAL";
:vpi_time_precision + 0;
:vpi_module "/usr/local/Cellar/icarus-verilog/11.0/lib/ivl/system.vpi";
:vpi_module "/usr/local/Cellar/icarus-verilog/11.0/lib/ivl/vhdl_sys.vpi";
:vpi_module "/usr/local/Cellar/icarus-verilog/11.0/lib/ivl/vhdl_textio.vpi";
:vpi_module "/usr/local/Cellar/icarus-verilog/11.0/lib/ivl/v2005_math.vpi";
:vpi_module "/usr/local/Cellar/icarus-verilog/11.0/lib/ivl/va_math.vpi";
S_0x7fb521104870 .scope module, "SignExtender" "SignExtender" 2 71;
 .timescale 0 0;
    .port_info 0 /OUTPUT 32 "extended";
    .port_info 1 /INPUT 26 "extend";
o0x7fb521432008 .functor BUFZ 26, C4<zzzzzzzzzzzzzzzzzzzzzzzzzz>; HiZ drive
v0x7fb521104750_0 .net "extend", 25 0, o0x7fb521432008;  0 drivers
v0x7fb5211158b0_0 .var "extended", 31 0;
E_0x7fb521105050 .event edge, v0x7fb521104750_0;
S_0x7fb5211049e0 .scope module, "SignExtender_imm16" "SignExtender_imm16" 2 81;
 .timescale 0 0;
    .port_info 0 /OUTPUT 32 "extended";
    .port_info 1 /INPUT 16 "extend";
o0x7fb5214320c8 .functor BUFZ 16, C4<zzzzzzzzzzzzzzzz>; HiZ drive
v0x7fb5211159b0_0 .net "extend", 15 0, o0x7fb5214320c8;  0 drivers
v0x7fb521115a70_0 .var "extended", 31 0;
E_0x7fb521115970 .event edge, v0x7fb5211159b0_0;
S_0x7fb521104b50 .scope module, "adder32Bit" "adder32Bit" 2 61;
 .timescale 0 0;
    .port_info 0 /OUTPUT 32 "out";
    .port_info 1 /INPUT 32 "a";
    .port_info 2 /INPUT 32 "b";
o0x7fb521432188 .functor BUFZ 32, C4<zzzzzzzzzzzzzzzzzzzzzzzzzzzzzzzz>; HiZ drive
v0x7fb521115b90_0 .net "a", 31 0, o0x7fb521432188;  0 drivers
o0x7fb5214321b8 .functor BUFZ 32, C4<zzzzzzzzzzzzzzzzzzzzzzzzzzzzzzzz>; HiZ drive
v0x7fb521115c50_0 .net "b", 31 0, o0x7fb5214321b8;  0 drivers
v0x7fb521115d00_0 .var "out", 31 0;
E_0x7fb521115b50 .event edge, v0x7fb521115b90_0, v0x7fb521115c50_0;
S_0x7fb521104cc0 .scope module, "multiplierBy4" "multiplierBy4" 2 91;
 .timescale 0 0;
    .port_info 0 /OUTPUT 32 "multipliedOut";
    .port_info 1 /INPUT 32 "in";
o0x7fb5214322a8 .functor BUFZ 32, C4<zzzzzzzzzzzzzzzzzzzzzzzzzzzzzzzz>; HiZ drive
v0x7fb521115e60_0 .net "in", 31 0, o0x7fb5214322a8;  0 drivers
v0x7fb521115f20_0 .var "multipliedOut", 31 0;
E_0x7fb521115e10 .event edge, v0x7fb521115e60_0;
S_0x7fb521104e60 .scope module, "mux_2x1" "mux_2x1" 2 16;
 .timescale 0 0;
    .port_info 0 /OUTPUT 32 "Y";
    .port_info 1 /INPUT 1 "S";
    .port_info 2 /INPUT 32 "I0";
    .port_info 3 /INPUT 32 "I1";
o0x7fb521432368 .functor BUFZ 32, C4<zzzzzzzzzzzzzzzzzzzzzzzzzzzzzzzz>; HiZ drive
v0x7fb521116030_0 .net "I0", 31 0, o0x7fb521432368;  0 drivers
o0x7fb521432398 .functor BUFZ 32, C4<zzzzzzzzzzzzzzzzzzzzzzzzzzzzzzzz>; HiZ drive
v0x7fb5211160f0_0 .net "I1", 31 0, o0x7fb521432398;  0 drivers
o0x7fb5214323c8 .functor BUFZ 1, C4<z>; HiZ drive
v0x7fb5211161a0_0 .net "S", 0 0, o0x7fb5214323c8;  0 drivers
v0x7fb521116250_0 .var "Y", 31 0;
E_0x7fb521115fe0 .event edge, v0x7fb5211160f0_0, v0x7fb521116030_0, v0x7fb5211161a0_0;
S_0x7fb521105090 .scope module, "mux_2x1_base_addr" "mux_2x1_base_addr" 2 27;
 .timescale 0 0;
    .port_info 0 /OUTPUT 32 "Y";
    .port_info 1 /INPUT 1 "S";
    .port_info 2 /INPUT 32 "I0";
    .port_info 3 /INPUT 32 "I1";
o0x7fb5214324e8 .functor BUFZ 32, C4<zzzzzzzzzzzzzzzzzzzzzzzzzzzzzzzz>; HiZ drive
v0x7fb5211163a0_0 .net "I0", 31 0, o0x7fb5214324e8;  0 drivers
o0x7fb521432518 .functor BUFZ 32, C4<zzzzzzzzzzzzzzzzzzzzzzzzzzzzzzzz>; HiZ drive
v0x7fb521116460_0 .net "I1", 31 0, o0x7fb521432518;  0 drivers
o0x7fb521432548 .functor BUFZ 1, C4<z>; HiZ drive
v0x7fb521116510_0 .net "S", 0 0, o0x7fb521432548;  0 drivers
v0x7fb5211165c0_0 .var "Y", 31 0;
E_0x7fb521116360 .event edge, v0x7fb521116460_0, v0x7fb5211163a0_0, v0x7fb521116510_0;
S_0x7fb521105260 .scope module, "mux_2x5" "mux_2x5" 2 39;
 .timescale 0 0;
    .port_info 0 /INPUT 5 "I0";
    .port_info 1 /INPUT 5 "I1";
    .port_info 2 /INPUT 1 "S";
    .port_info 3 /OUTPUT 5 "Y";
o0x7fb521432668 .functor BUFZ 5, C4<zzzzz>; HiZ drive
v0x7fb521116710_0 .net "I0", 4 0, o0x7fb521432668;  0 drivers
o0x7fb521432698 .functor BUFZ 5, C4<zzzzz>; HiZ drive
v0x7fb5211167d0_0 .net "I1", 4 0, o0x7fb521432698;  0 drivers
o0x7fb5214326c8 .functor BUFZ 1, C4<z>; HiZ drive
v0x7fb521116880_0 .net "S", 0 0, o0x7fb5214326c8;  0 drivers
v0x7fb521116930_0 .var "Y", 4 0;
E_0x7fb5211166d0 .event edge, v0x7fb5211167d0_0, v0x7fb521116710_0, v0x7fb521116880_0;
S_0x7fb521105450 .scope module, "mux_4x1" "mux_4x1" 2 1;
 .timescale 0 0;
    .port_info 0 /OUTPUT 32 "Y";
    .port_info 1 /INPUT 2 "S";
    .port_info 2 /INPUT 32 "I0";
    .port_info 3 /INPUT 32 "I1";
    .port_info 4 /INPUT 32 "I2";
    .port_info 5 /INPUT 32 "I3";
o0x7fb5214327e8 .functor BUFZ 32, C4<zzzzzzzzzzzzzzzzzzzzzzzzzzzzzzzz>; HiZ drive
v0x7fb521116ab0_0 .net "I0", 31 0, o0x7fb5214327e8;  0 drivers
o0x7fb521432818 .functor BUFZ 32, C4<zzzzzzzzzzzzzzzzzzzzzzzzzzzzzzzz>; HiZ drive
v0x7fb521116b70_0 .net "I1", 31 0, o0x7fb521432818;  0 drivers
o0x7fb521432848 .functor BUFZ 32, C4<zzzzzzzzzzzzzzzzzzzzzzzzzzzzzzzz>; HiZ drive
v0x7fb521116c10_0 .net "I2", 31 0, o0x7fb521432848;  0 drivers
o0x7fb521432878 .functor BUFZ 32, C4<zzzzzzzzzzzzzzzzzzzzzzzzzzzzzzzz>; HiZ drive
v0x7fb521116cc0_0 .net "I3", 31 0, o0x7fb521432878;  0 drivers
o0x7fb5214328a8 .functor BUFZ 2, C4<zz>; HiZ drive
v0x7fb521116d70_0 .net "S", 1 0, o0x7fb5214328a8;  0 drivers
v0x7fb521116e60_0 .var "Y", 31 0;
E_0x7fb521116a40/0 .event edge, v0x7fb521116cc0_0, v0x7fb521116c10_0, v0x7fb521116b70_0, v0x7fb521116ab0_0;
E_0x7fb521116a40/1 .event edge, v0x7fb521116d70_0;
E_0x7fb521116a40 .event/or E_0x7fb521116a40/0, E_0x7fb521116a40/1;
S_0x7fb521105680 .scope module, "mux_condtion" "mux_condtion" 2 50;
 .timescale 0 0;
    .port_info 0 /OUTPUT 4 "Y";
    .port_info 1 /INPUT 4 "I0";
    .port_info 2 /INPUT 4 "I1";
    .port_info 3 /INPUT 1 "S";
o0x7fb521432a28 .functor BUFZ 4, C4<zzzz>; HiZ drive
v0x7fb521116fc0_0 .net "I0", 3 0, o0x7fb521432a28;  0 drivers
o0x7fb521432a58 .functor BUFZ 4, C4<zzzz>; HiZ drive
v0x7fb521117070_0 .net "I1", 3 0, o0x7fb521432a58;  0 drivers
o0x7fb521432a88 .functor BUFZ 1, C4<z>; HiZ drive
v0x7fb521117120_0 .net "S", 0 0, o0x7fb521432a88;  0 drivers
v0x7fb5211171d0_0 .var "Y", 3 0;
E_0x7fb5211055c0 .event edge, v0x7fb521117070_0, v0x7fb521116fc0_0, v0x7fb521117120_0;
    .scope S_0x7fb521104870;
T_0 ;
    %wait E_0x7fb521105050;
    %load/vec4 v0x7fb521104750_0;
    %parti/s 1, 25, 6;
    %replicate 10;
    %load/vec4 v0x7fb521104750_0;
    %concat/vec4; draw_concat_vec4
    %pad/u 32;
    %assign/vec4 v0x7fb5211158b0_0, 0;
    %jmp T_0;
    .thread T_0, $push;
    .scope S_0x7fb5211049e0;
T_1 ;
    %wait E_0x7fb521115970;
    %load/vec4 v0x7fb5211159b0_0;
    %parti/s 1, 15, 5;
    %replicate 10;
    %load/vec4 v0x7fb5211159b0_0;
    %concat/vec4; draw_concat_vec4
    %pad/u 32;
    %assign/vec4 v0x7fb521115a70_0, 0;
    %jmp T_1;
    .thread T_1, $push;
    .scope S_0x7fb521104b50;
T_2 ;
    %wait E_0x7fb521115b50;
    %load/vec4 v0x7fb521115b90_0;
    %load/vec4 v0x7fb521115c50_0;
    %add;
    %assign/vec4 v0x7fb521115d00_0, 0;
    %jmp T_2;
    .thread T_2, $push;
    .scope S_0x7fb521104cc0;
T_3 ;
    %wait E_0x7fb521115e10;
    %load/vec4 v0x7fb521115e60_0;
    %ix/load 4, 2, 0;
    %flag_set/imm 4, 0;
    %shiftl 4;
    %assign/vec4 v0x7fb521115f20_0, 0;
    %jmp T_3;
    .thread T_3, $push;
    .scope S_0x7fb521104e60;
T_4 ;
    %wait E_0x7fb521115fe0;
    %load/vec4 v0x7fb5211161a0_0;
    %flag_set/vec4 8;
    %jmp/0xz  T_4.0, 8;
    %load/vec4 v0x7fb5211160f0_0;
    %store/vec4 v0x7fb521116250_0, 0, 32;
    %jmp T_4.1;
T_4.0 ;
    %load/vec4 v0x7fb521116030_0;
    %store/vec4 v0x7fb521116250_0, 0, 32;
T_4.1 ;
    %jmp T_4;
    .thread T_4, $push;
    .scope S_0x7fb521105090;
T_5 ;
    %wait E_0x7fb521116360;
    %load/vec4 v0x7fb521116510_0;
    %flag_set/vec4 8;
    %jmp/0xz  T_5.0, 8;
    %load/vec4 v0x7fb521116460_0;
    %store/vec4 v0x7fb5211165c0_0, 0, 32;
    %jmp T_5.1;
T_5.0 ;
    %load/vec4 v0x7fb5211163a0_0;
    %store/vec4 v0x7fb5211165c0_0, 0, 32;
T_5.1 ;
    %jmp T_5;
    .thread T_5, $push;
    .scope S_0x7fb521105260;
T_6 ;
    %wait E_0x7fb5211166d0;
    %load/vec4 v0x7fb521116880_0;
    %flag_set/vec4 8;
    %jmp/0xz  T_6.0, 8;
    %load/vec4 v0x7fb5211167d0_0;
    %store/vec4 v0x7fb521116930_0, 0, 5;
    %jmp T_6.1;
T_6.0 ;
    %load/vec4 v0x7fb521116710_0;
    %store/vec4 v0x7fb521116930_0, 0, 5;
T_6.1 ;
    %jmp T_6;
    .thread T_6, $push;
    .scope S_0x7fb521105450;
T_7 ;
    %wait E_0x7fb521116a40;
    %load/vec4 v0x7fb521116d70_0;
    %dup/vec4;
    %pushi/vec4 0, 0, 2;
    %cmp/u;
    %jmp/1 T_7.0, 6;
    %dup/vec4;
    %pushi/vec4 1, 0, 2;
    %cmp/u;
    %jmp/1 T_7.1, 6;
    %dup/vec4;
    %pushi/vec4 2, 0, 2;
    %cmp/u;
    %jmp/1 T_7.2, 6;
    %dup/vec4;
    %pushi/vec4 3, 0, 2;
    %cmp/u;
    %jmp/1 T_7.3, 6;
    %jmp T_7.4;
T_7.0 ;
    %load/vec4 v0x7fb521116ab0_0;
    %assign/vec4 v0x7fb521116e60_0, 0;
    %jmp T_7.4;
T_7.1 ;
    %load/vec4 v0x7fb521116b70_0;
    %assign/vec4 v0x7fb521116e60_0, 0;
    %jmp T_7.4;
T_7.2 ;
    %load/vec4 v0x7fb521116c10_0;
    %assign/vec4 v0x7fb521116e60_0, 0;
    %jmp T_7.4;
T_7.3 ;
    %load/vec4 v0x7fb521116cc0_0;
    %assign/vec4 v0x7fb521116e60_0, 0;
    %jmp T_7.4;
T_7.4 ;
    %pop/vec4 1;
    %jmp T_7;
    .thread T_7, $push;
    .scope S_0x7fb521105680;
T_8 ;
    %wait E_0x7fb5211055c0;
    %load/vec4 v0x7fb521117120_0;
    %flag_set/vec4 8;
    %jmp/0xz  T_8.0, 8;
    %load/vec4 v0x7fb521117070_0;
    %store/vec4 v0x7fb5211171d0_0, 0, 4;
    %jmp T_8.1;
T_8.0 ;
    %load/vec4 v0x7fb521116fc0_0;
    %store/vec4 v0x7fb5211171d0_0, 0, 4;
T_8.1 ;
    %jmp T_8;
    .thread T_8, $push;
# The file index is used to find the file name in the following table.
:file_names 3;
    "N/A";
    "<interactive>";
    "muxes.v";
