#! /usr/local/Cellar/icarus-verilog/11.0/bin/vvp
:ivl_version "11.0 (stable)";
:ivl_delay_selection "TYPICAL";
:vpi_time_precision + 0;
:vpi_module "/usr/local/Cellar/icarus-verilog/11.0/lib/ivl/system.vpi";
:vpi_module "/usr/local/Cellar/icarus-verilog/11.0/lib/ivl/vhdl_sys.vpi";
:vpi_module "/usr/local/Cellar/icarus-verilog/11.0/lib/ivl/vhdl_textio.vpi";
:vpi_module "/usr/local/Cellar/icarus-verilog/11.0/lib/ivl/v2005_math.vpi";
:vpi_module "/usr/local/Cellar/icarus-verilog/11.0/lib/ivl/va_math.vpi";
S_0x7fac8af0abc0 .scope module, "NPC_PC_Handler_Selector" "NPC_PC_Handler_Selector" 2 2;
 .timescale 0 0;
    .port_info 0 /INPUT 1 "branch";
    .port_info 1 /INPUT 1 "jump";
    .port_info 2 /OUTPUT 2 "pc_source_select";
o0x7fac8b832008 .functor BUFZ 1, C4<z>; HiZ drive
v0x7fac8af089a0_0 .net "branch", 0 0, o0x7fac8b832008;  0 drivers
o0x7fac8b832038 .functor BUFZ 1, C4<z>; HiZ drive
v0x7fac8ba0ab70_0 .net "jump", 0 0, o0x7fac8b832038;  0 drivers
v0x7fac8ba0ac20_0 .var "pc_source_select", 1 0;
E_0x7fac8af07450 .event edge, v0x7fac8ba0ab70_0, v0x7fac8af089a0_0;
S_0x7fac8af0ad30 .scope module, "NPC_Register" "NPC_Register" 2 23;
 .timescale 0 0;
    .port_info 0 /INPUT 1 "clk";
    .port_info 1 /INPUT 1 "reset";
    .port_info 2 /INPUT 1 "load_enable";
    .port_info 3 /INPUT 32 "data_in";
    .port_info 4 /OUTPUT 32 "data_out";
o0x7fac8b832128 .functor BUFZ 1, C4<z>; HiZ drive
v0x7fac8ba0ad80_0 .net "clk", 0 0, o0x7fac8b832128;  0 drivers
o0x7fac8b832158 .functor BUFZ 32, C4<zzzzzzzzzzzzzzzzzzzzzzzzzzzzzzzz>; HiZ drive
v0x7fac8ba0ae30_0 .net "data_in", 31 0, o0x7fac8b832158;  0 drivers
v0x7fac8ba0aee0_0 .var "data_out", 31 0;
o0x7fac8b8321b8 .functor BUFZ 1, C4<z>; HiZ drive
v0x7fac8ba0afa0_0 .net "load_enable", 0 0, o0x7fac8b8321b8;  0 drivers
o0x7fac8b8321e8 .functor BUFZ 1, C4<z>; HiZ drive
v0x7fac8ba0b040_0 .net "reset", 0 0, o0x7fac8b8321e8;  0 drivers
E_0x7fac8ba0ad30 .event posedge, v0x7fac8ba0ad80_0;
S_0x7fac8af0c370 .scope module, "PC_Adder" "PC_Adder" 2 15;
 .timescale 0 0;
    .port_info 0 /INPUT 32 "pc_in";
    .port_info 1 /OUTPUT 32 "pc_out";
L_0x7fac8b863008 .functor BUFT 1, C4<00000000000000000000000000000100>, C4<0>, C4<0>, C4<0>;
v0x7fac8ba0b1a0_0 .net/2u *"_ivl_0", 31 0, L_0x7fac8b863008;  1 drivers
o0x7fac8b832338 .functor BUFZ 32, C4<zzzzzzzzzzzzzzzzzzzzzzzzzzzzzzzz>; HiZ drive
v0x7fac8ba0b260_0 .net "pc_in", 31 0, o0x7fac8b832338;  0 drivers
v0x7fac8ba0b300_0 .net "pc_out", 31 0, L_0x7fac8ba0bd10;  1 drivers
L_0x7fac8ba0bd10 .arith/sum 32, o0x7fac8b832338, L_0x7fac8b863008;
S_0x7fac8af0c4e0 .scope module, "PC_MUX" "PC_MUX" 2 49;
 .timescale 0 0;
    .port_info 0 /INPUT 32 "nPC";
    .port_info 1 /INPUT 32 "TA";
    .port_info 2 /INPUT 32 "jump_target";
    .port_info 3 /INPUT 2 "select";
    .port_info 4 /OUTPUT 32 "Q";
v0x7fac8ba0b440_0 .var "Q", 31 0;
o0x7fac8b832428 .functor BUFZ 32, C4<zzzzzzzzzzzzzzzzzzzzzzzzzzzzzzzz>; HiZ drive
v0x7fac8ba0b500_0 .net "TA", 31 0, o0x7fac8b832428;  0 drivers
o0x7fac8b832458 .functor BUFZ 32, C4<zzzzzzzzzzzzzzzzzzzzzzzzzzzzzzzz>; HiZ drive
v0x7fac8ba0b5b0_0 .net "jump_target", 31 0, o0x7fac8b832458;  0 drivers
o0x7fac8b832488 .functor BUFZ 32, C4<zzzzzzzzzzzzzzzzzzzzzzzzzzzzzzzz>; HiZ drive
v0x7fac8ba0b670_0 .net "nPC", 31 0, o0x7fac8b832488;  0 drivers
o0x7fac8b8324b8 .functor BUFZ 2, C4<zz>; HiZ drive
v0x7fac8ba0b720_0 .net "select", 1 0, o0x7fac8b8324b8;  0 drivers
E_0x7fac8ba0b3e0 .event edge, v0x7fac8ba0b720_0, v0x7fac8ba0b670_0, v0x7fac8ba0b500_0, v0x7fac8ba0b5b0_0;
S_0x7fac8af087b0 .scope module, "PC_Register" "PC_Register" 2 36;
 .timescale 0 0;
    .port_info 0 /INPUT 1 "clk";
    .port_info 1 /INPUT 1 "reset";
    .port_info 2 /INPUT 1 "load_enable";
    .port_info 3 /INPUT 32 "data_in";
    .port_info 4 /OUTPUT 32 "data_out";
o0x7fac8b8325d8 .functor BUFZ 1, C4<z>; HiZ drive
v0x7fac8ba0b8e0_0 .net "clk", 0 0, o0x7fac8b8325d8;  0 drivers
o0x7fac8b832608 .functor BUFZ 32, C4<zzzzzzzzzzzzzzzzzzzzzzzzzzzzzzzz>; HiZ drive
v0x7fac8ba0b990_0 .net "data_in", 31 0, o0x7fac8b832608;  0 drivers
v0x7fac8ba0ba30_0 .var "data_out", 31 0;
o0x7fac8b832668 .functor BUFZ 1, C4<z>; HiZ drive
v0x7fac8ba0bae0_0 .net "load_enable", 0 0, o0x7fac8b832668;  0 drivers
o0x7fac8b832698 .functor BUFZ 1, C4<z>; HiZ drive
v0x7fac8ba0bb80_0 .net "reset", 0 0, o0x7fac8b832698;  0 drivers
E_0x7fac8ba0b890 .event posedge, v0x7fac8ba0b8e0_0;
    .scope S_0x7fac8af0abc0;
T_0 ;
    %wait E_0x7fac8af07450;
    %load/vec4 v0x7fac8ba0ab70_0;
    %flag_set/vec4 8;
    %jmp/0xz  T_0.0, 8;
    %pushi/vec4 2, 0, 2;
    %store/vec4 v0x7fac8ba0ac20_0, 0, 2;
    %jmp T_0.1;
T_0.0 ;
    %load/vec4 v0x7fac8af089a0_0;
    %flag_set/vec4 8;
    %jmp/0xz  T_0.2, 8;
    %pushi/vec4 1, 0, 2;
    %store/vec4 v0x7fac8ba0ac20_0, 0, 2;
    %jmp T_0.3;
T_0.2 ;
    %pushi/vec4 0, 0, 2;
    %store/vec4 v0x7fac8ba0ac20_0, 0, 2;
T_0.3 ;
T_0.1 ;
    %jmp T_0;
    .thread T_0, $push;
    .scope S_0x7fac8af0ad30;
T_1 ;
    %wait E_0x7fac8ba0ad30;
    %load/vec4 v0x7fac8ba0b040_0;
    %flag_set/vec4 8;
    %jmp/0xz  T_1.0, 8;
    %pushi/vec4 4, 0, 32;
    %assign/vec4 v0x7fac8ba0aee0_0, 0;
    %jmp T_1.1;
T_1.0 ;
    %load/vec4 v0x7fac8ba0afa0_0;
    %flag_set/vec4 8;
    %jmp/0xz  T_1.2, 8;
    %load/vec4 v0x7fac8ba0ae30_0;
    %assign/vec4 v0x7fac8ba0aee0_0, 0;
T_1.2 ;
T_1.1 ;
    %jmp T_1;
    .thread T_1;
    .scope S_0x7fac8af0c4e0;
T_2 ;
    %wait E_0x7fac8ba0b3e0;
    %load/vec4 v0x7fac8ba0b720_0;
    %dup/vec4;
    %pushi/vec4 0, 0, 2;
    %cmp/u;
    %jmp/1 T_2.0, 6;
    %dup/vec4;
    %pushi/vec4 1, 0, 2;
    %cmp/u;
    %jmp/1 T_2.1, 6;
    %dup/vec4;
    %pushi/vec4 2, 0, 2;
    %cmp/u;
    %jmp/1 T_2.2, 6;
    %pushi/vec4 0, 0, 32;
    %store/vec4 v0x7fac8ba0b440_0, 0, 32;
    %jmp T_2.4;
T_2.0 ;
    %load/vec4 v0x7fac8ba0b670_0;
    %store/vec4 v0x7fac8ba0b440_0, 0, 32;
    %jmp T_2.4;
T_2.1 ;
    %load/vec4 v0x7fac8ba0b500_0;
    %store/vec4 v0x7fac8ba0b440_0, 0, 32;
    %jmp T_2.4;
T_2.2 ;
    %load/vec4 v0x7fac8ba0b5b0_0;
    %store/vec4 v0x7fac8ba0b440_0, 0, 32;
    %jmp T_2.4;
T_2.4 ;
    %pop/vec4 1;
    %jmp T_2;
    .thread T_2, $push;
    .scope S_0x7fac8af087b0;
T_3 ;
    %wait E_0x7fac8ba0b890;
    %load/vec4 v0x7fac8ba0bb80_0;
    %flag_set/vec4 8;
    %jmp/0xz  T_3.0, 8;
    %pushi/vec4 0, 0, 32;
    %assign/vec4 v0x7fac8ba0ba30_0, 0;
    %jmp T_3.1;
T_3.0 ;
    %load/vec4 v0x7fac8ba0bae0_0;
    %flag_set/vec4 8;
    %jmp/0xz  T_3.2, 8;
    %load/vec4 v0x7fac8ba0b990_0;
    %assign/vec4 v0x7fac8ba0ba30_0, 0;
T_3.2 ;
T_3.1 ;
    %jmp T_3;
    .thread T_3;
# The file index is used to find the file name in the following table.
:file_names 3;
    "N/A";
    "<interactive>";
    "npc-pc-handler-v2.v";
