#! /usr/local/Cellar/icarus-verilog/11.0/bin/vvp
:ivl_version "11.0 (stable)";
:ivl_delay_selection "TYPICAL";
:vpi_time_precision + 0;
:vpi_module "/usr/local/Cellar/icarus-verilog/11.0/lib/ivl/system.vpi";
:vpi_module "/usr/local/Cellar/icarus-verilog/11.0/lib/ivl/vhdl_sys.vpi";
:vpi_module "/usr/local/Cellar/icarus-verilog/11.0/lib/ivl/vhdl_textio.vpi";
:vpi_module "/usr/local/Cellar/icarus-verilog/11.0/lib/ivl/v2005_math.vpi";
:vpi_module "/usr/local/Cellar/icarus-verilog/11.0/lib/ivl/va_math.vpi";
S_0x7fafba204180 .scope module, "Operand2_Handler_tb" "Operand2_Handler_tb" 2 23;
 .timescale 0 0;
v0x7fafba214bb0_0 .var "HI", 31 0;
v0x7fafba214c60_0 .var "LO", 31 0;
v0x7fafba214cf0_0 .net "N", 31 0, v0x7fafba214750_0;  1 drivers
v0x7fafba214da0_0 .var "PB", 31 0;
v0x7fafba214e50_0 .var "PC", 31 0;
v0x7fafba214f20_0 .var "Si", 2 0;
v0x7fafba214fd0_0 .var "imm16", 15 0;
S_0x7fafba204300 .scope module, "uut" "Operand2_Handler" 2 34, 2 1 0, S_0x7fafba204180;
 .timescale 0 0;
    .port_info 0 /INPUT 32 "PB";
    .port_info 1 /INPUT 32 "HI";
    .port_info 2 /INPUT 32 "LO";
    .port_info 3 /INPUT 32 "PC";
    .port_info 4 /INPUT 16 "imm16";
    .port_info 5 /INPUT 3 "Si";
    .port_info 6 /OUTPUT 32 "N";
v0x7fafba2045f0_0 .net "HI", 31 0, v0x7fafba214bb0_0;  1 drivers
v0x7fafba2146b0_0 .net "LO", 31 0, v0x7fafba214c60_0;  1 drivers
v0x7fafba214750_0 .var "N", 31 0;
v0x7fafba214800_0 .net "PB", 31 0, v0x7fafba214da0_0;  1 drivers
v0x7fafba2148b0_0 .net "PC", 31 0, v0x7fafba214e50_0;  1 drivers
v0x7fafba2149a0_0 .net "Si", 2 0, v0x7fafba214f20_0;  1 drivers
v0x7fafba214a50_0 .net "imm16", 15 0, v0x7fafba214fd0_0;  1 drivers
E_0x7fafba2045b0 .event edge, v0x7fafba2149a0_0;
    .scope S_0x7fafba204300;
T_0 ;
    %wait E_0x7fafba2045b0;
    %load/vec4 v0x7fafba2149a0_0;
    %dup/vec4;
    %pushi/vec4 0, 0, 3;
    %cmp/u;
    %jmp/1 T_0.0, 6;
    %dup/vec4;
    %pushi/vec4 1, 0, 3;
    %cmp/u;
    %jmp/1 T_0.1, 6;
    %dup/vec4;
    %pushi/vec4 2, 0, 3;
    %cmp/u;
    %jmp/1 T_0.2, 6;
    %dup/vec4;
    %pushi/vec4 3, 0, 3;
    %cmp/u;
    %jmp/1 T_0.3, 6;
    %dup/vec4;
    %pushi/vec4 4, 0, 3;
    %cmp/u;
    %jmp/1 T_0.4, 6;
    %dup/vec4;
    %pushi/vec4 5, 0, 3;
    %cmp/u;
    %jmp/1 T_0.5, 6;
    %pushi/vec4 0, 0, 32;
    %store/vec4 v0x7fafba214750_0, 0, 32;
    %jmp T_0.7;
T_0.0 ;
    %load/vec4 v0x7fafba214800_0;
    %store/vec4 v0x7fafba214750_0, 0, 32;
    %jmp T_0.7;
T_0.1 ;
    %load/vec4 v0x7fafba2045f0_0;
    %store/vec4 v0x7fafba214750_0, 0, 32;
    %jmp T_0.7;
T_0.2 ;
    %load/vec4 v0x7fafba2146b0_0;
    %store/vec4 v0x7fafba214750_0, 0, 32;
    %jmp T_0.7;
T_0.3 ;
    %load/vec4 v0x7fafba2148b0_0;
    %store/vec4 v0x7fafba214750_0, 0, 32;
    %jmp T_0.7;
T_0.4 ;
    %load/vec4 v0x7fafba214a50_0;
    %parti/s 1, 15, 5;
    %replicate 16;
    %load/vec4 v0x7fafba214a50_0;
    %concat/vec4; draw_concat_vec4
    %store/vec4 v0x7fafba214750_0, 0, 32;
    %jmp T_0.7;
T_0.5 ;
    %pushi/vec4 0, 0, 16;
    %load/vec4 v0x7fafba214a50_0;
    %concat/vec4; draw_concat_vec4
    %store/vec4 v0x7fafba214750_0, 0, 32;
    %jmp T_0.7;
T_0.7 ;
    %pop/vec4 1;
    %jmp T_0;
    .thread T_0, $push;
    .scope S_0x7fafba204180;
T_1 ;
    %pushi/vec4 305419896, 0, 32;
    %store/vec4 v0x7fafba214da0_0, 0, 32;
    %pushi/vec4 2271560481, 0, 32;
    %store/vec4 v0x7fafba214bb0_0, 0, 32;
    %pushi/vec4 2882400171, 0, 32;
    %store/vec4 v0x7fafba214c60_0, 0, 32;
    %pushi/vec4 4275878552, 0, 32;
    %store/vec4 v0x7fafba214e50_0, 0, 32;
    %end;
    .thread T_1;
    .scope S_0x7fafba204180;
T_2 ;
    %vpi_call 2 47 "$display", "%s                  %s                  %s                       %s", "S2", "S1", "S0", "N" {0 0 0};
    %pushi/vec4 60484, 0, 16;
    %store/vec4 v0x7fafba214fd0_0, 0, 16;
    %pushi/vec4 0, 0, 3;
    %store/vec4 v0x7fafba214f20_0, 0, 3;
    %delay 10, 0;
    %vpi_call 2 52 "$display", "%b                    %b                   %b           %b", &PV<v0x7fafba214f20_0, 2, 1>, &PV<v0x7fafba214f20_0, 1, 1>, &PV<v0x7fafba214f20_0, 0, 1>, v0x7fafba214cf0_0 {0 0 0};
    %pushi/vec4 1, 0, 3;
    %store/vec4 v0x7fafba214f20_0, 0, 3;
    %delay 10, 0;
    %vpi_call 2 56 "$display", "%b                    %b                   %b           %b", &PV<v0x7fafba214f20_0, 2, 1>, &PV<v0x7fafba214f20_0, 1, 1>, &PV<v0x7fafba214f20_0, 0, 1>, v0x7fafba214cf0_0 {0 0 0};
    %pushi/vec4 2, 0, 3;
    %store/vec4 v0x7fafba214f20_0, 0, 3;
    %delay 10, 0;
    %vpi_call 2 60 "$display", "%b                    %b                   %b           %b", &PV<v0x7fafba214f20_0, 2, 1>, &PV<v0x7fafba214f20_0, 1, 1>, &PV<v0x7fafba214f20_0, 0, 1>, v0x7fafba214cf0_0 {0 0 0};
    %pushi/vec4 3, 0, 3;
    %store/vec4 v0x7fafba214f20_0, 0, 3;
    %delay 10, 0;
    %vpi_call 2 64 "$display", "%b                    %b                   %b           %b", &PV<v0x7fafba214f20_0, 2, 1>, &PV<v0x7fafba214f20_0, 1, 1>, &PV<v0x7fafba214f20_0, 0, 1>, v0x7fafba214cf0_0 {0 0 0};
    %pushi/vec4 4, 0, 3;
    %store/vec4 v0x7fafba214f20_0, 0, 3;
    %delay 10, 0;
    %vpi_call 2 68 "$display", "%b                    %b                   %b           %b", &PV<v0x7fafba214f20_0, 2, 1>, &PV<v0x7fafba214f20_0, 1, 1>, &PV<v0x7fafba214f20_0, 0, 1>, v0x7fafba214cf0_0 {0 0 0};
    %pushi/vec4 5, 0, 3;
    %store/vec4 v0x7fafba214f20_0, 0, 3;
    %delay 10, 0;
    %vpi_call 2 72 "$display", "%b                    %b                   %b           %b", &PV<v0x7fafba214f20_0, 2, 1>, &PV<v0x7fafba214f20_0, 1, 1>, &PV<v0x7fafba214f20_0, 0, 1>, v0x7fafba214cf0_0 {0 0 0};
    %pushi/vec4 27716, 0, 16;
    %store/vec4 v0x7fafba214fd0_0, 0, 16;
    %pushi/vec4 4, 0, 3;
    %store/vec4 v0x7fafba214f20_0, 0, 3;
    %delay 10, 0;
    %vpi_call 2 78 "$display", "%b                    %b                   %b           %b", &PV<v0x7fafba214f20_0, 2, 1>, &PV<v0x7fafba214f20_0, 1, 1>, &PV<v0x7fafba214f20_0, 0, 1>, v0x7fafba214cf0_0 {0 0 0};
    %end;
    .thread T_2;
# The file index is used to find the file name in the following table.
:file_names 3;
    "N/A";
    "<interactive>";
    "operand2_handler.v";
