#! /usr/local/Cellar/icarus-verilog/11.0/bin/vvp
:ivl_version "11.0 (stable)";
:ivl_delay_selection "TYPICAL";
:vpi_time_precision - 9;
:vpi_module "/usr/local/Cellar/icarus-verilog/11.0/lib/ivl/system.vpi";
:vpi_module "/usr/local/Cellar/icarus-verilog/11.0/lib/ivl/vhdl_sys.vpi";
:vpi_module "/usr/local/Cellar/icarus-verilog/11.0/lib/ivl/vhdl_textio.vpi";
:vpi_module "/usr/local/Cellar/icarus-verilog/11.0/lib/ivl/v2005_math.vpi";
:vpi_module "/usr/local/Cellar/icarus-verilog/11.0/lib/ivl/va_math.vpi";
S_0x7fea499175f0 .scope module, "HiRegister" "HiRegister" 2 174;
 .timescale -9 -9;
    .port_info 0 /INPUT 1 "clk";
    .port_info 1 /INPUT 1 "HiEnable";
    .port_info 2 /INPUT 32 "PW";
    .port_info 3 /OUTPUT 32 "HiSignal";
o0x7fea49a32008 .functor BUFZ 1, C4<z>; HiZ drive
v0x7fea49905e80_0 .net "HiEnable", 0 0, o0x7fea49a32008;  0 drivers
v0x7fea49c1cd50_0 .var "HiSignal", 31 0;
o0x7fea49a32068 .functor BUFZ 32, C4<zzzzzzzzzzzzzzzzzzzzzzzzzzzzzzzz>; HiZ drive
v0x7fea49c1be70_0 .net "PW", 31 0, o0x7fea49a32068;  0 drivers
o0x7fea49a32098 .functor BUFZ 1, C4<z>; HiZ drive
v0x7fea49c1b730_0 .net "clk", 0 0, o0x7fea49a32098;  0 drivers
E_0x7fea4990dc90 .event posedge, v0x7fea49c1b730_0;
S_0x7fea49924600 .scope module, "LoRegister" "LoRegister" 2 190;
 .timescale -9 -9;
    .port_info 0 /INPUT 1 "clk";
    .port_info 1 /INPUT 1 "LoEnable";
    .port_info 2 /INPUT 32 "PW";
    .port_info 3 /OUTPUT 32 "LoSignal";
o0x7fea49a32188 .functor BUFZ 1, C4<z>; HiZ drive
v0x7fea49c1b120_0 .net "LoEnable", 0 0, o0x7fea49a32188;  0 drivers
v0x7fea49c1ab10_0 .var "LoSignal", 31 0;
o0x7fea49a321e8 .functor BUFZ 32, C4<zzzzzzzzzzzzzzzzzzzzzzzzzzzzzzzz>; HiZ drive
v0x7fea49c1a500_0 .net "PW", 31 0, o0x7fea49a321e8;  0 drivers
o0x7fea49a32218 .functor BUFZ 1, C4<z>; HiZ drive
v0x7fea49c25330_0 .net "clk", 0 0, o0x7fea49a32218;  0 drivers
E_0x7fea49c21970 .event posedge, v0x7fea49c25330_0;
S_0x7fea49924770 .scope module, "RegisterFile" "RegisterFile" 2 5;
 .timescale 0 0;
    .port_info 0 /OUTPUT 32 "PA";
    .port_info 1 /OUTPUT 32 "PB";
    .port_info 2 /INPUT 32 "PW";
    .port_info 3 /INPUT 5 "RW";
    .port_info 4 /INPUT 5 "RA";
    .port_info 5 /INPUT 5 "RB";
    .port_info 6 /INPUT 1 "LE";
    .port_info 7 /INPUT 1 "Clk";
o0x7fea49a32308 .functor BUFZ 1, C4<z>; HiZ drive
v0x7fea49c2fe00_0 .net "Clk", 0 0, o0x7fea49a32308;  0 drivers
v0x7fea49c290f0_0 .net "E", 31 0, v0x7fea49c2d750_0;  1 drivers
o0x7fea49a347c8 .functor BUFZ 1, C4<z>; HiZ drive
v0x7fea49c29180_0 .net "LE", 0 0, o0x7fea49a347c8;  0 drivers
v0x7fea49c29210_0 .net "PA", 31 0, v0x7fea49c2ec30_0;  1 drivers
v0x7fea49c32170_0 .net "PB", 31 0, v0x7fea49c31070_0;  1 drivers
o0x7fea49a32338 .functor BUFZ 32, C4<zzzzzzzzzzzzzzzzzzzzzzzzzzzzzzzz>; HiZ drive
v0x7fea49c32200_0 .net "PW", 31 0, o0x7fea49a32338;  0 drivers
v0x7fea49c292e0_0 .net "Q0", 31 0, v0x7fea49c19ef0_0;  1 drivers
v0x7fea49c29390_0 .net "Q1", 31 0, v0x7fea49c1eb10_0;  1 drivers
v0x7fea49c29420_0 .net "Q10", 31 0, v0x7fea49c26200_0;  1 drivers
v0x7fea49c32310_0 .net "Q11", 31 0, v0x7fea49c22e10_0;  1 drivers
v0x7fea49c323a0_0 .net "Q12", 31 0, v0x7fea49c1d4d0_0;  1 drivers
v0x7fea49c32430_0 .net "Q13", 31 0, v0x7fea49c25060_0;  1 drivers
v0x7fea49c324c0_0 .net "Q14", 31 0, v0x7fea49c19690_0;  1 drivers
v0x7fea49c32550_0 .net "Q15", 31 0, v0x7fea49c20600_0;  1 drivers
v0x7fea49c325f0_0 .net "Q16", 31 0, v0x7fea49c1bb70_0;  1 drivers
v0x7fea49c32690_0 .net "Q17", 31 0, v0x7fea49c15280_0;  1 drivers
v0x7fea49c32730_0 .net "Q18", 31 0, v0x7fea49c257e0_0;  1 drivers
v0x7fea49c328c0_0 .net "Q19", 31 0, v0x7fea49c23a20_0;  1 drivers
v0x7fea49c32950_0 .net "Q2", 31 0, v0x7fea49c21c60_0;  1 drivers
v0x7fea49c329e0_0 .net "Q20", 31 0, v0x7fea49c1fea0_0;  1 drivers
v0x7fea49c32a70_0 .net "Q21", 31 0, v0x7fea49c1e0e0_0;  1 drivers
v0x7fea49c32b10_0 .net "Q22", 31 0, v0x7fea49c1c320_0;  1 drivers
v0x7fea49c32bb0_0 .net "Q23", 31 0, v0x7fea49c294f0_0;  1 drivers
v0x7fea49c32c50_0 .net "Q24", 31 0, v0x7fea49c298a0_0;  1 drivers
v0x7fea49c32cf0_0 .net "Q25", 31 0, v0x7fea49c29c50_0;  1 drivers
v0x7fea49c32d90_0 .net "Q26", 31 0, v0x7fea49c2a000_0;  1 drivers
v0x7fea49c32e30_0 .net "Q27", 31 0, v0x7fea49c2a3b0_0;  1 drivers
v0x7fea49c32ed0_0 .net "Q28", 31 0, v0x7fea49c2a760_0;  1 drivers
v0x7fea49c32f70_0 .net "Q29", 31 0, v0x7fea49c2ab10_0;  1 drivers
v0x7fea49c33010_0 .net "Q3", 31 0, v0x7fea49c2aec0_0;  1 drivers
v0x7fea49c330b0_0 .net "Q30", 31 0, v0x7fea49c2b270_0;  1 drivers
v0x7fea49c33150_0 .net "Q31", 31 0, v0x7fea49c2b620_0;  1 drivers
v0x7fea49c331f0_0 .net "Q4", 31 0, v0x7fea49c2b9d0_0;  1 drivers
v0x7fea49c327d0_0 .net "Q5", 31 0, v0x7fea49c2bd80_0;  1 drivers
v0x7fea49c33480_0 .net "Q6", 31 0, v0x7fea49c2c290_0;  1 drivers
v0x7fea49c33510_0 .net "Q7", 31 0, v0x7fea49c2c7b0_0;  1 drivers
v0x7fea49c335a0_0 .net "Q8", 31 0, v0x7fea49c2ccd0_0;  1 drivers
v0x7fea49c33630_0 .net "Q9", 31 0, v0x7fea49c2d1f0_0;  1 drivers
o0x7fea49a348b8 .functor BUFZ 5, C4<zzzzz>; HiZ drive
v0x7fea49c336c0_0 .net "RA", 4 0, o0x7fea49a348b8;  0 drivers
o0x7fea49a34fa8 .functor BUFZ 5, C4<zzzzz>; HiZ drive
v0x7fea49c33770_0 .net "RB", 4 0, o0x7fea49a34fa8;  0 drivers
o0x7fea49a34768 .functor BUFZ 5, C4<zzzzz>; HiZ drive
v0x7fea49c33800_0 .net "RW", 4 0, o0x7fea49a34768;  0 drivers
L_0x7fea49c33970 .part v0x7fea49c2d750_0, 0, 1;
L_0x7fea49c33a70 .part v0x7fea49c2d750_0, 1, 1;
L_0x7fea49c33b10 .part v0x7fea49c2d750_0, 2, 1;
L_0x7fea49c33c70 .part v0x7fea49c2d750_0, 3, 1;
L_0x7fea49c33d10 .part v0x7fea49c2d750_0, 4, 1;
L_0x7fea49c33de0 .part v0x7fea49c2d750_0, 5, 1;
L_0x7fea49c33e80 .part v0x7fea49c2d750_0, 6, 1;
L_0x7fea49c34080 .part v0x7fea49c2d750_0, 7, 1;
L_0x7fea49c34120 .part v0x7fea49c2d750_0, 8, 1;
L_0x7fea49c341c0 .part v0x7fea49c2d750_0, 9, 1;
L_0x7fea49c34280 .part v0x7fea49c2d750_0, 10, 1;
L_0x7fea49c34320 .part v0x7fea49c2d750_0, 11, 1;
L_0x7fea49c343c0 .part v0x7fea49c2d750_0, 12, 1;
L_0x7fea49c344f0 .part v0x7fea49c2d750_0, 13, 1;
L_0x7fea49c345b0 .part v0x7fea49c2d750_0, 14, 1;
L_0x7fea49c34850 .part v0x7fea49c2d750_0, 15, 1;
L_0x7fea49c348f0 .part v0x7fea49c2d750_0, 16, 1;
L_0x7fea49c34990 .part v0x7fea49c2d750_0, 17, 1;
L_0x7fea49c34a30 .part v0x7fea49c2d750_0, 18, 1;
L_0x7fea49c34b70 .part v0x7fea49c2d750_0, 19, 1;
L_0x7fea49c34c10 .part v0x7fea49c2d750_0, 20, 1;
L_0x7fea49c34ad0 .part v0x7fea49c2d750_0, 21, 1;
L_0x7fea49c34d60 .part v0x7fea49c2d750_0, 22, 1;
L_0x7fea49c34ec0 .part v0x7fea49c2d750_0, 23, 1;
L_0x7fea49c34cb0 .part v0x7fea49c2d750_0, 24, 1;
L_0x7fea49c35030 .part v0x7fea49c2d750_0, 25, 1;
L_0x7fea49c34e00 .part v0x7fea49c2d750_0, 26, 1;
L_0x7fea49c351b0 .part v0x7fea49c2d750_0, 27, 1;
L_0x7fea49c34f60 .part v0x7fea49c2d750_0, 28, 1;
L_0x7fea49c35340 .part v0x7fea49c2d750_0, 29, 1;
L_0x7fea49c350d0 .part v0x7fea49c2d750_0, 30, 1;
L_0x7fea49c34750 .part v0x7fea49c2d750_0, 31, 1;
S_0x7fea49c277f0 .scope module, "R0" "register_32bit" 2 33, 2 258 0, S_0x7fea49924770;
 .timescale -9 -9;
    .port_info 0 /OUTPUT 32 "Q";
    .port_info 1 /INPUT 32 "D";
    .port_info 2 /INPUT 1 "Clk";
    .port_info 3 /INPUT 1 "Ld";
v0x7fea49c24450_0 .net "Clk", 0 0, o0x7fea49a32308;  alias, 0 drivers
v0x7fea49c23570_0 .net "D", 31 0, o0x7fea49a32338;  alias, 0 drivers
v0x7fea49c22690_0 .net "Ld", 0 0, L_0x7fea49c33970;  1 drivers
v0x7fea49c19ef0_0 .var "Q", 31 0;
E_0x7fea49c1cf10 .event posedge, v0x7fea49c24450_0;
S_0x7fea49c27960 .scope module, "R1" "register_32bit" 2 34, 2 258 0, S_0x7fea49924770;
 .timescale -9 -9;
    .port_info 0 /OUTPUT 32 "Q";
    .port_info 1 /INPUT 32 "D";
    .port_info 2 /INPUT 1 "Clk";
    .port_info 3 /INPUT 1 "Ld";
v0x7fea49c217b0_0 .net "Clk", 0 0, o0x7fea49a32308;  alias, 0 drivers
v0x7fea49c208d0_0 .net "D", 31 0, o0x7fea49a32338;  alias, 0 drivers
v0x7fea49c1f9f0_0 .net "Ld", 0 0, L_0x7fea49c33a70;  1 drivers
v0x7fea49c1eb10_0 .var "Q", 31 0;
S_0x7fea49c27ad0 .scope module, "R10" "register_32bit" 2 43, 2 258 0, S_0x7fea49924770;
 .timescale -9 -9;
    .port_info 0 /OUTPUT 32 "Q";
    .port_info 1 /INPUT 32 "D";
    .port_info 2 /INPUT 1 "Clk";
    .port_info 3 /INPUT 1 "Ld";
v0x7fea49c1dc30_0 .net "Clk", 0 0, o0x7fea49a32308;  alias, 0 drivers
v0x7fea49c198e0_0 .net "D", 31 0, o0x7fea49a32338;  alias, 0 drivers
v0x7fea49c1c5f0_0 .net "Ld", 0 0, L_0x7fea49c34280;  1 drivers
v0x7fea49c26200_0 .var "Q", 31 0;
S_0x7fea49c27c40 .scope module, "R11" "register_32bit" 2 44, 2 258 0, S_0x7fea49924770;
 .timescale -9 -9;
    .port_info 0 /OUTPUT 32 "Q";
    .port_info 1 /INPUT 32 "D";
    .port_info 2 /INPUT 1 "Clk";
    .port_info 3 /INPUT 1 "Ld";
v0x7fea49c25ab0_0 .net "Clk", 0 0, o0x7fea49a32308;  alias, 0 drivers
v0x7fea49c24bd0_0 .net "D", 31 0, o0x7fea49a32338;  alias, 0 drivers
v0x7fea49c23cf0_0 .net "Ld", 0 0, L_0x7fea49c34320;  1 drivers
v0x7fea49c22e10_0 .var "Q", 31 0;
S_0x7fea49c27db0 .scope module, "R12" "register_32bit" 2 45, 2 258 0, S_0x7fea49924770;
 .timescale -9 -9;
    .port_info 0 /OUTPUT 32 "Q";
    .port_info 1 /INPUT 32 "D";
    .port_info 2 /INPUT 1 "Clk";
    .port_info 3 /INPUT 1 "Ld";
v0x7fea49c21f30_0 .net "Clk", 0 0, o0x7fea49a32308;  alias, 0 drivers
v0x7fea49c20170_0 .net "D", 31 0, o0x7fea49a32338;  alias, 0 drivers
v0x7fea49c1e3b0_0 .net "Ld", 0 0, L_0x7fea49c343c0;  1 drivers
v0x7fea49c1d4d0_0 .var "Q", 31 0;
S_0x7fea49c27f20 .scope module, "R13" "register_32bit" 2 46, 2 258 0, S_0x7fea49924770;
 .timescale -9 -9;
    .port_info 0 /OUTPUT 32 "Q";
    .port_info 1 /INPUT 32 "D";
    .port_info 2 /INPUT 1 "Clk";
    .port_info 3 /INPUT 1 "Ld";
v0x7fea49c27110_0 .net "Clk", 0 0, o0x7fea49a32308;  alias, 0 drivers
v0x7fea49c26960_0 .net "D", 31 0, o0x7fea49a32338;  alias, 0 drivers
v0x7fea49c24180_0 .net "Ld", 0 0, L_0x7fea49c344f0;  1 drivers
v0x7fea49c25060_0 .var "Q", 31 0;
S_0x7fea49c28090 .scope module, "R14" "register_32bit" 2 47, 2 258 0, S_0x7fea49924770;
 .timescale -9 -9;
    .port_info 0 /OUTPUT 32 "Q";
    .port_info 1 /INPUT 32 "D";
    .port_info 2 /INPUT 1 "Clk";
    .port_info 3 /INPUT 1 "Ld";
v0x7fea49c25f40_0 .net "Clk", 0 0, o0x7fea49a32308;  alias, 0 drivers
v0x7fea49c19ca0_0 .net "D", 31 0, o0x7fea49a32338;  alias, 0 drivers
v0x7fea49c1a2b0_0 .net "Ld", 0 0, L_0x7fea49c345b0;  1 drivers
v0x7fea49c19690_0 .var "Q", 31 0;
S_0x7fea49c28200 .scope module, "R15" "register_32bit" 2 48, 2 258 0, S_0x7fea49924770;
 .timescale -9 -9;
    .port_info 0 /OUTPUT 32 "Q";
    .port_info 1 /INPUT 32 "D";
    .port_info 2 /INPUT 1 "Clk";
    .port_info 3 /INPUT 1 "Ld";
v0x7fea49c232a0_0 .net "Clk", 0 0, o0x7fea49a32308;  alias, 0 drivers
v0x7fea49c223c0_0 .net "D", 31 0, o0x7fea49a32338;  alias, 0 drivers
v0x7fea49c214e0_0 .net "Ld", 0 0, L_0x7fea49c34850;  1 drivers
v0x7fea49c20600_0 .var "Q", 31 0;
S_0x7fea49c28370 .scope module, "R16" "register_32bit" 2 49, 2 258 0, S_0x7fea49924770;
 .timescale -9 -9;
    .port_info 0 /OUTPUT 32 "Q";
    .port_info 1 /INPUT 32 "D";
    .port_info 2 /INPUT 1 "Clk";
    .port_info 3 /INPUT 1 "Ld";
v0x7fea49c1f720_0 .net "Clk", 0 0, o0x7fea49a32308;  alias, 0 drivers
v0x7fea49c1d960_0 .net "D", 31 0, o0x7fea49a32338;  alias, 0 drivers
v0x7fea49c18be0_0 .net "Ld", 0 0, L_0x7fea49c348f0;  1 drivers
v0x7fea49c1bb70_0 .var "Q", 31 0;
S_0x7fea49c284e0 .scope module, "R17" "register_32bit" 2 50, 2 258 0, S_0x7fea49924770;
 .timescale -9 -9;
    .port_info 0 /OUTPUT 32 "Q";
    .port_info 1 /INPUT 32 "D";
    .port_info 2 /INPUT 1 "Clk";
    .port_info 3 /INPUT 1 "Ld";
v0x7fea49c1b4e0_0 .net "Clk", 0 0, o0x7fea49a32308;  alias, 0 drivers
v0x7fea49c1aed0_0 .net "D", 31 0, o0x7fea49a32338;  alias, 0 drivers
v0x7fea49c1a8c0_0 .net "Ld", 0 0, L_0x7fea49c34990;  1 drivers
v0x7fea49c15280_0 .var "Q", 31 0;
S_0x7fea49c28650 .scope module, "R18" "register_32bit" 2 51, 2 258 0, S_0x7fea49924770;
 .timescale -9 -9;
    .port_info 0 /OUTPUT 32 "Q";
    .port_info 1 /INPUT 32 "D";
    .port_info 2 /INPUT 1 "Clk";
    .port_info 3 /INPUT 1 "Ld";
v0x7fea49c26630_0 .net "Clk", 0 0, o0x7fea49a32308;  alias, 0 drivers
v0x7fea49c266c0_0 .net "D", 31 0, o0x7fea49a32338;  alias, 0 drivers
v0x7fea49c25750_0 .net "Ld", 0 0, L_0x7fea49c34a30;  1 drivers
v0x7fea49c257e0_0 .var "Q", 31 0;
S_0x7fea49c287c0 .scope module, "R19" "register_32bit" 2 52, 2 258 0, S_0x7fea49924770;
 .timescale -9 -9;
    .port_info 0 /OUTPUT 32 "Q";
    .port_info 1 /INPUT 32 "D";
    .port_info 2 /INPUT 1 "Clk";
    .port_info 3 /INPUT 1 "Ld";
v0x7fea49c24870_0 .net "Clk", 0 0, o0x7fea49a32308;  alias, 0 drivers
v0x7fea49c24900_0 .net "D", 31 0, o0x7fea49a32338;  alias, 0 drivers
v0x7fea49c23990_0 .net "Ld", 0 0, L_0x7fea49c34b70;  1 drivers
v0x7fea49c23a20_0 .var "Q", 31 0;
S_0x7fea49c28930 .scope module, "R2" "register_32bit" 2 35, 2 258 0, S_0x7fea49924770;
 .timescale -9 -9;
    .port_info 0 /OUTPUT 32 "Q";
    .port_info 1 /INPUT 32 "D";
    .port_info 2 /INPUT 1 "Clk";
    .port_info 3 /INPUT 1 "Ld";
v0x7fea49c22ab0_0 .net "Clk", 0 0, o0x7fea49a32308;  alias, 0 drivers
v0x7fea49c22b40_0 .net "D", 31 0, o0x7fea49a32338;  alias, 0 drivers
v0x7fea49c21bd0_0 .net "Ld", 0 0, L_0x7fea49c33b10;  1 drivers
v0x7fea49c21c60_0 .var "Q", 31 0;
S_0x7fea49c28aa0 .scope module, "R20" "register_32bit" 2 53, 2 258 0, S_0x7fea49924770;
 .timescale -9 -9;
    .port_info 0 /OUTPUT 32 "Q";
    .port_info 1 /INPUT 32 "D";
    .port_info 2 /INPUT 1 "Clk";
    .port_info 3 /INPUT 1 "Ld";
v0x7fea49c20cf0_0 .net "Clk", 0 0, o0x7fea49a32308;  alias, 0 drivers
v0x7fea49c20d80_0 .net "D", 31 0, o0x7fea49a32338;  alias, 0 drivers
v0x7fea49c1fe10_0 .net "Ld", 0 0, L_0x7fea49c34c10;  1 drivers
v0x7fea49c1fea0_0 .var "Q", 31 0;
S_0x7fea49c28c10 .scope module, "R21" "register_32bit" 2 54, 2 258 0, S_0x7fea49924770;
 .timescale -9 -9;
    .port_info 0 /OUTPUT 32 "Q";
    .port_info 1 /INPUT 32 "D";
    .port_info 2 /INPUT 1 "Clk";
    .port_info 3 /INPUT 1 "Ld";
v0x7fea49c1ef30_0 .net "Clk", 0 0, o0x7fea49a32308;  alias, 0 drivers
v0x7fea49c1efc0_0 .net "D", 31 0, o0x7fea49a32338;  alias, 0 drivers
v0x7fea49c1e050_0 .net "Ld", 0 0, L_0x7fea49c34ad0;  1 drivers
v0x7fea49c1e0e0_0 .var "Q", 31 0;
S_0x7fea49c28d80 .scope module, "R22" "register_32bit" 2 55, 2 258 0, S_0x7fea49924770;
 .timescale -9 -9;
    .port_info 0 /OUTPUT 32 "Q";
    .port_info 1 /INPUT 32 "D";
    .port_info 2 /INPUT 1 "Clk";
    .port_info 3 /INPUT 1 "Ld";
v0x7fea49c1d170_0 .net "Clk", 0 0, o0x7fea49a32308;  alias, 0 drivers
v0x7fea49c1d200_0 .net "D", 31 0, o0x7fea49a32338;  alias, 0 drivers
v0x7fea49c1c290_0 .net "Ld", 0 0, L_0x7fea49c34d60;  1 drivers
v0x7fea49c1c320_0 .var "Q", 31 0;
S_0x7fea49c28ef0 .scope module, "R23" "register_32bit" 2 56, 2 258 0, S_0x7fea49924770;
 .timescale -9 -9;
    .port_info 0 /OUTPUT 32 "Q";
    .port_info 1 /INPUT 32 "D";
    .port_info 2 /INPUT 1 "Clk";
    .port_info 3 /INPUT 1 "Ld";
v0x7fea49c29060_0 .net "Clk", 0 0, o0x7fea49a32308;  alias, 0 drivers
v0x7fea49c1e840_0 .net "D", 31 0, o0x7fea49a32338;  alias, 0 drivers
v0x7fea49c1ca80_0 .net "Ld", 0 0, L_0x7fea49c34ec0;  1 drivers
v0x7fea49c294f0_0 .var "Q", 31 0;
S_0x7fea49c29580 .scope module, "R24" "register_32bit" 2 57, 2 258 0, S_0x7fea49924770;
 .timescale -9 -9;
    .port_info 0 /OUTPUT 32 "Q";
    .port_info 1 /INPUT 32 "D";
    .port_info 2 /INPUT 1 "Clk";
    .port_info 3 /INPUT 1 "Ld";
v0x7fea49c296f0_0 .net "Clk", 0 0, o0x7fea49a32308;  alias, 0 drivers
v0x7fea49c29780_0 .net "D", 31 0, o0x7fea49a32338;  alias, 0 drivers
v0x7fea49c29810_0 .net "Ld", 0 0, L_0x7fea49c34cb0;  1 drivers
v0x7fea49c298a0_0 .var "Q", 31 0;
S_0x7fea49c29930 .scope module, "R25" "register_32bit" 2 58, 2 258 0, S_0x7fea49924770;
 .timescale -9 -9;
    .port_info 0 /OUTPUT 32 "Q";
    .port_info 1 /INPUT 32 "D";
    .port_info 2 /INPUT 1 "Clk";
    .port_info 3 /INPUT 1 "Ld";
v0x7fea49c29aa0_0 .net "Clk", 0 0, o0x7fea49a32308;  alias, 0 drivers
v0x7fea49c29b30_0 .net "D", 31 0, o0x7fea49a32338;  alias, 0 drivers
v0x7fea49c29bc0_0 .net "Ld", 0 0, L_0x7fea49c35030;  1 drivers
v0x7fea49c29c50_0 .var "Q", 31 0;
S_0x7fea49c29ce0 .scope module, "R26" "register_32bit" 2 59, 2 258 0, S_0x7fea49924770;
 .timescale -9 -9;
    .port_info 0 /OUTPUT 32 "Q";
    .port_info 1 /INPUT 32 "D";
    .port_info 2 /INPUT 1 "Clk";
    .port_info 3 /INPUT 1 "Ld";
v0x7fea49c29e50_0 .net "Clk", 0 0, o0x7fea49a32308;  alias, 0 drivers
v0x7fea49c29ee0_0 .net "D", 31 0, o0x7fea49a32338;  alias, 0 drivers
v0x7fea49c29f70_0 .net "Ld", 0 0, L_0x7fea49c34e00;  1 drivers
v0x7fea49c2a000_0 .var "Q", 31 0;
S_0x7fea49c2a090 .scope module, "R27" "register_32bit" 2 60, 2 258 0, S_0x7fea49924770;
 .timescale -9 -9;
    .port_info 0 /OUTPUT 32 "Q";
    .port_info 1 /INPUT 32 "D";
    .port_info 2 /INPUT 1 "Clk";
    .port_info 3 /INPUT 1 "Ld";
v0x7fea49c2a200_0 .net "Clk", 0 0, o0x7fea49a32308;  alias, 0 drivers
v0x7fea49c2a290_0 .net "D", 31 0, o0x7fea49a32338;  alias, 0 drivers
v0x7fea49c2a320_0 .net "Ld", 0 0, L_0x7fea49c351b0;  1 drivers
v0x7fea49c2a3b0_0 .var "Q", 31 0;
S_0x7fea49c2a440 .scope module, "R28" "register_32bit" 2 61, 2 258 0, S_0x7fea49924770;
 .timescale -9 -9;
    .port_info 0 /OUTPUT 32 "Q";
    .port_info 1 /INPUT 32 "D";
    .port_info 2 /INPUT 1 "Clk";
    .port_info 3 /INPUT 1 "Ld";
v0x7fea49c2a5b0_0 .net "Clk", 0 0, o0x7fea49a32308;  alias, 0 drivers
v0x7fea49c2a640_0 .net "D", 31 0, o0x7fea49a32338;  alias, 0 drivers
v0x7fea49c2a6d0_0 .net "Ld", 0 0, L_0x7fea49c34f60;  1 drivers
v0x7fea49c2a760_0 .var "Q", 31 0;
S_0x7fea49c2a7f0 .scope module, "R29" "register_32bit" 2 62, 2 258 0, S_0x7fea49924770;
 .timescale -9 -9;
    .port_info 0 /OUTPUT 32 "Q";
    .port_info 1 /INPUT 32 "D";
    .port_info 2 /INPUT 1 "Clk";
    .port_info 3 /INPUT 1 "Ld";
v0x7fea49c2a960_0 .net "Clk", 0 0, o0x7fea49a32308;  alias, 0 drivers
v0x7fea49c2a9f0_0 .net "D", 31 0, o0x7fea49a32338;  alias, 0 drivers
v0x7fea49c2aa80_0 .net "Ld", 0 0, L_0x7fea49c35340;  1 drivers
v0x7fea49c2ab10_0 .var "Q", 31 0;
S_0x7fea49c2aba0 .scope module, "R3" "register_32bit" 2 36, 2 258 0, S_0x7fea49924770;
 .timescale -9 -9;
    .port_info 0 /OUTPUT 32 "Q";
    .port_info 1 /INPUT 32 "D";
    .port_info 2 /INPUT 1 "Clk";
    .port_info 3 /INPUT 1 "Ld";
v0x7fea49c2ad10_0 .net "Clk", 0 0, o0x7fea49a32308;  alias, 0 drivers
v0x7fea49c2ada0_0 .net "D", 31 0, o0x7fea49a32338;  alias, 0 drivers
v0x7fea49c2ae30_0 .net "Ld", 0 0, L_0x7fea49c33c70;  1 drivers
v0x7fea49c2aec0_0 .var "Q", 31 0;
S_0x7fea49c2af50 .scope module, "R30" "register_32bit" 2 63, 2 258 0, S_0x7fea49924770;
 .timescale -9 -9;
    .port_info 0 /OUTPUT 32 "Q";
    .port_info 1 /INPUT 32 "D";
    .port_info 2 /INPUT 1 "Clk";
    .port_info 3 /INPUT 1 "Ld";
v0x7fea49c2b0c0_0 .net "Clk", 0 0, o0x7fea49a32308;  alias, 0 drivers
v0x7fea49c2b150_0 .net "D", 31 0, o0x7fea49a32338;  alias, 0 drivers
v0x7fea49c2b1e0_0 .net "Ld", 0 0, L_0x7fea49c350d0;  1 drivers
v0x7fea49c2b270_0 .var "Q", 31 0;
S_0x7fea49c2b300 .scope module, "R31" "register_32bit" 2 64, 2 258 0, S_0x7fea49924770;
 .timescale -9 -9;
    .port_info 0 /OUTPUT 32 "Q";
    .port_info 1 /INPUT 32 "D";
    .port_info 2 /INPUT 1 "Clk";
    .port_info 3 /INPUT 1 "Ld";
v0x7fea49c2b470_0 .net "Clk", 0 0, o0x7fea49a32308;  alias, 0 drivers
v0x7fea49c2b500_0 .net "D", 31 0, o0x7fea49a32338;  alias, 0 drivers
v0x7fea49c2b590_0 .net "Ld", 0 0, L_0x7fea49c34750;  1 drivers
v0x7fea49c2b620_0 .var "Q", 31 0;
S_0x7fea49c2b6b0 .scope module, "R4" "register_32bit" 2 37, 2 258 0, S_0x7fea49924770;
 .timescale -9 -9;
    .port_info 0 /OUTPUT 32 "Q";
    .port_info 1 /INPUT 32 "D";
    .port_info 2 /INPUT 1 "Clk";
    .port_info 3 /INPUT 1 "Ld";
v0x7fea49c2b820_0 .net "Clk", 0 0, o0x7fea49a32308;  alias, 0 drivers
v0x7fea49c2b8b0_0 .net "D", 31 0, o0x7fea49a32338;  alias, 0 drivers
v0x7fea49c2b940_0 .net "Ld", 0 0, L_0x7fea49c33d10;  1 drivers
v0x7fea49c2b9d0_0 .var "Q", 31 0;
S_0x7fea49c2ba60 .scope module, "R5" "register_32bit" 2 38, 2 258 0, S_0x7fea49924770;
 .timescale -9 -9;
    .port_info 0 /OUTPUT 32 "Q";
    .port_info 1 /INPUT 32 "D";
    .port_info 2 /INPUT 1 "Clk";
    .port_info 3 /INPUT 1 "Ld";
v0x7fea49c2bbd0_0 .net "Clk", 0 0, o0x7fea49a32308;  alias, 0 drivers
v0x7fea49c2bc60_0 .net "D", 31 0, o0x7fea49a32338;  alias, 0 drivers
v0x7fea49c2bcf0_0 .net "Ld", 0 0, L_0x7fea49c33de0;  1 drivers
v0x7fea49c2bd80_0 .var "Q", 31 0;
S_0x7fea49c2be80 .scope module, "R6" "register_32bit" 2 39, 2 258 0, S_0x7fea49924770;
 .timescale -9 -9;
    .port_info 0 /OUTPUT 32 "Q";
    .port_info 1 /INPUT 32 "D";
    .port_info 2 /INPUT 1 "Clk";
    .port_info 3 /INPUT 1 "Ld";
v0x7fea49c2c0a0_0 .net "Clk", 0 0, o0x7fea49a32308;  alias, 0 drivers
v0x7fea49c2c140_0 .net "D", 31 0, o0x7fea49a32338;  alias, 0 drivers
v0x7fea49c2c1e0_0 .net "Ld", 0 0, L_0x7fea49c33e80;  1 drivers
v0x7fea49c2c290_0 .var "Q", 31 0;
S_0x7fea49c2c3a0 .scope module, "R7" "register_32bit" 2 40, 2 258 0, S_0x7fea49924770;
 .timescale -9 -9;
    .port_info 0 /OUTPUT 32 "Q";
    .port_info 1 /INPUT 32 "D";
    .port_info 2 /INPUT 1 "Clk";
    .port_info 3 /INPUT 1 "Ld";
v0x7fea49c2c5c0_0 .net "Clk", 0 0, o0x7fea49a32308;  alias, 0 drivers
v0x7fea49c2c660_0 .net "D", 31 0, o0x7fea49a32338;  alias, 0 drivers
v0x7fea49c2c700_0 .net "Ld", 0 0, L_0x7fea49c34080;  1 drivers
v0x7fea49c2c7b0_0 .var "Q", 31 0;
S_0x7fea49c2c8c0 .scope module, "R8" "register_32bit" 2 41, 2 258 0, S_0x7fea49924770;
 .timescale -9 -9;
    .port_info 0 /OUTPUT 32 "Q";
    .port_info 1 /INPUT 32 "D";
    .port_info 2 /INPUT 1 "Clk";
    .port_info 3 /INPUT 1 "Ld";
v0x7fea49c2cae0_0 .net "Clk", 0 0, o0x7fea49a32308;  alias, 0 drivers
v0x7fea49c2cb80_0 .net "D", 31 0, o0x7fea49a32338;  alias, 0 drivers
v0x7fea49c2cc20_0 .net "Ld", 0 0, L_0x7fea49c34120;  1 drivers
v0x7fea49c2ccd0_0 .var "Q", 31 0;
S_0x7fea49c2cde0 .scope module, "R9" "register_32bit" 2 42, 2 258 0, S_0x7fea49924770;
 .timescale -9 -9;
    .port_info 0 /OUTPUT 32 "Q";
    .port_info 1 /INPUT 32 "D";
    .port_info 2 /INPUT 1 "Clk";
    .port_info 3 /INPUT 1 "Ld";
v0x7fea49c2d000_0 .net "Clk", 0 0, o0x7fea49a32308;  alias, 0 drivers
v0x7fea49c2d0a0_0 .net "D", 31 0, o0x7fea49a32338;  alias, 0 drivers
v0x7fea49c2d140_0 .net "Ld", 0 0, L_0x7fea49c341c0;  1 drivers
v0x7fea49c2d1f0_0 .var "Q", 31 0;
S_0x7fea49c2d300 .scope module, "bdecoder" "binaryDecoder" 2 18, 2 210 0, S_0x7fea49924770;
 .timescale -9 -9;
    .port_info 0 /OUTPUT 32 "E";
    .port_info 1 /INPUT 5 "C";
    .port_info 2 /INPUT 1 "RF";
v0x7fea49c2d6c0_0 .net "C", 4 0, o0x7fea49a34768;  alias, 0 drivers
v0x7fea49c2d750_0 .var "E", 31 0;
v0x7fea49c2d7e0_0 .net "RF", 0 0, o0x7fea49a347c8;  alias, 0 drivers
E_0x7fea49c275a0 .event edge, v0x7fea49c2d7e0_0, v0x7fea49c2d6c0_0;
S_0x7fea49c2d8d0 .scope module, "mux_32x1A" "mux_32x1_32bit" 2 24, 2 131 0, S_0x7fea49924770;
 .timescale -9 -9;
    .port_info 0 /OUTPUT 32 "Y";
    .port_info 1 /INPUT 5 "S";
    .port_info 2 /INPUT 32 "R0";
    .port_info 3 /INPUT 32 "R1";
    .port_info 4 /INPUT 32 "R2";
    .port_info 5 /INPUT 32 "R3";
    .port_info 6 /INPUT 32 "R4";
    .port_info 7 /INPUT 32 "R5";
    .port_info 8 /INPUT 32 "R6";
    .port_info 9 /INPUT 32 "R7";
    .port_info 10 /INPUT 32 "R8";
    .port_info 11 /INPUT 32 "R9";
    .port_info 12 /INPUT 32 "R10";
    .port_info 13 /INPUT 32 "R11";
    .port_info 14 /INPUT 32 "R12";
    .port_info 15 /INPUT 32 "R13";
    .port_info 16 /INPUT 32 "R14";
    .port_info 17 /INPUT 32 "R15";
    .port_info 18 /INPUT 32 "R16";
    .port_info 19 /INPUT 32 "R17";
    .port_info 20 /INPUT 32 "R18";
    .port_info 21 /INPUT 32 "R19";
    .port_info 22 /INPUT 32 "R20";
    .port_info 23 /INPUT 32 "R21";
    .port_info 24 /INPUT 32 "R22";
    .port_info 25 /INPUT 32 "R23";
    .port_info 26 /INPUT 32 "R24";
    .port_info 27 /INPUT 32 "R25";
    .port_info 28 /INPUT 32 "R26";
    .port_info 29 /INPUT 32 "R27";
    .port_info 30 /INPUT 32 "R28";
    .port_info 31 /INPUT 32 "R29";
    .port_info 32 /INPUT 32 "R30";
    .port_info 33 /INPUT 32 "R31";
L_0x7fea49a63008 .functor BUFT 1, C4<00000000000000000000000000000000>, C4<0>, C4<0>, C4<0>;
v0x7fea49c2e020_0 .net "R0", 31 0, L_0x7fea49a63008;  1 drivers
v0x7fea49c2e0e0_0 .net "R1", 31 0, v0x7fea49c1eb10_0;  alias, 1 drivers
v0x7fea49c2e180_0 .net "R10", 31 0, v0x7fea49c26200_0;  alias, 1 drivers
v0x7fea49c2e250_0 .net "R11", 31 0, v0x7fea49c22e10_0;  alias, 1 drivers
v0x7fea49c2e300_0 .net "R12", 31 0, v0x7fea49c1d4d0_0;  alias, 1 drivers
v0x7fea49c2e3d0_0 .net "R13", 31 0, v0x7fea49c25060_0;  alias, 1 drivers
v0x7fea49c2e480_0 .net "R14", 31 0, v0x7fea49c19690_0;  alias, 1 drivers
v0x7fea49c2e530_0 .net "R15", 31 0, v0x7fea49c20600_0;  alias, 1 drivers
v0x7fea49c2e5e0_0 .net "R16", 31 0, v0x7fea49c1bb70_0;  alias, 1 drivers
v0x7fea49c2e710_0 .net "R17", 31 0, v0x7fea49c15280_0;  alias, 1 drivers
v0x7fea49c2e7a0_0 .net "R18", 31 0, v0x7fea49c257e0_0;  alias, 1 drivers
v0x7fea49c2e830_0 .net "R19", 31 0, v0x7fea49c23a20_0;  alias, 1 drivers
v0x7fea49c2e8e0_0 .net "R2", 31 0, v0x7fea49c21c60_0;  alias, 1 drivers
v0x7fea49c2e990_0 .net "R20", 31 0, v0x7fea49c1fea0_0;  alias, 1 drivers
v0x7fea49c2ea40_0 .net "R21", 31 0, v0x7fea49c1e0e0_0;  alias, 1 drivers
v0x7fea49c2eaf0_0 .net "R22", 31 0, v0x7fea49c1c320_0;  alias, 1 drivers
v0x7fea49c2eba0_0 .net "R23", 31 0, v0x7fea49c294f0_0;  alias, 1 drivers
v0x7fea49c2ed50_0 .net "R24", 31 0, v0x7fea49c298a0_0;  alias, 1 drivers
v0x7fea49c2ede0_0 .net "R25", 31 0, v0x7fea49c29c50_0;  alias, 1 drivers
v0x7fea49c2ee70_0 .net "R26", 31 0, v0x7fea49c2a000_0;  alias, 1 drivers
v0x7fea49c2ef00_0 .net "R27", 31 0, v0x7fea49c2a3b0_0;  alias, 1 drivers
v0x7fea49c2ef90_0 .net "R28", 31 0, v0x7fea49c2a760_0;  alias, 1 drivers
v0x7fea49c2f040_0 .net "R29", 31 0, v0x7fea49c2ab10_0;  alias, 1 drivers
v0x7fea49c2f0f0_0 .net "R3", 31 0, v0x7fea49c2aec0_0;  alias, 1 drivers
v0x7fea49c2f1a0_0 .net "R30", 31 0, v0x7fea49c2b270_0;  alias, 1 drivers
v0x7fea49c2f250_0 .net "R31", 31 0, v0x7fea49c2b620_0;  alias, 1 drivers
v0x7fea49c2f300_0 .net "R4", 31 0, v0x7fea49c2b9d0_0;  alias, 1 drivers
v0x7fea49c2f3b0_0 .net "R5", 31 0, v0x7fea49c2bd80_0;  alias, 1 drivers
v0x7fea49c2f460_0 .net "R6", 31 0, v0x7fea49c2c290_0;  alias, 1 drivers
v0x7fea49c2f510_0 .net "R7", 31 0, v0x7fea49c2c7b0_0;  alias, 1 drivers
v0x7fea49c2f5c0_0 .net "R8", 31 0, v0x7fea49c2ccd0_0;  alias, 1 drivers
v0x7fea49c2f670_0 .net "R9", 31 0, v0x7fea49c2d1f0_0;  alias, 1 drivers
v0x7fea49c2f720_0 .net "S", 4 0, o0x7fea49a348b8;  alias, 0 drivers
v0x7fea49c2ec30_0 .var "Y", 31 0;
E_0x7fea49c2ded0/0 .event edge, v0x7fea49c2f720_0, v0x7fea49c2e020_0, v0x7fea49c1eb10_0, v0x7fea49c21c60_0;
E_0x7fea49c2ded0/1 .event edge, v0x7fea49c2aec0_0, v0x7fea49c2b9d0_0, v0x7fea49c2bd80_0, v0x7fea49c2c290_0;
E_0x7fea49c2ded0/2 .event edge, v0x7fea49c2c7b0_0, v0x7fea49c2ccd0_0, v0x7fea49c2d1f0_0, v0x7fea49c26200_0;
E_0x7fea49c2ded0/3 .event edge, v0x7fea49c22e10_0, v0x7fea49c1d4d0_0, v0x7fea49c25060_0, v0x7fea49c19690_0;
E_0x7fea49c2ded0/4 .event edge, v0x7fea49c20600_0, v0x7fea49c1bb70_0, v0x7fea49c15280_0, v0x7fea49c257e0_0;
E_0x7fea49c2ded0/5 .event edge, v0x7fea49c23a20_0, v0x7fea49c1fea0_0, v0x7fea49c1e0e0_0, v0x7fea49c1c320_0;
E_0x7fea49c2ded0/6 .event edge, v0x7fea49c294f0_0, v0x7fea49c298a0_0, v0x7fea49c29c50_0, v0x7fea49c2a000_0;
E_0x7fea49c2ded0/7 .event edge, v0x7fea49c2a3b0_0, v0x7fea49c2a760_0, v0x7fea49c2ab10_0, v0x7fea49c2b270_0;
E_0x7fea49c2ded0/8 .event edge, v0x7fea49c2b620_0;
E_0x7fea49c2ded0 .event/or E_0x7fea49c2ded0/0, E_0x7fea49c2ded0/1, E_0x7fea49c2ded0/2, E_0x7fea49c2ded0/3, E_0x7fea49c2ded0/4, E_0x7fea49c2ded0/5, E_0x7fea49c2ded0/6, E_0x7fea49c2ded0/7, E_0x7fea49c2ded0/8;
S_0x7fea49c2fc90 .scope module, "mux_32x1B" "mux_32x1_32bit" 2 28, 2 131 0, S_0x7fea49924770;
 .timescale -9 -9;
    .port_info 0 /OUTPUT 32 "Y";
    .port_info 1 /INPUT 5 "S";
    .port_info 2 /INPUT 32 "R0";
    .port_info 3 /INPUT 32 "R1";
    .port_info 4 /INPUT 32 "R2";
    .port_info 5 /INPUT 32 "R3";
    .port_info 6 /INPUT 32 "R4";
    .port_info 7 /INPUT 32 "R5";
    .port_info 8 /INPUT 32 "R6";
    .port_info 9 /INPUT 32 "R7";
    .port_info 10 /INPUT 32 "R8";
    .port_info 11 /INPUT 32 "R9";
    .port_info 12 /INPUT 32 "R10";
    .port_info 13 /INPUT 32 "R11";
    .port_info 14 /INPUT 32 "R12";
    .port_info 15 /INPUT 32 "R13";
    .port_info 16 /INPUT 32 "R14";
    .port_info 17 /INPUT 32 "R15";
    .port_info 18 /INPUT 32 "R16";
    .port_info 19 /INPUT 32 "R17";
    .port_info 20 /INPUT 32 "R18";
    .port_info 21 /INPUT 32 "R19";
    .port_info 22 /INPUT 32 "R20";
    .port_info 23 /INPUT 32 "R21";
    .port_info 24 /INPUT 32 "R22";
    .port_info 25 /INPUT 32 "R23";
    .port_info 26 /INPUT 32 "R24";
    .port_info 27 /INPUT 32 "R25";
    .port_info 28 /INPUT 32 "R26";
    .port_info 29 /INPUT 32 "R27";
    .port_info 30 /INPUT 32 "R28";
    .port_info 31 /INPUT 32 "R29";
    .port_info 32 /INPUT 32 "R30";
    .port_info 33 /INPUT 32 "R31";
L_0x7fea49a63050 .functor BUFT 1, C4<00000000000000000000000000000000>, C4<0>, C4<0>, C4<0>;
v0x7fea49c30350_0 .net "R0", 31 0, L_0x7fea49a63050;  1 drivers
v0x7fea49c303e0_0 .net "R1", 31 0, v0x7fea49c1eb10_0;  alias, 1 drivers
v0x7fea49c30470_0 .net "R10", 31 0, v0x7fea49c26200_0;  alias, 1 drivers
v0x7fea49c30540_0 .net "R11", 31 0, v0x7fea49c22e10_0;  alias, 1 drivers
v0x7fea49c30620_0 .net "R12", 31 0, v0x7fea49c1d4d0_0;  alias, 1 drivers
v0x7fea49c30730_0 .net "R13", 31 0, v0x7fea49c25060_0;  alias, 1 drivers
v0x7fea49c30800_0 .net "R14", 31 0, v0x7fea49c19690_0;  alias, 1 drivers
v0x7fea49c30890_0 .net "R15", 31 0, v0x7fea49c20600_0;  alias, 1 drivers
v0x7fea49c30960_0 .net "R16", 31 0, v0x7fea49c1bb70_0;  alias, 1 drivers
v0x7fea49c30a70_0 .net "R17", 31 0, v0x7fea49c15280_0;  alias, 1 drivers
v0x7fea49c30b40_0 .net "R18", 31 0, v0x7fea49c257e0_0;  alias, 1 drivers
v0x7fea49c30c10_0 .net "R19", 31 0, v0x7fea49c23a20_0;  alias, 1 drivers
v0x7fea49c30ce0_0 .net "R2", 31 0, v0x7fea49c21c60_0;  alias, 1 drivers
v0x7fea49c30d70_0 .net "R20", 31 0, v0x7fea49c1fea0_0;  alias, 1 drivers
v0x7fea49c30e40_0 .net "R21", 31 0, v0x7fea49c1e0e0_0;  alias, 1 drivers
v0x7fea49c30f10_0 .net "R22", 31 0, v0x7fea49c1c320_0;  alias, 1 drivers
v0x7fea49c30fe0_0 .net "R23", 31 0, v0x7fea49c294f0_0;  alias, 1 drivers
v0x7fea49c311b0_0 .net "R24", 31 0, v0x7fea49c298a0_0;  alias, 1 drivers
v0x7fea49c31240_0 .net "R25", 31 0, v0x7fea49c29c50_0;  alias, 1 drivers
v0x7fea49c312d0_0 .net "R26", 31 0, v0x7fea49c2a000_0;  alias, 1 drivers
v0x7fea49c313a0_0 .net "R27", 31 0, v0x7fea49c2a3b0_0;  alias, 1 drivers
v0x7fea49c31430_0 .net "R28", 31 0, v0x7fea49c2a760_0;  alias, 1 drivers
v0x7fea49c31500_0 .net "R29", 31 0, v0x7fea49c2ab10_0;  alias, 1 drivers
v0x7fea49c31590_0 .net "R3", 31 0, v0x7fea49c2aec0_0;  alias, 1 drivers
v0x7fea49c31660_0 .net "R30", 31 0, v0x7fea49c2b270_0;  alias, 1 drivers
v0x7fea49c31730_0 .net "R31", 31 0, v0x7fea49c2b620_0;  alias, 1 drivers
v0x7fea49c31800_0 .net "R4", 31 0, v0x7fea49c2b9d0_0;  alias, 1 drivers
v0x7fea49c318d0_0 .net "R5", 31 0, v0x7fea49c2bd80_0;  alias, 1 drivers
v0x7fea49c319a0_0 .net "R6", 31 0, v0x7fea49c2c290_0;  alias, 1 drivers
v0x7fea49c31a70_0 .net "R7", 31 0, v0x7fea49c2c7b0_0;  alias, 1 drivers
v0x7fea49c31b40_0 .net "R8", 31 0, v0x7fea49c2ccd0_0;  alias, 1 drivers
v0x7fea49c31c10_0 .net "R9", 31 0, v0x7fea49c2d1f0_0;  alias, 1 drivers
v0x7fea49c31ce0_0 .net "S", 4 0, o0x7fea49a34fa8;  alias, 0 drivers
v0x7fea49c31070_0 .var "Y", 31 0;
E_0x7fea49c2dae0/0 .event edge, v0x7fea49c31ce0_0, v0x7fea49c30350_0, v0x7fea49c1eb10_0, v0x7fea49c21c60_0;
E_0x7fea49c2dae0/1 .event edge, v0x7fea49c2aec0_0, v0x7fea49c2b9d0_0, v0x7fea49c2bd80_0, v0x7fea49c2c290_0;
E_0x7fea49c2dae0/2 .event edge, v0x7fea49c2c7b0_0, v0x7fea49c2ccd0_0, v0x7fea49c2d1f0_0, v0x7fea49c26200_0;
E_0x7fea49c2dae0/3 .event edge, v0x7fea49c22e10_0, v0x7fea49c1d4d0_0, v0x7fea49c25060_0, v0x7fea49c19690_0;
E_0x7fea49c2dae0/4 .event edge, v0x7fea49c20600_0, v0x7fea49c1bb70_0, v0x7fea49c15280_0, v0x7fea49c257e0_0;
E_0x7fea49c2dae0/5 .event edge, v0x7fea49c23a20_0, v0x7fea49c1fea0_0, v0x7fea49c1e0e0_0, v0x7fea49c1c320_0;
E_0x7fea49c2dae0/6 .event edge, v0x7fea49c294f0_0, v0x7fea49c298a0_0, v0x7fea49c29c50_0, v0x7fea49c2a000_0;
E_0x7fea49c2dae0/7 .event edge, v0x7fea49c2a3b0_0, v0x7fea49c2a760_0, v0x7fea49c2ab10_0, v0x7fea49c2b270_0;
E_0x7fea49c2dae0/8 .event edge, v0x7fea49c2b620_0;
E_0x7fea49c2dae0 .event/or E_0x7fea49c2dae0/0, E_0x7fea49c2dae0/1, E_0x7fea49c2dae0/2, E_0x7fea49c2dae0/3, E_0x7fea49c2dae0/4, E_0x7fea49c2dae0/5, E_0x7fea49c2dae0/6, E_0x7fea49c2dae0/7, E_0x7fea49c2dae0/8;
    .scope S_0x7fea499175f0;
T_0 ;
    %wait E_0x7fea4990dc90;
    %load/vec4 v0x7fea49905e80_0;
    %flag_set/vec4 8;
    %jmp/0xz  T_0.0, 8;
    %load/vec4 v0x7fea49c1be70_0;
    %assign/vec4 v0x7fea49c1cd50_0, 0;
T_0.0 ;
    %jmp T_0;
    .thread T_0;
    .scope S_0x7fea49924600;
T_1 ;
    %wait E_0x7fea49c21970;
    %load/vec4 v0x7fea49c1b120_0;
    %flag_set/vec4 8;
    %jmp/0xz  T_1.0, 8;
    %load/vec4 v0x7fea49c1a500_0;
    %assign/vec4 v0x7fea49c1ab10_0, 0;
T_1.0 ;
    %jmp T_1;
    .thread T_1;
    .scope S_0x7fea49c2d300;
T_2 ;
    %wait E_0x7fea49c275a0;
    %load/vec4 v0x7fea49c2d7e0_0;
    %cmpi/e 1, 0, 1;
    %jmp/0xz  T_2.0, 4;
    %load/vec4 v0x7fea49c2d6c0_0;
    %dup/vec4;
    %pushi/vec4 0, 0, 5;
    %cmp/u;
    %jmp/1 T_2.2, 6;
    %dup/vec4;
    %pushi/vec4 1, 0, 5;
    %cmp/u;
    %jmp/1 T_2.3, 6;
    %dup/vec4;
    %pushi/vec4 2, 0, 5;
    %cmp/u;
    %jmp/1 T_2.4, 6;
    %dup/vec4;
    %pushi/vec4 3, 0, 5;
    %cmp/u;
    %jmp/1 T_2.5, 6;
    %dup/vec4;
    %pushi/vec4 4, 0, 5;
    %cmp/u;
    %jmp/1 T_2.6, 6;
    %dup/vec4;
    %pushi/vec4 5, 0, 5;
    %cmp/u;
    %jmp/1 T_2.7, 6;
    %dup/vec4;
    %pushi/vec4 6, 0, 5;
    %cmp/u;
    %jmp/1 T_2.8, 6;
    %dup/vec4;
    %pushi/vec4 7, 0, 5;
    %cmp/u;
    %jmp/1 T_2.9, 6;
    %dup/vec4;
    %pushi/vec4 8, 0, 5;
    %cmp/u;
    %jmp/1 T_2.10, 6;
    %dup/vec4;
    %pushi/vec4 9, 0, 5;
    %cmp/u;
    %jmp/1 T_2.11, 6;
    %dup/vec4;
    %pushi/vec4 10, 0, 5;
    %cmp/u;
    %jmp/1 T_2.12, 6;
    %dup/vec4;
    %pushi/vec4 11, 0, 5;
    %cmp/u;
    %jmp/1 T_2.13, 6;
    %dup/vec4;
    %pushi/vec4 12, 0, 5;
    %cmp/u;
    %jmp/1 T_2.14, 6;
    %dup/vec4;
    %pushi/vec4 13, 0, 5;
    %cmp/u;
    %jmp/1 T_2.15, 6;
    %dup/vec4;
    %pushi/vec4 14, 0, 5;
    %cmp/u;
    %jmp/1 T_2.16, 6;
    %dup/vec4;
    %pushi/vec4 15, 0, 5;
    %cmp/u;
    %jmp/1 T_2.17, 6;
    %dup/vec4;
    %pushi/vec4 16, 0, 5;
    %cmp/u;
    %jmp/1 T_2.18, 6;
    %dup/vec4;
    %pushi/vec4 17, 0, 5;
    %cmp/u;
    %jmp/1 T_2.19, 6;
    %dup/vec4;
    %pushi/vec4 18, 0, 5;
    %cmp/u;
    %jmp/1 T_2.20, 6;
    %dup/vec4;
    %pushi/vec4 19, 0, 5;
    %cmp/u;
    %jmp/1 T_2.21, 6;
    %dup/vec4;
    %pushi/vec4 20, 0, 5;
    %cmp/u;
    %jmp/1 T_2.22, 6;
    %dup/vec4;
    %pushi/vec4 21, 0, 5;
    %cmp/u;
    %jmp/1 T_2.23, 6;
    %dup/vec4;
    %pushi/vec4 22, 0, 5;
    %cmp/u;
    %jmp/1 T_2.24, 6;
    %dup/vec4;
    %pushi/vec4 23, 0, 5;
    %cmp/u;
    %jmp/1 T_2.25, 6;
    %dup/vec4;
    %pushi/vec4 24, 0, 5;
    %cmp/u;
    %jmp/1 T_2.26, 6;
    %dup/vec4;
    %pushi/vec4 25, 0, 5;
    %cmp/u;
    %jmp/1 T_2.27, 6;
    %dup/vec4;
    %pushi/vec4 26, 0, 5;
    %cmp/u;
    %jmp/1 T_2.28, 6;
    %dup/vec4;
    %pushi/vec4 27, 0, 5;
    %cmp/u;
    %jmp/1 T_2.29, 6;
    %dup/vec4;
    %pushi/vec4 28, 0, 5;
    %cmp/u;
    %jmp/1 T_2.30, 6;
    %dup/vec4;
    %pushi/vec4 29, 0, 5;
    %cmp/u;
    %jmp/1 T_2.31, 6;
    %dup/vec4;
    %pushi/vec4 30, 0, 5;
    %cmp/u;
    %jmp/1 T_2.32, 6;
    %dup/vec4;
    %pushi/vec4 31, 0, 5;
    %cmp/u;
    %jmp/1 T_2.33, 6;
    %jmp T_2.34;
T_2.2 ;
    %pushi/vec4 1, 0, 32;
    %store/vec4 v0x7fea49c2d750_0, 0, 32;
    %jmp T_2.34;
T_2.3 ;
    %pushi/vec4 2, 0, 32;
    %store/vec4 v0x7fea49c2d750_0, 0, 32;
    %jmp T_2.34;
T_2.4 ;
    %pushi/vec4 4, 0, 32;
    %store/vec4 v0x7fea49c2d750_0, 0, 32;
    %jmp T_2.34;
T_2.5 ;
    %pushi/vec4 8, 0, 32;
    %store/vec4 v0x7fea49c2d750_0, 0, 32;
    %jmp T_2.34;
T_2.6 ;
    %pushi/vec4 16, 0, 32;
    %store/vec4 v0x7fea49c2d750_0, 0, 32;
    %jmp T_2.34;
T_2.7 ;
    %pushi/vec4 32, 0, 32;
    %store/vec4 v0x7fea49c2d750_0, 0, 32;
    %jmp T_2.34;
T_2.8 ;
    %pushi/vec4 64, 0, 32;
    %store/vec4 v0x7fea49c2d750_0, 0, 32;
    %jmp T_2.34;
T_2.9 ;
    %pushi/vec4 128, 0, 32;
    %store/vec4 v0x7fea49c2d750_0, 0, 32;
    %jmp T_2.34;
T_2.10 ;
    %pushi/vec4 256, 0, 32;
    %store/vec4 v0x7fea49c2d750_0, 0, 32;
    %jmp T_2.34;
T_2.11 ;
    %pushi/vec4 512, 0, 32;
    %store/vec4 v0x7fea49c2d750_0, 0, 32;
    %jmp T_2.34;
T_2.12 ;
    %pushi/vec4 1024, 0, 32;
    %store/vec4 v0x7fea49c2d750_0, 0, 32;
    %jmp T_2.34;
T_2.13 ;
    %pushi/vec4 2048, 0, 32;
    %store/vec4 v0x7fea49c2d750_0, 0, 32;
    %jmp T_2.34;
T_2.14 ;
    %pushi/vec4 4096, 0, 32;
    %store/vec4 v0x7fea49c2d750_0, 0, 32;
    %jmp T_2.34;
T_2.15 ;
    %pushi/vec4 8192, 0, 32;
    %store/vec4 v0x7fea49c2d750_0, 0, 32;
    %jmp T_2.34;
T_2.16 ;
    %pushi/vec4 16384, 0, 32;
    %store/vec4 v0x7fea49c2d750_0, 0, 32;
    %jmp T_2.34;
T_2.17 ;
    %pushi/vec4 32768, 0, 32;
    %store/vec4 v0x7fea49c2d750_0, 0, 32;
    %jmp T_2.34;
T_2.18 ;
    %pushi/vec4 65536, 0, 32;
    %store/vec4 v0x7fea49c2d750_0, 0, 32;
    %jmp T_2.34;
T_2.19 ;
    %pushi/vec4 131072, 0, 32;
    %store/vec4 v0x7fea49c2d750_0, 0, 32;
    %jmp T_2.34;
T_2.20 ;
    %pushi/vec4 262144, 0, 32;
    %store/vec4 v0x7fea49c2d750_0, 0, 32;
    %jmp T_2.34;
T_2.21 ;
    %pushi/vec4 524288, 0, 32;
    %store/vec4 v0x7fea49c2d750_0, 0, 32;
    %jmp T_2.34;
T_2.22 ;
    %pushi/vec4 1048576, 0, 32;
    %store/vec4 v0x7fea49c2d750_0, 0, 32;
    %jmp T_2.34;
T_2.23 ;
    %pushi/vec4 2097152, 0, 32;
    %store/vec4 v0x7fea49c2d750_0, 0, 32;
    %jmp T_2.34;
T_2.24 ;
    %pushi/vec4 4194304, 0, 32;
    %store/vec4 v0x7fea49c2d750_0, 0, 32;
    %jmp T_2.34;
T_2.25 ;
    %pushi/vec4 8388608, 0, 32;
    %store/vec4 v0x7fea49c2d750_0, 0, 32;
    %jmp T_2.34;
T_2.26 ;
    %pushi/vec4 16777216, 0, 32;
    %store/vec4 v0x7fea49c2d750_0, 0, 32;
    %jmp T_2.34;
T_2.27 ;
    %pushi/vec4 33554432, 0, 32;
    %store/vec4 v0x7fea49c2d750_0, 0, 32;
    %jmp T_2.34;
T_2.28 ;
    %pushi/vec4 67108864, 0, 32;
    %store/vec4 v0x7fea49c2d750_0, 0, 32;
    %jmp T_2.34;
T_2.29 ;
    %pushi/vec4 134217728, 0, 32;
    %store/vec4 v0x7fea49c2d750_0, 0, 32;
    %jmp T_2.34;
T_2.30 ;
    %pushi/vec4 268435456, 0, 32;
    %store/vec4 v0x7fea49c2d750_0, 0, 32;
    %jmp T_2.34;
T_2.31 ;
    %pushi/vec4 536870912, 0, 32;
    %store/vec4 v0x7fea49c2d750_0, 0, 32;
    %jmp T_2.34;
T_2.32 ;
    %pushi/vec4 1073741824, 0, 32;
    %store/vec4 v0x7fea49c2d750_0, 0, 32;
    %jmp T_2.34;
T_2.33 ;
    %pushi/vec4 2147483648, 0, 32;
    %store/vec4 v0x7fea49c2d750_0, 0, 32;
    %jmp T_2.34;
T_2.34 ;
    %pop/vec4 1;
    %jmp T_2.1;
T_2.0 ;
    %pushi/vec4 0, 0, 32;
    %store/vec4 v0x7fea49c2d750_0, 0, 32;
T_2.1 ;
    %jmp T_2;
    .thread T_2, $push;
    .scope S_0x7fea49c2d8d0;
T_3 ;
    %wait E_0x7fea49c2ded0;
    %load/vec4 v0x7fea49c2f720_0;
    %dup/vec4;
    %pushi/vec4 0, 0, 5;
    %cmp/u;
    %jmp/1 T_3.0, 6;
    %dup/vec4;
    %pushi/vec4 1, 0, 5;
    %cmp/u;
    %jmp/1 T_3.1, 6;
    %dup/vec4;
    %pushi/vec4 2, 0, 5;
    %cmp/u;
    %jmp/1 T_3.2, 6;
    %dup/vec4;
    %pushi/vec4 3, 0, 5;
    %cmp/u;
    %jmp/1 T_3.3, 6;
    %dup/vec4;
    %pushi/vec4 4, 0, 5;
    %cmp/u;
    %jmp/1 T_3.4, 6;
    %dup/vec4;
    %pushi/vec4 5, 0, 5;
    %cmp/u;
    %jmp/1 T_3.5, 6;
    %dup/vec4;
    %pushi/vec4 6, 0, 5;
    %cmp/u;
    %jmp/1 T_3.6, 6;
    %dup/vec4;
    %pushi/vec4 7, 0, 5;
    %cmp/u;
    %jmp/1 T_3.7, 6;
    %dup/vec4;
    %pushi/vec4 8, 0, 5;
    %cmp/u;
    %jmp/1 T_3.8, 6;
    %dup/vec4;
    %pushi/vec4 9, 0, 5;
    %cmp/u;
    %jmp/1 T_3.9, 6;
    %dup/vec4;
    %pushi/vec4 10, 0, 5;
    %cmp/u;
    %jmp/1 T_3.10, 6;
    %dup/vec4;
    %pushi/vec4 11, 0, 5;
    %cmp/u;
    %jmp/1 T_3.11, 6;
    %dup/vec4;
    %pushi/vec4 12, 0, 5;
    %cmp/u;
    %jmp/1 T_3.12, 6;
    %dup/vec4;
    %pushi/vec4 13, 0, 5;
    %cmp/u;
    %jmp/1 T_3.13, 6;
    %dup/vec4;
    %pushi/vec4 14, 0, 5;
    %cmp/u;
    %jmp/1 T_3.14, 6;
    %dup/vec4;
    %pushi/vec4 15, 0, 5;
    %cmp/u;
    %jmp/1 T_3.15, 6;
    %dup/vec4;
    %pushi/vec4 16, 0, 5;
    %cmp/u;
    %jmp/1 T_3.16, 6;
    %dup/vec4;
    %pushi/vec4 17, 0, 5;
    %cmp/u;
    %jmp/1 T_3.17, 6;
    %dup/vec4;
    %pushi/vec4 18, 0, 5;
    %cmp/u;
    %jmp/1 T_3.18, 6;
    %dup/vec4;
    %pushi/vec4 19, 0, 5;
    %cmp/u;
    %jmp/1 T_3.19, 6;
    %dup/vec4;
    %pushi/vec4 20, 0, 5;
    %cmp/u;
    %jmp/1 T_3.20, 6;
    %dup/vec4;
    %pushi/vec4 21, 0, 5;
    %cmp/u;
    %jmp/1 T_3.21, 6;
    %dup/vec4;
    %pushi/vec4 22, 0, 5;
    %cmp/u;
    %jmp/1 T_3.22, 6;
    %dup/vec4;
    %pushi/vec4 23, 0, 5;
    %cmp/u;
    %jmp/1 T_3.23, 6;
    %dup/vec4;
    %pushi/vec4 24, 0, 5;
    %cmp/u;
    %jmp/1 T_3.24, 6;
    %dup/vec4;
    %pushi/vec4 25, 0, 5;
    %cmp/u;
    %jmp/1 T_3.25, 6;
    %dup/vec4;
    %pushi/vec4 26, 0, 5;
    %cmp/u;
    %jmp/1 T_3.26, 6;
    %dup/vec4;
    %pushi/vec4 27, 0, 5;
    %cmp/u;
    %jmp/1 T_3.27, 6;
    %dup/vec4;
    %pushi/vec4 28, 0, 5;
    %cmp/u;
    %jmp/1 T_3.28, 6;
    %dup/vec4;
    %pushi/vec4 29, 0, 5;
    %cmp/u;
    %jmp/1 T_3.29, 6;
    %dup/vec4;
    %pushi/vec4 30, 0, 5;
    %cmp/u;
    %jmp/1 T_3.30, 6;
    %dup/vec4;
    %pushi/vec4 31, 0, 5;
    %cmp/u;
    %jmp/1 T_3.31, 6;
    %jmp T_3.32;
T_3.0 ;
    %load/vec4 v0x7fea49c2e020_0;
    %store/vec4 v0x7fea49c2ec30_0, 0, 32;
    %jmp T_3.32;
T_3.1 ;
    %load/vec4 v0x7fea49c2e0e0_0;
    %store/vec4 v0x7fea49c2ec30_0, 0, 32;
    %jmp T_3.32;
T_3.2 ;
    %load/vec4 v0x7fea49c2e8e0_0;
    %store/vec4 v0x7fea49c2ec30_0, 0, 32;
    %jmp T_3.32;
T_3.3 ;
    %load/vec4 v0x7fea49c2f0f0_0;
    %store/vec4 v0x7fea49c2ec30_0, 0, 32;
    %jmp T_3.32;
T_3.4 ;
    %load/vec4 v0x7fea49c2f300_0;
    %store/vec4 v0x7fea49c2ec30_0, 0, 32;
    %jmp T_3.32;
T_3.5 ;
    %load/vec4 v0x7fea49c2f3b0_0;
    %store/vec4 v0x7fea49c2ec30_0, 0, 32;
    %jmp T_3.32;
T_3.6 ;
    %load/vec4 v0x7fea49c2f460_0;
    %store/vec4 v0x7fea49c2ec30_0, 0, 32;
    %jmp T_3.32;
T_3.7 ;
    %load/vec4 v0x7fea49c2f510_0;
    %store/vec4 v0x7fea49c2ec30_0, 0, 32;
    %jmp T_3.32;
T_3.8 ;
    %load/vec4 v0x7fea49c2f5c0_0;
    %store/vec4 v0x7fea49c2ec30_0, 0, 32;
    %jmp T_3.32;
T_3.9 ;
    %load/vec4 v0x7fea49c2f670_0;
    %store/vec4 v0x7fea49c2ec30_0, 0, 32;
    %jmp T_3.32;
T_3.10 ;
    %load/vec4 v0x7fea49c2e180_0;
    %store/vec4 v0x7fea49c2ec30_0, 0, 32;
    %jmp T_3.32;
T_3.11 ;
    %load/vec4 v0x7fea49c2e250_0;
    %store/vec4 v0x7fea49c2ec30_0, 0, 32;
    %jmp T_3.32;
T_3.12 ;
    %load/vec4 v0x7fea49c2e300_0;
    %store/vec4 v0x7fea49c2ec30_0, 0, 32;
    %jmp T_3.32;
T_3.13 ;
    %load/vec4 v0x7fea49c2e3d0_0;
    %store/vec4 v0x7fea49c2ec30_0, 0, 32;
    %jmp T_3.32;
T_3.14 ;
    %load/vec4 v0x7fea49c2e480_0;
    %store/vec4 v0x7fea49c2ec30_0, 0, 32;
    %jmp T_3.32;
T_3.15 ;
    %load/vec4 v0x7fea49c2e530_0;
    %store/vec4 v0x7fea49c2ec30_0, 0, 32;
    %jmp T_3.32;
T_3.16 ;
    %load/vec4 v0x7fea49c2e5e0_0;
    %store/vec4 v0x7fea49c2ec30_0, 0, 32;
    %jmp T_3.32;
T_3.17 ;
    %load/vec4 v0x7fea49c2e710_0;
    %store/vec4 v0x7fea49c2ec30_0, 0, 32;
    %jmp T_3.32;
T_3.18 ;
    %load/vec4 v0x7fea49c2e7a0_0;
    %store/vec4 v0x7fea49c2ec30_0, 0, 32;
    %jmp T_3.32;
T_3.19 ;
    %load/vec4 v0x7fea49c2e830_0;
    %store/vec4 v0x7fea49c2ec30_0, 0, 32;
    %jmp T_3.32;
T_3.20 ;
    %load/vec4 v0x7fea49c2e990_0;
    %store/vec4 v0x7fea49c2ec30_0, 0, 32;
    %jmp T_3.32;
T_3.21 ;
    %load/vec4 v0x7fea49c2ea40_0;
    %store/vec4 v0x7fea49c2ec30_0, 0, 32;
    %jmp T_3.32;
T_3.22 ;
    %load/vec4 v0x7fea49c2eaf0_0;
    %store/vec4 v0x7fea49c2ec30_0, 0, 32;
    %jmp T_3.32;
T_3.23 ;
    %load/vec4 v0x7fea49c2eba0_0;
    %store/vec4 v0x7fea49c2ec30_0, 0, 32;
    %jmp T_3.32;
T_3.24 ;
    %load/vec4 v0x7fea49c2ed50_0;
    %store/vec4 v0x7fea49c2ec30_0, 0, 32;
    %jmp T_3.32;
T_3.25 ;
    %load/vec4 v0x7fea49c2ede0_0;
    %store/vec4 v0x7fea49c2ec30_0, 0, 32;
    %jmp T_3.32;
T_3.26 ;
    %load/vec4 v0x7fea49c2ee70_0;
    %store/vec4 v0x7fea49c2ec30_0, 0, 32;
    %jmp T_3.32;
T_3.27 ;
    %load/vec4 v0x7fea49c2ef00_0;
    %store/vec4 v0x7fea49c2ec30_0, 0, 32;
    %jmp T_3.32;
T_3.28 ;
    %load/vec4 v0x7fea49c2ef90_0;
    %store/vec4 v0x7fea49c2ec30_0, 0, 32;
    %jmp T_3.32;
T_3.29 ;
    %load/vec4 v0x7fea49c2f040_0;
    %store/vec4 v0x7fea49c2ec30_0, 0, 32;
    %jmp T_3.32;
T_3.30 ;
    %load/vec4 v0x7fea49c2f1a0_0;
    %store/vec4 v0x7fea49c2ec30_0, 0, 32;
    %jmp T_3.32;
T_3.31 ;
    %load/vec4 v0x7fea49c2f250_0;
    %store/vec4 v0x7fea49c2ec30_0, 0, 32;
    %jmp T_3.32;
T_3.32 ;
    %pop/vec4 1;
    %jmp T_3;
    .thread T_3, $push;
    .scope S_0x7fea49c2fc90;
T_4 ;
    %wait E_0x7fea49c2dae0;
    %load/vec4 v0x7fea49c31ce0_0;
    %dup/vec4;
    %pushi/vec4 0, 0, 5;
    %cmp/u;
    %jmp/1 T_4.0, 6;
    %dup/vec4;
    %pushi/vec4 1, 0, 5;
    %cmp/u;
    %jmp/1 T_4.1, 6;
    %dup/vec4;
    %pushi/vec4 2, 0, 5;
    %cmp/u;
    %jmp/1 T_4.2, 6;
    %dup/vec4;
    %pushi/vec4 3, 0, 5;
    %cmp/u;
    %jmp/1 T_4.3, 6;
    %dup/vec4;
    %pushi/vec4 4, 0, 5;
    %cmp/u;
    %jmp/1 T_4.4, 6;
    %dup/vec4;
    %pushi/vec4 5, 0, 5;
    %cmp/u;
    %jmp/1 T_4.5, 6;
    %dup/vec4;
    %pushi/vec4 6, 0, 5;
    %cmp/u;
    %jmp/1 T_4.6, 6;
    %dup/vec4;
    %pushi/vec4 7, 0, 5;
    %cmp/u;
    %jmp/1 T_4.7, 6;
    %dup/vec4;
    %pushi/vec4 8, 0, 5;
    %cmp/u;
    %jmp/1 T_4.8, 6;
    %dup/vec4;
    %pushi/vec4 9, 0, 5;
    %cmp/u;
    %jmp/1 T_4.9, 6;
    %dup/vec4;
    %pushi/vec4 10, 0, 5;
    %cmp/u;
    %jmp/1 T_4.10, 6;
    %dup/vec4;
    %pushi/vec4 11, 0, 5;
    %cmp/u;
    %jmp/1 T_4.11, 6;
    %dup/vec4;
    %pushi/vec4 12, 0, 5;
    %cmp/u;
    %jmp/1 T_4.12, 6;
    %dup/vec4;
    %pushi/vec4 13, 0, 5;
    %cmp/u;
    %jmp/1 T_4.13, 6;
    %dup/vec4;
    %pushi/vec4 14, 0, 5;
    %cmp/u;
    %jmp/1 T_4.14, 6;
    %dup/vec4;
    %pushi/vec4 15, 0, 5;
    %cmp/u;
    %jmp/1 T_4.15, 6;
    %dup/vec4;
    %pushi/vec4 16, 0, 5;
    %cmp/u;
    %jmp/1 T_4.16, 6;
    %dup/vec4;
    %pushi/vec4 17, 0, 5;
    %cmp/u;
    %jmp/1 T_4.17, 6;
    %dup/vec4;
    %pushi/vec4 18, 0, 5;
    %cmp/u;
    %jmp/1 T_4.18, 6;
    %dup/vec4;
    %pushi/vec4 19, 0, 5;
    %cmp/u;
    %jmp/1 T_4.19, 6;
    %dup/vec4;
    %pushi/vec4 20, 0, 5;
    %cmp/u;
    %jmp/1 T_4.20, 6;
    %dup/vec4;
    %pushi/vec4 21, 0, 5;
    %cmp/u;
    %jmp/1 T_4.21, 6;
    %dup/vec4;
    %pushi/vec4 22, 0, 5;
    %cmp/u;
    %jmp/1 T_4.22, 6;
    %dup/vec4;
    %pushi/vec4 23, 0, 5;
    %cmp/u;
    %jmp/1 T_4.23, 6;
    %dup/vec4;
    %pushi/vec4 24, 0, 5;
    %cmp/u;
    %jmp/1 T_4.24, 6;
    %dup/vec4;
    %pushi/vec4 25, 0, 5;
    %cmp/u;
    %jmp/1 T_4.25, 6;
    %dup/vec4;
    %pushi/vec4 26, 0, 5;
    %cmp/u;
    %jmp/1 T_4.26, 6;
    %dup/vec4;
    %pushi/vec4 27, 0, 5;
    %cmp/u;
    %jmp/1 T_4.27, 6;
    %dup/vec4;
    %pushi/vec4 28, 0, 5;
    %cmp/u;
    %jmp/1 T_4.28, 6;
    %dup/vec4;
    %pushi/vec4 29, 0, 5;
    %cmp/u;
    %jmp/1 T_4.29, 6;
    %dup/vec4;
    %pushi/vec4 30, 0, 5;
    %cmp/u;
    %jmp/1 T_4.30, 6;
    %dup/vec4;
    %pushi/vec4 31, 0, 5;
    %cmp/u;
    %jmp/1 T_4.31, 6;
    %jmp T_4.32;
T_4.0 ;
    %load/vec4 v0x7fea49c30350_0;
    %store/vec4 v0x7fea49c31070_0, 0, 32;
    %jmp T_4.32;
T_4.1 ;
    %load/vec4 v0x7fea49c303e0_0;
    %store/vec4 v0x7fea49c31070_0, 0, 32;
    %jmp T_4.32;
T_4.2 ;
    %load/vec4 v0x7fea49c30ce0_0;
    %store/vec4 v0x7fea49c31070_0, 0, 32;
    %jmp T_4.32;
T_4.3 ;
    %load/vec4 v0x7fea49c31590_0;
    %store/vec4 v0x7fea49c31070_0, 0, 32;
    %jmp T_4.32;
T_4.4 ;
    %load/vec4 v0x7fea49c31800_0;
    %store/vec4 v0x7fea49c31070_0, 0, 32;
    %jmp T_4.32;
T_4.5 ;
    %load/vec4 v0x7fea49c318d0_0;
    %store/vec4 v0x7fea49c31070_0, 0, 32;
    %jmp T_4.32;
T_4.6 ;
    %load/vec4 v0x7fea49c319a0_0;
    %store/vec4 v0x7fea49c31070_0, 0, 32;
    %jmp T_4.32;
T_4.7 ;
    %load/vec4 v0x7fea49c31a70_0;
    %store/vec4 v0x7fea49c31070_0, 0, 32;
    %jmp T_4.32;
T_4.8 ;
    %load/vec4 v0x7fea49c31b40_0;
    %store/vec4 v0x7fea49c31070_0, 0, 32;
    %jmp T_4.32;
T_4.9 ;
    %load/vec4 v0x7fea49c31c10_0;
    %store/vec4 v0x7fea49c31070_0, 0, 32;
    %jmp T_4.32;
T_4.10 ;
    %load/vec4 v0x7fea49c30470_0;
    %store/vec4 v0x7fea49c31070_0, 0, 32;
    %jmp T_4.32;
T_4.11 ;
    %load/vec4 v0x7fea49c30540_0;
    %store/vec4 v0x7fea49c31070_0, 0, 32;
    %jmp T_4.32;
T_4.12 ;
    %load/vec4 v0x7fea49c30620_0;
    %store/vec4 v0x7fea49c31070_0, 0, 32;
    %jmp T_4.32;
T_4.13 ;
    %load/vec4 v0x7fea49c30730_0;
    %store/vec4 v0x7fea49c31070_0, 0, 32;
    %jmp T_4.32;
T_4.14 ;
    %load/vec4 v0x7fea49c30800_0;
    %store/vec4 v0x7fea49c31070_0, 0, 32;
    %jmp T_4.32;
T_4.15 ;
    %load/vec4 v0x7fea49c30890_0;
    %store/vec4 v0x7fea49c31070_0, 0, 32;
    %jmp T_4.32;
T_4.16 ;
    %load/vec4 v0x7fea49c30960_0;
    %store/vec4 v0x7fea49c31070_0, 0, 32;
    %jmp T_4.32;
T_4.17 ;
    %load/vec4 v0x7fea49c30a70_0;
    %store/vec4 v0x7fea49c31070_0, 0, 32;
    %jmp T_4.32;
T_4.18 ;
    %load/vec4 v0x7fea49c30b40_0;
    %store/vec4 v0x7fea49c31070_0, 0, 32;
    %jmp T_4.32;
T_4.19 ;
    %load/vec4 v0x7fea49c30c10_0;
    %store/vec4 v0x7fea49c31070_0, 0, 32;
    %jmp T_4.32;
T_4.20 ;
    %load/vec4 v0x7fea49c30d70_0;
    %store/vec4 v0x7fea49c31070_0, 0, 32;
    %jmp T_4.32;
T_4.21 ;
    %load/vec4 v0x7fea49c30e40_0;
    %store/vec4 v0x7fea49c31070_0, 0, 32;
    %jmp T_4.32;
T_4.22 ;
    %load/vec4 v0x7fea49c30f10_0;
    %store/vec4 v0x7fea49c31070_0, 0, 32;
    %jmp T_4.32;
T_4.23 ;
    %load/vec4 v0x7fea49c30fe0_0;
    %store/vec4 v0x7fea49c31070_0, 0, 32;
    %jmp T_4.32;
T_4.24 ;
    %load/vec4 v0x7fea49c311b0_0;
    %store/vec4 v0x7fea49c31070_0, 0, 32;
    %jmp T_4.32;
T_4.25 ;
    %load/vec4 v0x7fea49c31240_0;
    %store/vec4 v0x7fea49c31070_0, 0, 32;
    %jmp T_4.32;
T_4.26 ;
    %load/vec4 v0x7fea49c312d0_0;
    %store/vec4 v0x7fea49c31070_0, 0, 32;
    %jmp T_4.32;
T_4.27 ;
    %load/vec4 v0x7fea49c313a0_0;
    %store/vec4 v0x7fea49c31070_0, 0, 32;
    %jmp T_4.32;
T_4.28 ;
    %load/vec4 v0x7fea49c31430_0;
    %store/vec4 v0x7fea49c31070_0, 0, 32;
    %jmp T_4.32;
T_4.29 ;
    %load/vec4 v0x7fea49c31500_0;
    %store/vec4 v0x7fea49c31070_0, 0, 32;
    %jmp T_4.32;
T_4.30 ;
    %load/vec4 v0x7fea49c31660_0;
    %store/vec4 v0x7fea49c31070_0, 0, 32;
    %jmp T_4.32;
T_4.31 ;
    %load/vec4 v0x7fea49c31730_0;
    %store/vec4 v0x7fea49c31070_0, 0, 32;
    %jmp T_4.32;
T_4.32 ;
    %pop/vec4 1;
    %jmp T_4;
    .thread T_4, $push;
    .scope S_0x7fea49c277f0;
T_5 ;
    %wait E_0x7fea49c1cf10;
    %load/vec4 v0x7fea49c22690_0;
    %flag_set/vec4 8;
    %jmp/0xz  T_5.0, 8;
    %load/vec4 v0x7fea49c23570_0;
    %assign/vec4 v0x7fea49c19ef0_0, 0;
T_5.0 ;
    %jmp T_5;
    .thread T_5;
    .scope S_0x7fea49c27960;
T_6 ;
    %wait E_0x7fea49c1cf10;
    %load/vec4 v0x7fea49c1f9f0_0;
    %flag_set/vec4 8;
    %jmp/0xz  T_6.0, 8;
    %load/vec4 v0x7fea49c208d0_0;
    %assign/vec4 v0x7fea49c1eb10_0, 0;
T_6.0 ;
    %jmp T_6;
    .thread T_6;
    .scope S_0x7fea49c28930;
T_7 ;
    %wait E_0x7fea49c1cf10;
    %load/vec4 v0x7fea49c21bd0_0;
    %flag_set/vec4 8;
    %jmp/0xz  T_7.0, 8;
    %load/vec4 v0x7fea49c22b40_0;
    %assign/vec4 v0x7fea49c21c60_0, 0;
T_7.0 ;
    %jmp T_7;
    .thread T_7;
    .scope S_0x7fea49c2aba0;
T_8 ;
    %wait E_0x7fea49c1cf10;
    %load/vec4 v0x7fea49c2ae30_0;
    %flag_set/vec4 8;
    %jmp/0xz  T_8.0, 8;
    %load/vec4 v0x7fea49c2ada0_0;
    %assign/vec4 v0x7fea49c2aec0_0, 0;
T_8.0 ;
    %jmp T_8;
    .thread T_8;
    .scope S_0x7fea49c2b6b0;
T_9 ;
    %wait E_0x7fea49c1cf10;
    %load/vec4 v0x7fea49c2b940_0;
    %flag_set/vec4 8;
    %jmp/0xz  T_9.0, 8;
    %load/vec4 v0x7fea49c2b8b0_0;
    %assign/vec4 v0x7fea49c2b9d0_0, 0;
T_9.0 ;
    %jmp T_9;
    .thread T_9;
    .scope S_0x7fea49c2ba60;
T_10 ;
    %wait E_0x7fea49c1cf10;
    %load/vec4 v0x7fea49c2bcf0_0;
    %flag_set/vec4 8;
    %jmp/0xz  T_10.0, 8;
    %load/vec4 v0x7fea49c2bc60_0;
    %assign/vec4 v0x7fea49c2bd80_0, 0;
T_10.0 ;
    %jmp T_10;
    .thread T_10;
    .scope S_0x7fea49c2be80;
T_11 ;
    %wait E_0x7fea49c1cf10;
    %load/vec4 v0x7fea49c2c1e0_0;
    %flag_set/vec4 8;
    %jmp/0xz  T_11.0, 8;
    %load/vec4 v0x7fea49c2c140_0;
    %assign/vec4 v0x7fea49c2c290_0, 0;
T_11.0 ;
    %jmp T_11;
    .thread T_11;
    .scope S_0x7fea49c2c3a0;
T_12 ;
    %wait E_0x7fea49c1cf10;
    %load/vec4 v0x7fea49c2c700_0;
    %flag_set/vec4 8;
    %jmp/0xz  T_12.0, 8;
    %load/vec4 v0x7fea49c2c660_0;
    %assign/vec4 v0x7fea49c2c7b0_0, 0;
T_12.0 ;
    %jmp T_12;
    .thread T_12;
    .scope S_0x7fea49c2c8c0;
T_13 ;
    %wait E_0x7fea49c1cf10;
    %load/vec4 v0x7fea49c2cc20_0;
    %flag_set/vec4 8;
    %jmp/0xz  T_13.0, 8;
    %load/vec4 v0x7fea49c2cb80_0;
    %assign/vec4 v0x7fea49c2ccd0_0, 0;
T_13.0 ;
    %jmp T_13;
    .thread T_13;
    .scope S_0x7fea49c2cde0;
T_14 ;
    %wait E_0x7fea49c1cf10;
    %load/vec4 v0x7fea49c2d140_0;
    %flag_set/vec4 8;
    %jmp/0xz  T_14.0, 8;
    %load/vec4 v0x7fea49c2d0a0_0;
    %assign/vec4 v0x7fea49c2d1f0_0, 0;
T_14.0 ;
    %jmp T_14;
    .thread T_14;
    .scope S_0x7fea49c27ad0;
T_15 ;
    %wait E_0x7fea49c1cf10;
    %load/vec4 v0x7fea49c1c5f0_0;
    %flag_set/vec4 8;
    %jmp/0xz  T_15.0, 8;
    %load/vec4 v0x7fea49c198e0_0;
    %assign/vec4 v0x7fea49c26200_0, 0;
T_15.0 ;
    %jmp T_15;
    .thread T_15;
    .scope S_0x7fea49c27c40;
T_16 ;
    %wait E_0x7fea49c1cf10;
    %load/vec4 v0x7fea49c23cf0_0;
    %flag_set/vec4 8;
    %jmp/0xz  T_16.0, 8;
    %load/vec4 v0x7fea49c24bd0_0;
    %assign/vec4 v0x7fea49c22e10_0, 0;
T_16.0 ;
    %jmp T_16;
    .thread T_16;
    .scope S_0x7fea49c27db0;
T_17 ;
    %wait E_0x7fea49c1cf10;
    %load/vec4 v0x7fea49c1e3b0_0;
    %flag_set/vec4 8;
    %jmp/0xz  T_17.0, 8;
    %load/vec4 v0x7fea49c20170_0;
    %assign/vec4 v0x7fea49c1d4d0_0, 0;
T_17.0 ;
    %jmp T_17;
    .thread T_17;
    .scope S_0x7fea49c27f20;
T_18 ;
    %wait E_0x7fea49c1cf10;
    %load/vec4 v0x7fea49c24180_0;
    %flag_set/vec4 8;
    %jmp/0xz  T_18.0, 8;
    %load/vec4 v0x7fea49c26960_0;
    %assign/vec4 v0x7fea49c25060_0, 0;
T_18.0 ;
    %jmp T_18;
    .thread T_18;
    .scope S_0x7fea49c28090;
T_19 ;
    %wait E_0x7fea49c1cf10;
    %load/vec4 v0x7fea49c1a2b0_0;
    %flag_set/vec4 8;
    %jmp/0xz  T_19.0, 8;
    %load/vec4 v0x7fea49c19ca0_0;
    %assign/vec4 v0x7fea49c19690_0, 0;
T_19.0 ;
    %jmp T_19;
    .thread T_19;
    .scope S_0x7fea49c28200;
T_20 ;
    %wait E_0x7fea49c1cf10;
    %load/vec4 v0x7fea49c214e0_0;
    %flag_set/vec4 8;
    %jmp/0xz  T_20.0, 8;
    %load/vec4 v0x7fea49c223c0_0;
    %assign/vec4 v0x7fea49c20600_0, 0;
T_20.0 ;
    %jmp T_20;
    .thread T_20;
    .scope S_0x7fea49c28370;
T_21 ;
    %wait E_0x7fea49c1cf10;
    %load/vec4 v0x7fea49c18be0_0;
    %flag_set/vec4 8;
    %jmp/0xz  T_21.0, 8;
    %load/vec4 v0x7fea49c1d960_0;
    %assign/vec4 v0x7fea49c1bb70_0, 0;
T_21.0 ;
    %jmp T_21;
    .thread T_21;
    .scope S_0x7fea49c284e0;
T_22 ;
    %wait E_0x7fea49c1cf10;
    %load/vec4 v0x7fea49c1a8c0_0;
    %flag_set/vec4 8;
    %jmp/0xz  T_22.0, 8;
    %load/vec4 v0x7fea49c1aed0_0;
    %assign/vec4 v0x7fea49c15280_0, 0;
T_22.0 ;
    %jmp T_22;
    .thread T_22;
    .scope S_0x7fea49c28650;
T_23 ;
    %wait E_0x7fea49c1cf10;
    %load/vec4 v0x7fea49c25750_0;
    %flag_set/vec4 8;
    %jmp/0xz  T_23.0, 8;
    %load/vec4 v0x7fea49c266c0_0;
    %assign/vec4 v0x7fea49c257e0_0, 0;
T_23.0 ;
    %jmp T_23;
    .thread T_23;
    .scope S_0x7fea49c287c0;
T_24 ;
    %wait E_0x7fea49c1cf10;
    %load/vec4 v0x7fea49c23990_0;
    %flag_set/vec4 8;
    %jmp/0xz  T_24.0, 8;
    %load/vec4 v0x7fea49c24900_0;
    %assign/vec4 v0x7fea49c23a20_0, 0;
T_24.0 ;
    %jmp T_24;
    .thread T_24;
    .scope S_0x7fea49c28aa0;
T_25 ;
    %wait E_0x7fea49c1cf10;
    %load/vec4 v0x7fea49c1fe10_0;
    %flag_set/vec4 8;
    %jmp/0xz  T_25.0, 8;
    %load/vec4 v0x7fea49c20d80_0;
    %assign/vec4 v0x7fea49c1fea0_0, 0;
T_25.0 ;
    %jmp T_25;
    .thread T_25;
    .scope S_0x7fea49c28c10;
T_26 ;
    %wait E_0x7fea49c1cf10;
    %load/vec4 v0x7fea49c1e050_0;
    %flag_set/vec4 8;
    %jmp/0xz  T_26.0, 8;
    %load/vec4 v0x7fea49c1efc0_0;
    %assign/vec4 v0x7fea49c1e0e0_0, 0;
T_26.0 ;
    %jmp T_26;
    .thread T_26;
    .scope S_0x7fea49c28d80;
T_27 ;
    %wait E_0x7fea49c1cf10;
    %load/vec4 v0x7fea49c1c290_0;
    %flag_set/vec4 8;
    %jmp/0xz  T_27.0, 8;
    %load/vec4 v0x7fea49c1d200_0;
    %assign/vec4 v0x7fea49c1c320_0, 0;
T_27.0 ;
    %jmp T_27;
    .thread T_27;
    .scope S_0x7fea49c28ef0;
T_28 ;
    %wait E_0x7fea49c1cf10;
    %load/vec4 v0x7fea49c1ca80_0;
    %flag_set/vec4 8;
    %jmp/0xz  T_28.0, 8;
    %load/vec4 v0x7fea49c1e840_0;
    %assign/vec4 v0x7fea49c294f0_0, 0;
T_28.0 ;
    %jmp T_28;
    .thread T_28;
    .scope S_0x7fea49c29580;
T_29 ;
    %wait E_0x7fea49c1cf10;
    %load/vec4 v0x7fea49c29810_0;
    %flag_set/vec4 8;
    %jmp/0xz  T_29.0, 8;
    %load/vec4 v0x7fea49c29780_0;
    %assign/vec4 v0x7fea49c298a0_0, 0;
T_29.0 ;
    %jmp T_29;
    .thread T_29;
    .scope S_0x7fea49c29930;
T_30 ;
    %wait E_0x7fea49c1cf10;
    %load/vec4 v0x7fea49c29bc0_0;
    %flag_set/vec4 8;
    %jmp/0xz  T_30.0, 8;
    %load/vec4 v0x7fea49c29b30_0;
    %assign/vec4 v0x7fea49c29c50_0, 0;
T_30.0 ;
    %jmp T_30;
    .thread T_30;
    .scope S_0x7fea49c29ce0;
T_31 ;
    %wait E_0x7fea49c1cf10;
    %load/vec4 v0x7fea49c29f70_0;
    %flag_set/vec4 8;
    %jmp/0xz  T_31.0, 8;
    %load/vec4 v0x7fea49c29ee0_0;
    %assign/vec4 v0x7fea49c2a000_0, 0;
T_31.0 ;
    %jmp T_31;
    .thread T_31;
    .scope S_0x7fea49c2a090;
T_32 ;
    %wait E_0x7fea49c1cf10;
    %load/vec4 v0x7fea49c2a320_0;
    %flag_set/vec4 8;
    %jmp/0xz  T_32.0, 8;
    %load/vec4 v0x7fea49c2a290_0;
    %assign/vec4 v0x7fea49c2a3b0_0, 0;
T_32.0 ;
    %jmp T_32;
    .thread T_32;
    .scope S_0x7fea49c2a440;
T_33 ;
    %wait E_0x7fea49c1cf10;
    %load/vec4 v0x7fea49c2a6d0_0;
    %flag_set/vec4 8;
    %jmp/0xz  T_33.0, 8;
    %load/vec4 v0x7fea49c2a640_0;
    %assign/vec4 v0x7fea49c2a760_0, 0;
T_33.0 ;
    %jmp T_33;
    .thread T_33;
    .scope S_0x7fea49c2a7f0;
T_34 ;
    %wait E_0x7fea49c1cf10;
    %load/vec4 v0x7fea49c2aa80_0;
    %flag_set/vec4 8;
    %jmp/0xz  T_34.0, 8;
    %load/vec4 v0x7fea49c2a9f0_0;
    %assign/vec4 v0x7fea49c2ab10_0, 0;
T_34.0 ;
    %jmp T_34;
    .thread T_34;
    .scope S_0x7fea49c2af50;
T_35 ;
    %wait E_0x7fea49c1cf10;
    %load/vec4 v0x7fea49c2b1e0_0;
    %flag_set/vec4 8;
    %jmp/0xz  T_35.0, 8;
    %load/vec4 v0x7fea49c2b150_0;
    %assign/vec4 v0x7fea49c2b270_0, 0;
T_35.0 ;
    %jmp T_35;
    .thread T_35;
    .scope S_0x7fea49c2b300;
T_36 ;
    %wait E_0x7fea49c1cf10;
    %load/vec4 v0x7fea49c2b590_0;
    %flag_set/vec4 8;
    %jmp/0xz  T_36.0, 8;
    %load/vec4 v0x7fea49c2b500_0;
    %assign/vec4 v0x7fea49c2b620_0, 0;
T_36.0 ;
    %jmp T_36;
    .thread T_36;
# The file index is used to find the file name in the following table.
:file_names 3;
    "N/A";
    "<interactive>";
    "register-file.v";
